2019-07-18 10:06:06.550162: I tensorflow/core/platform/cpu_feature_guard.cc:141] Your CPU supports instructions that this TensorFlow binary was not compiled to use: AVX2 FMA
2019-07-18 10:06:06.691550: I tensorflow/stream_executor/cuda/cuda_gpu_executor.cc:998] successful NUMA node read from SysFS had negative value (-1), but there must be at least one NUMA node, so returning NUMA node zero
2019-07-18 10:06:06.693274: I tensorflow/compiler/xla/service/service.cc:150] XLA service 0x5039800 executing computations on platform CUDA. Devices:
2019-07-18 10:06:06.693326: I tensorflow/compiler/xla/service/service.cc:158]   StreamExecutor device (0): GeForce GTX 1050 Ti, Compute Capability 6.1
2019-07-18 10:06:06.728262: I tensorflow/core/platform/profile_utils/cpu_utils.cc:94] CPU Frequency: 3692555000 Hz
2019-07-18 10:06:06.729031: I tensorflow/compiler/xla/service/service.cc:150] XLA service 0x50a3de0 executing computations on platform Host. Devices:
2019-07-18 10:06:06.729060: I tensorflow/compiler/xla/service/service.cc:158]   StreamExecutor device (0): <undefined>, <undefined>
2019-07-18 10:06:06.729443: I tensorflow/core/common_runtime/gpu/gpu_device.cc:1433] Found device 0 with properties: 
name: GeForce GTX 1050 Ti major: 6 minor: 1 memoryClockRate(GHz): 1.392
pciBusID: 0000:06:00.0
totalMemory: 3.94GiB freeMemory: 3.72GiB
2019-07-18 10:06:06.729464: I tensorflow/core/common_runtime/gpu/gpu_device.cc:1512] Adding visible gpu devices: 0
2019-07-18 10:06:06.731763: I tensorflow/core/common_runtime/gpu/gpu_device.cc:984] Device interconnect StreamExecutor with strength 1 edge matrix:
2019-07-18 10:06:06.731783: I tensorflow/core/common_runtime/gpu/gpu_device.cc:990]      0 
2019-07-18 10:06:06.731792: I tensorflow/core/common_runtime/gpu/gpu_device.cc:1003] 0:   N 
2019-07-18 10:06:06.732109: I tensorflow/core/common_runtime/gpu/gpu_device.cc:1115] Created TensorFlow device (/job:localhost/replica:0/task:0/device:GPU:0 with 3505 MB memory) -> physical GPU (device: 0, name: GeForce GTX 1050 Ti, pci bus id: 0000:06:00.0, compute capability: 6.1)
WARNING:tensorflow:From /usr/local/lib/python3.5/dist-packages/tensorflow/python/framework/op_def_library.py:263: colocate_with (from tensorflow.python.framework.ops) is deprecated and will be removed in a future version.
Instructions for updating:
Colocations handled automatically by placer.
WARNING:tensorflow:From /home/lirhea/mxxhcm/code/maddpg/sep-transfer-lstm-false/experiments/../maddpg_/common/tf_util.py:24: calling softmax (from tensorflow.python.ops.nn_ops) with dim is deprecated and will be removed in a future version.
Instructions for updating:
dim is deprecated, use axis instead
2019-07-18 10:06:12.161188: I tensorflow/stream_executor/dso_loader.cc:152] successfully opened CUDA library libcublas.so.10.0 locally
../checkpoints/policy_batch_size_512_buffer_size_1000000_num_task_1_history_length_1_train_data_name_chengdu_max_episode_len_500_save_rate_100_gamma_0.83_num_units_160_UAVnumber_6_size_map_10_radius_3.0_debug/
Using good policy maddpg and adv policy maddpg
Starting iterations...
Task index: 0, Episode number 1, energy consumption: 590.6258399751331, efficiency: 0.7388322524075303, time: 4.883
Task index: 0, Episode number 2, energy consumption: 592.5454138074875, efficiency: 0.5782672296808531, time: 3.787
Task index: 0, Episode number 3, energy consumption: 591.3992147253368, efficiency: 0.6251015746531178, time: 3.645
Task index: 0, Episode number 4, energy consumption: 589.1772939045389, efficiency: 0.695027357441641, time: 3.74
Task index: 0, Episode number 5, energy consumption: 589.1212243956954, efficiency: 0.8502365282807322, time: 3.674
Task index: 0, Episode number 6, energy consumption: 591.3844963280086, efficiency: 0.8899231501147846, time: 3.716
Task index: 0, Episode number 7, energy consumption: 588.7782159384359, efficiency: 0.6723304361409669, time: 3.842
Task index: 0, Episode number 8, energy consumption: 586.6508757545135, efficiency: 0.8490159881085289, time: 4.033
Task index: 0, Episode number 9, energy consumption: 592.2842184438256, efficiency: 0.9614173847825407, time: 3.885
Task index: 0, Episode number 10, energy consumption: 590.0031604888551, efficiency: 0.7277294832775902, time: 3.82
Task index: 0, Episode number 11, energy consumption: 591.8196476586724, efficiency: 0.6087585658036121, time: 3.733
Task index: 0, Episode number 12, energy consumption: 588.6059780389932, efficiency: 0.9221881543952068, time: 3.983
Task index: 0, Episode number 13, energy consumption: 593.7908900858994, efficiency: 0.7363293314823419, time: 3.89
Task index: 0, Episode number 14, energy consumption: 593.2082294027346, efficiency: 0.6557887735427468, time: 3.726
Task index: 0, Episode number 15, energy consumption: 589.4301855933867, efficiency: 0.5309652714796204, time: 3.772
Task index: 0, Episode number 16, energy consumption: 586.0014880264266, efficiency: 0.6174032223374778, time: 3.854
Task index: 0, Episode number 17, energy consumption: 591.677886465142, efficiency: 0.4736456524060523, time: 3.903
Task index: 0, Episode number 18, energy consumption: 591.1899369981944, efficiency: 0.6773150076189535, time: 3.847
Task index: 0, Episode number 19, energy consumption: 592.9837223690305, efficiency: 0.557426713624716, time: 3.947
Task index: 0, Episode number 20, energy consumption: 593.1157761405772, efficiency: 0.826502023346517, time: 3.791
Task index: 0, Episode number 21, energy consumption: 586.0320930891114, efficiency: 0.570809289525586, time: 3.74
Task index: 0, Episode number 22, energy consumption: 590.6048934074355, efficiency: 0.47914977113779417, time: 3.885
Task index: 0, Episode number 23, energy consumption: 592.5300819983717, efficiency: 0.6380731774363705, time: 3.844
Task index: 0, Episode number 24, energy consumption: 591.3830889580064, efficiency: 0.6083727358967699, time: 3.949
Task index: 0, Episode number 25, energy consumption: 592.5611630772653, efficiency: 0.8625338067797774, time: 3.857
Task index: 0, Episode number 26, energy consumption: 591.3798261811125, efficiency: 0.6127456166508751, time: 3.729
Task index: 0, Episode number 27, energy consumption: 593.7894368430965, efficiency: 0.8980902254463249, time: 3.699
Task index: 0, Episode number 28, energy consumption: 589.0505887919071, efficiency: 0.8051168159850117, time: 4.47
Task index: 0, Episode number 29, energy consumption: 593.6792947690461, efficiency: 0.44632377562483605, time: 4.094
Task index: 0, Episode number 30, energy consumption: 590.2640562282311, efficiency: 0.7778567511852944, time: 3.83
Task index: 0, Episode number 31, energy consumption: 593.0859536868157, efficiency: 0.5751290049492978, time: 4.052
Task index: 0, Episode number 32, energy consumption: 594.0048825919072, efficiency: 0.6770448586476613, time: 3.899
Task index: 0, Episode number 33, energy consumption: 590.9676104156666, efficiency: 0.8628371149594684, time: 4.101
Task index: 0, Episode number 34, energy consumption: 591.9525440261477, efficiency: 0.4835519760833623, time: 4.167
Task index: 0, Episode number 35, energy consumption: 593.1265100699017, efficiency: 0.5716330400456078, time: 4.486
Task index: 0, Episode number 36, energy consumption: 589.234624270926, efficiency: 0.6499162880183201, time: 4.313
Task index: 0, Episode number 37, energy consumption: 591.7505139141105, efficiency: 0.48483552215158093, time: 3.948
Task index: 0, Episode number 38, energy consumption: 588.5797058463952, efficiency: 0.5765882833205115, time: 4.1
Task index: 0, Episode number 39, energy consumption: 594.6531991496975, efficiency: 0.7521681564737838, time: 3.732
Task index: 0, Episode number 40, energy consumption: 594.876748482298, efficiency: 0.6150735493454043, time: 3.824
Task index: 0, Episode number 41, energy consumption: 592.9771120571069, efficiency: 0.4031683706953009, time: 3.801
Task index: 0, Episode number 42, energy consumption: 588.4996092776449, efficiency: 0.9339147054719662, time: 3.871
Task index: 0, Episode number 43, energy consumption: 586.517130037752, efficiency: 0.5426176968868756, time: 3.957
Task index: 0, Episode number 44, energy consumption: 591.0968934894162, efficiency: 0.8331991595192426, time: 3.662
Task index: 0, Episode number 45, energy consumption: 590.9302811628226, efficiency: 0.40390498501468264, time: 3.754
Task index: 0, Episode number 46, energy consumption: 585.3876142584961, efficiency: 1.0096677386021147, time: 3.679
Task index: 0, Episode number 47, energy consumption: 593.1199236161625, efficiency: 0.7745381262074628, time: 3.97
Task index: 0, Episode number 48, energy consumption: 587.2679846425452, efficiency: 0.5734877685786363, time: 3.872
Task index: 0, Episode number 49, energy consumption: 590.7547476233217, efficiency: 0.6942530583429325, time: 3.905
Task index: 0, Episode number 50, energy consumption: 589.332979368271, efficiency: 0.7303319392918787, time: 4.014
Task index: 0, Episode number 51, energy consumption: 589.0882052792919, efficiency: 0.4550007077206569, time: 3.868
Task index: 0, Episode number 52, energy consumption: 589.8781192227702, efficiency: 0.5090196434449765, time: 3.921
Task index: 0, Episode number 53, energy consumption: 587.0437721791335, efficiency: 0.6424723490151332, time: 3.881
Task index: 0, Episode number 54, energy consumption: 589.4276930618722, efficiency: 0.6600582833264956, time: 3.682
Task index: 0, Episode number 55, energy consumption: 590.9709156073494, efficiency: 0.6030333221730875, time: 3.725
Task index: 0, Episode number 56, energy consumption: 590.5212351135606, efficiency: 0.671812373145434, time: 3.952
Task index: 0, Episode number 57, energy consumption: 585.4487048196777, efficiency: 0.7283231964696204, time: 4.036
Task index: 0, Episode number 58, energy consumption: 590.9362232577519, efficiency: 0.7088848890239203, time: 3.848
Task index: 0, Episode number 59, energy consumption: 587.9453365700416, efficiency: 0.7027409991971567, time: 3.97
Task index: 0, Episode number 60, energy consumption: 589.7684378641936, efficiency: 0.7354316071335001, time: 4.043
Task index: 0, Episode number 61, energy consumption: 594.9461376074951, efficiency: 0.5206023256675576, time: 4.155
Task index: 0, Episode number 62, energy consumption: 588.4920859175149, efficiency: 0.5372846337855698, time: 4.004
Task index: 0, Episode number 63, energy consumption: 591.3896665946569, efficiency: 0.815779558500971, time: 4.029
Task index: 0, Episode number 64, energy consumption: 589.0316183798959, efficiency: 0.6309915561534712, time: 3.86
Task index: 0, Episode number 65, energy consumption: 586.5485339770258, efficiency: 0.7090692252477997, time: 3.835
Task index: 0, Episode number 66, energy consumption: 590.000678972041, efficiency: 0.5408500701048679, time: 3.809
Task index: 0, Episode number 67, energy consumption: 589.9850849352634, efficiency: 0.6188947610126315, time: 3.839
Task index: 0, Episode number 68, energy consumption: 595.1521701118804, efficiency: 0.6688021703614848, time: 3.657
Task index: 0, Episode number 69, energy consumption: 596.3743527920382, efficiency: 0.7549974593044267, time: 3.733
Task index: 0, Episode number 70, energy consumption: 589.0856668180821, efficiency: 0.40774306460534127, time: 3.84
Task index: 0, Episode number 71, energy consumption: 590.5457914649946, efficiency: 0.8240007242794543, time: 4.104
Task index: 0, Episode number 72, energy consumption: 594.2545498795861, efficiency: 0.7448230751754463, time: 3.856
Task index: 0, Episode number 73, energy consumption: 594.6073168286042, efficiency: 0.5220625605614142, time: 3.817
Task index: 0, Episode number 74, energy consumption: 589.7672410192615, efficiency: 0.4166624305473345, time: 4.037
Task index: 0, Episode number 75, energy consumption: 591.7759947742176, efficiency: 0.5352284368609102, time: 4.319
Task index: 0, Episode number 76, energy consumption: 589.8650390816358, efficiency: 0.46958808073562064, time: 4.27
Task index: 0, Episode number 77, energy consumption: 587.7820630031209, efficiency: 0.5286995627148598, time: 3.913
Task index: 0, Episode number 78, energy consumption: 593.3988708041704, efficiency: 0.7680031874771572, time: 4.371
Task index: 0, Episode number 79, energy consumption: 593.9317161123931, efficiency: 0.6287388933868678, time: 4.139
Task index: 0, Episode number 80, energy consumption: 588.5995277084248, efficiency: 0.5699998355953051, time: 3.994
Task index: 0, Episode number 81, energy consumption: 588.0911762634669, efficiency: 0.7738845066012281, time: 3.997
Task index: 0, Episode number 82, energy consumption: 588.3075234694744, efficiency: 0.5958096468529664, time: 3.999
Task index: 0, Episode number 83, energy consumption: 593.8212260959004, efficiency: 0.5390260507603309, time: 4.306
Task index: 0, Episode number 84, energy consumption: 589.1034317557492, efficiency: 0.7878139383147578, time: 3.85
Task index: 0, Episode number 85, energy consumption: 591.9671110090791, efficiency: 0.6463923994997692, time: 4.309
Task index: 0, Episode number 86, energy consumption: 587.1987971490954, efficiency: 0.6197235526393352, time: 4.025
Task index: 0, Episode number 87, energy consumption: 590.9694629678171, efficiency: 0.5084056801416886, time: 4.006
Task index: 0, Episode number 88, energy consumption: 591.5077880804162, efficiency: 0.6037090208652159, time: 4.094
Task index: 0, Episode number 89, energy consumption: 587.8890829887824, efficiency: 0.8011980827638674, time: 3.983
Task index: 0, Episode number 90, energy consumption: 593.9572927731746, efficiency: 0.7057359066764706, time: 3.926
Task index: 0, Episode number 91, energy consumption: 586.3572615730926, efficiency: 0.8454656025818272, time: 3.969
Task index: 0, Episode number 92, energy consumption: 587.6550630736091, efficiency: 0.6026033569019, time: 4.257
Task index: 0, Episode number 93, energy consumption: 589.107375792162, efficiency: 0.7845427552999181, time: 3.898
Task index: 0, Episode number 94, energy consumption: 589.1915167141642, efficiency: 0.4735840430264867, time: 3.939
Task index: 0, Episode number 95, energy consumption: 587.4075249574198, efficiency: 0.9888666409713545, time: 4.112
Task index: 0, Episode number 96, energy consumption: 591.0065191938204, efficiency: 0.5985673557938581, time: 3.822
Task index: 0, Episode number 97, energy consumption: 590.2370392181195, efficiency: 0.4855963577415067, time: 3.895
Task index: 0, Episode number 98, energy consumption: 589.9933427706418, efficiency: 0.6140365420709772, time: 4.003
Task index: 0, Episode number 99, energy consumption: 588.2884042134407, efficiency: 0.9128026339113976, time: 3.979
Task index: 0, Episode number 100, energy consumption: 590.550307244417, efficiency: 0.7207376953495032, time: 4.038
steps: 50000.0, episodes: 100, mean episode reward: -5133.049310381816, time: 395.181
Task index: 0, Episode number 101, energy consumption: 591.8129398037648, efficiency: 0.43742024056931145, time: 4.787
Task index: 0, Episode number 102, energy consumption: 590.5033290554532, efficiency: 0.7056466928936086, time: 4.194
Task index: 0, Episode number 103, energy consumption: 588.7642220077432, efficiency: 0.7433936551933246, time: 4.264
Task index: 0, Episode number 104, energy consumption: 593.7795327703526, efficiency: 0.5189063084696308, time: 3.919
Task index: 0, Episode number 105, energy consumption: 590.1865094188562, efficiency: 0.608948279030274, time: 4.007
Task index: 0, Episode number 106, energy consumption: 587.4329481775459, efficiency: 0.6189687101863169, time: 3.724
Task index: 0, Episode number 107, energy consumption: 585.0776700610604, efficiency: 0.8866503953183842, time: 4.038
Task index: 0, Episode number 108, energy consumption: 587.9615527276825, efficiency: 0.5581539961680363, time: 4.073
Task index: 0, Episode number 109, energy consumption: 588.2043292222746, efficiency: 0.41105183005982215, time: 4.299
Task index: 0, Episode number 110, energy consumption: 590.8052835497961, efficiency: 0.5943145215180438, time: 4.035
Task index: 0, Episode number 111, energy consumption: 590.6539224482024, efficiency: 0.5147410634572095, time: 3.973
Task index: 0, Episode number 112, energy consumption: 592.7709099947259, efficiency: 0.5953154397703282, time: 3.975
Task index: 0, Episode number 113, energy consumption: 592.8471227748306, efficiency: 0.8008239814686899, time: 3.922
Task index: 0, Episode number 114, energy consumption: 587.7467143644731, efficiency: 0.45701972901738225, time: 4.11
Task index: 0, Episode number 115, energy consumption: 595.1310506623996, efficiency: 0.758463856358549, time: 4.083
Task index: 0, Episode number 116, energy consumption: 589.9895646750069, efficiency: 0.49043497533994285, time: 3.94
Task index: 0, Episode number 117, energy consumption: 586.8975077279879, efficiency: 0.7415427303141033, time: 3.879
Task index: 0, Episode number 118, energy consumption: 591.1470631419003, efficiency: 0.7505683123756095, time: 4.436
Task index: 0, Episode number 119, energy consumption: 589.2544730434173, efficiency: 0.8774847377528221, time: 3.967
Task index: 0, Episode number 120, energy consumption: 591.978836671488, efficiency: 0.5149977792692763, time: 4.004
Task index: 0, Episode number 121, energy consumption: 594.5290221069085, efficiency: 0.5531037191573712, time: 3.951
Task index: 0, Episode number 122, energy consumption: 590.9254295330728, efficiency: 0.5497035863520352, time: 3.754
Task index: 0, Episode number 123, energy consumption: 589.4758164048932, efficiency: 0.6712651450345518, time: 4.045
Task index: 0, Episode number 124, energy consumption: 592.1290156842985, efficiency: 0.6018063636455308, time: 3.905
Task index: 0, Episode number 125, energy consumption: 590.192100720768, efficiency: 0.7054116188475984, time: 4.366
Task index: 0, Episode number 126, energy consumption: 587.5294964427028, efficiency: 0.5360794554601479, time: 4.32
Task index: 0, Episode number 127, energy consumption: 590.3505506684243, efficiency: 0.9829049451839729, time: 4.244
Task index: 0, Episode number 128, energy consumption: 589.7026095890675, efficiency: 0.6280801511091373, time: 4.013
Task index: 0, Episode number 129, energy consumption: 590.3566776802091, efficiency: 0.5575087534269413, time: 3.841
Task index: 0, Episode number 130, energy consumption: 592.0319151071591, efficiency: 0.596637207231979, time: 3.857
Task index: 0, Episode number 131, energy consumption: 591.6654393472203, efficiency: 0.7084023241618106, time: 3.874
Task index: 0, Episode number 132, energy consumption: 587.5813089433141, efficiency: 0.5984033033752835, time: 4.261
Task index: 0, Episode number 133, energy consumption: 586.9743882602405, efficiency: 0.6337811886576292, time: 4.314
Task index: 0, Episode number 134, energy consumption: 594.7612744987845, efficiency: 0.8310377310531067, time: 3.993
Task index: 0, Episode number 135, energy consumption: 591.1907222428908, efficiency: 0.7349560652759267, time: 4.005
Task index: 0, Episode number 136, energy consumption: 590.9139907468364, efficiency: 0.5298473110854051, time: 3.848
Task index: 0, Episode number 137, energy consumption: 589.7542837036793, efficiency: 0.6164669547288465, time: 3.673
Task index: 0, Episode number 138, energy consumption: 592.6958743341889, efficiency: 0.7178134766625288, time: 3.836
Task index: 0, Episode number 139, energy consumption: 590.6754815526043, efficiency: 0.6181696448678362, time: 3.868
Task index: 0, Episode number 140, energy consumption: 588.5809234672646, efficiency: 0.48274392546842876, time: 3.852
Task index: 0, Episode number 141, energy consumption: 589.2971690737809, efficiency: 0.6826439896065628, time: 4.009
Task index: 0, Episode number 142, energy consumption: 587.7777689290446, efficiency: 0.8490648062928353, time: 3.725
Task index: 0, Episode number 143, energy consumption: 591.5457961880812, efficiency: 0.7450473596052015, time: 3.862
Task index: 0, Episode number 144, energy consumption: 593.8600437889098, efficiency: 0.7290182006049513, time: 3.813
Task index: 0, Episode number 145, energy consumption: 590.4119694188915, efficiency: 0.5860126585745242, time: 4.035
Task index: 0, Episode number 146, energy consumption: 587.7661977650378, efficiency: 0.5090343349819588, time: 4.017
Task index: 0, Episode number 147, energy consumption: 594.4998268538878, efficiency: 0.6856287416453349, time: 3.841
Task index: 0, Episode number 148, energy consumption: 591.1748605974677, efficiency: 0.7475462409198198, time: 4.103
Task index: 0, Episode number 149, energy consumption: 591.1536594486653, efficiency: 0.6161208659043816, time: 3.868
Task index: 0, Episode number 150, energy consumption: 596.2108449397682, efficiency: 0.679917406897288, time: 3.891
Task index: 0, Episode number 151, energy consumption: 590.9287245921751, efficiency: 0.5597583626685331, time: 3.854
Task index: 0, Episode number 152, energy consumption: 589.3559758105263, efficiency: 0.5995126025099897, time: 3.88
Task index: 0, Episode number 153, energy consumption: 590.0001495091093, efficiency: 0.6312746082886269, time: 3.918
Task index: 0, Episode number 154, energy consumption: 592.0615767916869, efficiency: 0.7731644128363525, time: 3.843
Task index: 0, Episode number 155, energy consumption: 589.5003720397948, efficiency: 0.6698975222005226, time: 3.926
Task index: 0, Episode number 156, energy consumption: 589.1977766718827, efficiency: 0.7484015222510387, time: 4.143
Task index: 0, Episode number 157, energy consumption: 590.3107918518161, efficiency: 0.5487507836755315, time: 4.022
Task index: 0, Episode number 158, energy consumption: 588.1046721501212, efficiency: 0.5573623262526662, time: 3.91
Task index: 0, Episode number 159, energy consumption: 588.7137665830968, efficiency: 1.0095861281119591, time: 3.896
Task index: 0, Episode number 160, energy consumption: 589.6093680105986, efficiency: 0.5562194430459187, time: 3.797
Task index: 0, Episode number 161, energy consumption: 592.2115531131434, efficiency: 0.614013802576733, time: 3.816
Task index: 0, Episode number 162, energy consumption: 590.3434609378768, efficiency: 0.5016004583791759, time: 3.887
Task index: 0, Episode number 163, energy consumption: 590.621628623894, efficiency: 0.5214794451146377, time: 4.094
Task index: 0, Episode number 164, energy consumption: 586.0816474010786, efficiency: 0.6064178189646348, time: 3.766
Task index: 0, Episode number 165, energy consumption: 585.2656808771754, efficiency: 0.9140228965326919, time: 3.849
Task index: 0, Episode number 166, energy consumption: 588.8250221664907, efficiency: 0.7824610578778332, time: 3.798
Task index: 0, Episode number 167, energy consumption: 590.8183820925946, efficiency: 0.7884654268823184, time: 3.835
Task index: 0, Episode number 168, energy consumption: 590.9508773875995, efficiency: 0.5399852348125241, time: 3.852
Task index: 0, Episode number 169, energy consumption: 588.1256302906105, efficiency: 0.49724564710949515, time: 3.784
Task index: 0, Episode number 170, energy consumption: 590.3221104842572, efficiency: 0.6301517678037989, time: 3.843
Task index: 0, Episode number 171, energy consumption: 590.3214362969896, efficiency: 0.6937438995436047, time: 4.095
Task index: 0, Episode number 172, energy consumption: 587.5355565035485, efficiency: 0.5436659621467551, time: 3.747
Task index: 0, Episode number 173, energy consumption: 590.3705845017731, efficiency: 0.7975987991800931, time: 3.933
Task index: 0, Episode number 174, energy consumption: 588.2895510421971, efficiency: 0.8192619069906163, time: 3.933
Task index: 0, Episode number 175, energy consumption: 588.7776669448759, efficiency: 0.5944804995226611, time: 3.811
Task index: 0, Episode number 176, energy consumption: 592.6887779305922, efficiency: 0.7018139037309472, time: 3.802
Task index: 0, Episode number 177, energy consumption: 595.4011961871851, efficiency: 0.6092503965800995, time: 3.727
Task index: 0, Episode number 178, energy consumption: 586.4793176865295, efficiency: 0.9494395119818252, time: 3.92
Task index: 0, Episode number 179, energy consumption: 592.4487098603587, efficiency: 0.7309956737156456, time: 3.738
Task index: 0, Episode number 180, energy consumption: 591.4947564833075, efficiency: 0.7928715493578066, time: 3.745
Task index: 0, Episode number 181, energy consumption: 589.6326467208655, efficiency: 0.6920362580482493, time: 3.842
Task index: 0, Episode number 182, energy consumption: 597.0099772375506, efficiency: 0.7941962957543902, time: 3.703
Task index: 0, Episode number 183, energy consumption: 592.2073494471122, efficiency: 0.6368081760257213, time: 3.727
Task index: 0, Episode number 184, energy consumption: 589.1217790294982, efficiency: 0.45158834022058075, time: 3.827
Task index: 0, Episode number 185, energy consumption: 588.419940249329, efficiency: 0.7203415772676546, time: 3.854
Task index: 0, Episode number 186, energy consumption: 589.532009986921, efficiency: 0.6029059843089719, time: 4.026
Task index: 0, Episode number 187, energy consumption: 588.2643510231316, efficiency: 0.9088007474869084, time: 3.642
Task index: 0, Episode number 188, energy consumption: 593.3681071842633, efficiency: 0.6446375192266578, time: 3.81
Task index: 0, Episode number 189, energy consumption: 591.1654435523806, efficiency: 0.6037645256609404, time: 3.894
Task index: 0, Episode number 190, energy consumption: 591.5143170560798, efficiency: 0.6328405662196502, time: 3.623
Task index: 0, Episode number 191, energy consumption: 591.2870325601247, efficiency: 0.9701169842316488, time: 3.721
Task index: 0, Episode number 192, energy consumption: 590.2143795492148, efficiency: 0.6884754356003883, time: 3.806
Task index: 0, Episode number 193, energy consumption: 594.1715094846307, efficiency: 0.6958476101333251, time: 4.025
Task index: 0, Episode number 194, energy consumption: 589.9107434822282, efficiency: 0.5575290397447984, time: 3.822
Task index: 0, Episode number 195, energy consumption: 590.6283324228639, efficiency: 0.5879804183615343, time: 3.874
Task index: 0, Episode number 196, energy consumption: 584.7364108047274, efficiency: 0.643248812545888, time: 3.855
Task index: 0, Episode number 197, energy consumption: 588.9765939539758, efficiency: 0.9346039299074895, time: 3.689
Task index: 0, Episode number 198, energy consumption: 590.4595419905536, efficiency: 0.7963786325118783, time: 3.858
Task index: 0, Episode number 199, energy consumption: 588.0759238036713, efficiency: 0.6850162990083138, time: 3.752
Task index: 0, Episode number 200, energy consumption: 591.090813422138, efficiency: 0.41563473998200146, time: 3.706
steps: 100000.0, episodes: 200, mean episode reward: -5081.78906715746, time: 392.786
Task index: 0, Episode number 201, energy consumption: 590.096621805138, efficiency: 0.957443574519289, time: 4.613
Task index: 0, Episode number 202, energy consumption: 591.6928320559995, efficiency: 0.8124874138060982, time: 3.685
Task index: 0, Episode number 203, energy consumption: 590.0544640020306, efficiency: 0.6485848626283451, time: 3.772
Task index: 0, Episode number 204, energy consumption: 590.1346676573193, efficiency: 0.8824533612680734, time: 3.886
Task index: 0, Episode number 205, energy consumption: 593.423158385679, efficiency: 0.6777062133684896, time: 3.872
Task index: 0, Episode number 206, energy consumption: 594.4401794629642, efficiency: 0.6796722441302692, time: 3.851
Task index: 0, Episode number 207, energy consumption: 590.1925374611742, efficiency: 0.7274865019433241, time: 3.892
Task index: 0, Episode number 208, energy consumption: 589.6242144181102, efficiency: 0.647680514828036, time: 3.673
Task index: 0, Episode number 209, energy consumption: 590.2359205926653, efficiency: 0.6703731720016424, time: 3.854
Task index: 0, Episode number 210, energy consumption: 588.7190436944173, efficiency: 0.6410566753756866, time: 3.803
Task index: 0, Episode number 211, energy consumption: 593.746650445931, efficiency: 0.6879107045507387, time: 3.792
Task index: 0, Episode number 212, energy consumption: 592.6982085077271, efficiency: 1.0934094925659579, time: 3.949
Task index: 0, Episode number 213, energy consumption: 591.6898879126095, efficiency: 0.7019359213441027, time: 3.905
Task index: 0, Episode number 214, energy consumption: 589.8026892564226, efficiency: 0.5882740524039586, time: 4.001
Task index: 0, Episode number 215, energy consumption: 589.2657317681667, efficiency: 0.6138730749247252, time: 3.827
Task index: 0, Episode number 216, energy consumption: 587.2773501465973, efficiency: 0.5098771502622249, time: 3.68
Task index: 0, Episode number 217, energy consumption: 593.521128058171, efficiency: 0.7114947944043815, time: 3.673
Task index: 0, Episode number 218, energy consumption: 589.0087430905918, efficiency: 0.5440090543181727, time: 3.654
Task index: 0, Episode number 219, energy consumption: 588.6784728359589, efficiency: 0.5163824340417965, time: 3.798
Task index: 0, Episode number 220, energy consumption: 587.6202003384855, efficiency: 0.4990533452730017, time: 3.8
Task index: 0, Episode number 221, energy consumption: 588.0654990087431, efficiency: 0.6059393655026403, time: 3.804
Task index: 0, Episode number 222, energy consumption: 595.7100944654802, efficiency: 0.6872498551663984, time: 3.989
Task index: 0, Episode number 223, energy consumption: 594.6322698784151, efficiency: 0.5549286208223488, time: 3.835
Task index: 0, Episode number 224, energy consumption: 592.392070472187, efficiency: 0.724704169860171, time: 3.754
Task index: 0, Episode number 225, energy consumption: 587.289469148172, efficiency: 0.7487965104820455, time: 3.856
Task index: 0, Episode number 226, energy consumption: 590.8390613738419, efficiency: 0.7150248050483051, time: 3.791
Task index: 0, Episode number 227, energy consumption: 588.8607607427243, efficiency: 0.661184127856169, time: 3.819
Task index: 0, Episode number 228, energy consumption: 590.1842608806079, efficiency: 0.6457903577551567, time: 3.847
Task index: 0, Episode number 229, energy consumption: 595.9816742767019, efficiency: 0.636247629458442, time: 4.086
Task index: 0, Episode number 230, energy consumption: 588.2985862705006, efficiency: 0.44987265903599877, time: 3.796
Task index: 0, Episode number 231, energy consumption: 590.1482933423476, efficiency: 0.9844085803860922, time: 3.733
Task index: 0, Episode number 232, energy consumption: 591.6147431724042, efficiency: 0.5349866352052, time: 3.88
Task index: 0, Episode number 233, energy consumption: 589.9807437888154, efficiency: 0.5804658242763092, time: 3.817
Task index: 0, Episode number 234, energy consumption: 593.7126582414638, efficiency: 0.5140555251988055, time: 3.807
Task index: 0, Episode number 235, energy consumption: 587.5692356023336, efficiency: 0.6267225439877455, time: 3.86
Task index: 0, Episode number 236, energy consumption: 587.4437376278951, efficiency: 0.7322982155825363, time: 4.0
Task index: 0, Episode number 237, energy consumption: 590.2841719323469, efficiency: 0.5409209606801955, time: 4.169
Task index: 0, Episode number 238, energy consumption: 593.314918787585, efficiency: 0.7163932817524921, time: 3.868
Task index: 0, Episode number 239, energy consumption: 587.4276225639529, efficiency: 0.579290501189722, time: 3.912
Task index: 0, Episode number 240, energy consumption: 591.6481209500048, efficiency: 0.5515914454886351, time: 3.847
Task index: 0, Episode number 241, energy consumption: 591.5012298104546, efficiency: 0.8658178720381375, time: 3.782
Task index: 0, Episode number 242, energy consumption: 591.3509122027344, efficiency: 0.6450505552481262, time: 4.454
Task index: 0, Episode number 243, energy consumption: 592.6934059178144, efficiency: 0.5506557446181727, time: 3.854
Task index: 0, Episode number 244, energy consumption: 591.0425094996667, efficiency: 0.6416425923697671, time: 4.261
Task index: 0, Episode number 245, energy consumption: 590.171642811346, efficiency: 0.6795255267354601, time: 3.971
Task index: 0, Episode number 246, energy consumption: 588.4147762837833, efficiency: 0.6995254741777106, time: 3.662
Task index: 0, Episode number 247, energy consumption: 585.1916598985987, efficiency: 0.8484281352754636, time: 3.87
Task index: 0, Episode number 248, energy consumption: 588.4097752790192, efficiency: 0.6182534084765056, time: 3.916
Task index: 0, Episode number 249, energy consumption: 590.8164920368657, efficiency: 0.7551327089425532, time: 3.897
Task index: 0, Episode number 250, energy consumption: 583.7612780124937, efficiency: 0.6196135231452362, time: 3.802
Task index: 0, Episode number 251, energy consumption: 590.377272956604, efficiency: 0.7649218940432467, time: 3.881
Task index: 0, Episode number 252, energy consumption: 590.3129874043229, efficiency: 0.5569707219193772, time: 3.904
Task index: 0, Episode number 253, energy consumption: 587.0846057143782, efficiency: 0.5065072435491996, time: 3.9
Task index: 0, Episode number 254, energy consumption: 584.7420836736201, efficiency: 0.5544585617150127, time: 3.75
Task index: 0, Episode number 255, energy consumption: 591.4752895154711, efficiency: 0.6525822383341596, time: 3.9
Task index: 0, Episode number 256, energy consumption: 589.2041614069448, efficiency: 0.7567754696832585, time: 3.766
Task index: 0, Episode number 257, energy consumption: 589.8844335981817, efficiency: 0.5439914807688262, time: 3.682
Task index: 0, Episode number 258, energy consumption: 592.8733205333874, efficiency: 0.5383909321024963, time: 3.69
Task index: 0, Episode number 259, energy consumption: 590.2308946188234, efficiency: 0.4698133775919831, time: 3.941
Task index: 0, Episode number 260, energy consumption: 594.5321247111011, efficiency: 0.5686634366573172, time: 3.835
Task index: 0, Episode number 261, energy consumption: 589.1980204030723, efficiency: 0.49956297737319233, time: 3.958
Task index: 0, Episode number 262, energy consumption: 588.8633103231728, efficiency: 0.7487794358906649, time: 3.921
Task index: 0, Episode number 263, energy consumption: 590.4604162266498, efficiency: 0.59708496172304, time: 3.886
Task index: 0, Episode number 264, energy consumption: 586.0920172414675, efficiency: 0.6547698673191256, time: 3.839
Task index: 0, Episode number 265, energy consumption: 590.2014722122389, efficiency: 0.5632342357565657, time: 3.74
Task index: 0, Episode number 266, energy consumption: 591.3795400295338, efficiency: 0.6053503686092, time: 3.678
Task index: 0, Episode number 267, energy consumption: 587.8799223976581, efficiency: 0.536370318047497, time: 3.897
Task index: 0, Episode number 268, energy consumption: 588.2326764703693, efficiency: 0.5186893707168573, time: 3.674
Task index: 0, Episode number 269, energy consumption: 593.3054491393885, efficiency: 0.612555708136497, time: 3.682
Task index: 0, Episode number 270, energy consumption: 588.513602726752, efficiency: 0.38268637175934056, time: 3.687
Task index: 0, Episode number 271, energy consumption: 591.3371442287229, efficiency: 0.49138183230984, time: 3.681
Task index: 0, Episode number 272, energy consumption: 589.3778206200176, efficiency: 0.6717342247007048, time: 3.414
Task index: 0, Episode number 273, energy consumption: 591.4928830517784, efficiency: 0.7870074091426823, time: 3.526
Task index: 0, Episode number 274, energy consumption: 585.1080924695785, efficiency: 0.6461464979105376, time: 3.865
Task index: 0, Episode number 275, energy consumption: 593.8804822175751, efficiency: 0.9921055593930925, time: 3.659
Task index: 0, Episode number 276, energy consumption: 592.4878829985367, efficiency: 0.6325181873647442, time: 3.776
Task index: 0, Episode number 277, energy consumption: 590.5554200602533, efficiency: 0.9952154871904928, time: 3.675
Task index: 0, Episode number 278, energy consumption: 589.0475170791907, efficiency: 0.6740094070164208, time: 3.693
Task index: 0, Episode number 279, energy consumption: 588.4361135675907, efficiency: 0.8479232730059603, time: 3.665
Task index: 0, Episode number 280, energy consumption: 589.7197110409155, efficiency: 0.7886829228121165, time: 3.674
Task index: 0, Episode number 281, energy consumption: 591.416491305273, efficiency: 0.7662781005194417, time: 3.717
Task index: 0, Episode number 282, energy consumption: 588.7894885996775, efficiency: 0.768775618581919, time: 3.963
Task index: 0, Episode number 283, energy consumption: 585.7644653227119, efficiency: 0.6349748001796017, time: 3.789
Task index: 0, Episode number 284, energy consumption: 591.6310587850289, efficiency: 0.564050995043352, time: 3.879
Task index: 0, Episode number 285, energy consumption: 587.7255890763475, efficiency: 0.5774824536457925, time: 3.691
Task index: 0, Episode number 286, energy consumption: 587.5393602888787, efficiency: 0.7303705502386858, time: 3.671
Task index: 0, Episode number 287, energy consumption: 586.8255763027527, efficiency: 0.6255642030159213, time: 3.682
Task index: 0, Episode number 288, energy consumption: 591.0276752008875, efficiency: 0.4370013323094874, time: 3.672
Task index: 0, Episode number 289, energy consumption: 589.6700456670798, efficiency: 0.8049043271604537, time: 3.879
Task index: 0, Episode number 290, energy consumption: 588.4151733348596, efficiency: 0.6261176081619195, time: 3.662
Task index: 0, Episode number 291, energy consumption: 587.3715090051187, efficiency: 0.5396357919084857, time: 3.709
Task index: 0, Episode number 292, energy consumption: 588.680627002587, efficiency: 0.8027741154841131, time: 3.697
Task index: 0, Episode number 293, energy consumption: 589.780418657737, efficiency: 0.656463663574848, time: 3.689
Task index: 0, Episode number 294, energy consumption: 590.8888409551246, efficiency: 0.6640866886135367, time: 3.699
Task index: 0, Episode number 295, energy consumption: 592.4599956760194, efficiency: 0.5522781089159603, time: 3.67
Task index: 0, Episode number 296, energy consumption: 590.736704245927, efficiency: 0.7616852642101776, time: 3.678
Task index: 0, Episode number 297, energy consumption: 588.1272610811161, efficiency: 0.642283664384174, time: 3.882
Task index: 0, Episode number 298, energy consumption: 587.8652928959427, efficiency: 0.6227330465527563, time: 3.653
Task index: 0, Episode number 299, energy consumption: 587.7114275261387, efficiency: 0.4385469231983067, time: 3.667
Task index: 0, Episode number 300, energy consumption: 588.4746073979651, efficiency: 0.5538189664272171, time: 3.708
steps: 150000.0, episodes: 300, mean episode reward: -5058.138525611733, time: 381.283
Task index: 0, Episode number 301, energy consumption: 587.1415041433146, efficiency: 0.6592632295018891, time: 4.487
Task index: 0, Episode number 302, energy consumption: 588.2646258110395, efficiency: 0.9457966262640166, time: 3.694
Task index: 0, Episode number 303, energy consumption: 588.0414693115039, efficiency: 0.6023216214676197, time: 3.885
Task index: 0, Episode number 304, energy consumption: 591.2108545529856, efficiency: 0.3820676227282236, time: 3.683
Task index: 0, Episode number 305, energy consumption: 586.8743517148253, efficiency: 0.520917894101616, time: 3.679
Task index: 0, Episode number 306, energy consumption: 591.8278792359316, efficiency: 0.8361365995945726, time: 3.354
Task index: 0, Episode number 307, energy consumption: 589.4234595251069, efficiency: 0.7513661182006502, time: 3.785
Task index: 0, Episode number 308, energy consumption: 589.6555521370639, efficiency: 0.76092334503258, time: 3.69
Task index: 0, Episode number 309, energy consumption: 589.3974605751691, efficiency: 0.5289927959556667, time: 3.763
Task index: 0, Episode number 310, energy consumption: 586.4891266376375, efficiency: 0.5175303628789197, time: 3.987
Task index: 0, Episode number 311, energy consumption: 586.6979464174176, efficiency: 0.546307589209006, time: 3.688
Task index: 0, Episode number 312, energy consumption: 594.8012832399164, efficiency: 0.5028473612533225, time: 3.731
Task index: 0, Episode number 313, energy consumption: 593.1357958478462, efficiency: 0.6253686256017298, time: 3.674
Task index: 0, Episode number 314, energy consumption: 591.06262753685, efficiency: 0.622955490781157, time: 3.852
Task index: 0, Episode number 315, energy consumption: 593.1136726687122, efficiency: 0.903423068369186, time: 3.672
Task index: 0, Episode number 316, energy consumption: 591.7385337749083, efficiency: 0.7993028115791974, time: 3.479
Task index: 0, Episode number 317, energy consumption: 586.1736514138388, efficiency: 0.8237865407015178, time: 3.691
Task index: 0, Episode number 318, energy consumption: 591.2478649739414, efficiency: 0.40943153847584923, time: 3.861
Task index: 0, Episode number 319, energy consumption: 589.7034846976636, efficiency: 0.5915873637694637, time: 3.67
Task index: 0, Episode number 320, energy consumption: 588.3047235076374, efficiency: 0.6129383738373295, time: 3.677
Task index: 0, Episode number 321, energy consumption: 590.482715052498, efficiency: 0.5573706193320691, time: 3.707
Task index: 0, Episode number 322, energy consumption: 589.556982177547, efficiency: 0.5790982856519244, time: 3.838
Task index: 0, Episode number 323, energy consumption: 589.0810821356087, efficiency: 0.7396020434385764, time: 3.792
Task index: 0, Episode number 324, energy consumption: 592.0635151121992, efficiency: 0.7137884666685445, time: 3.788
Task index: 0, Episode number 325, energy consumption: 591.0533919257601, efficiency: 0.48907621823119374, time: 4.111
Task index: 0, Episode number 326, energy consumption: 589.1229899545439, efficiency: 0.5935564655592853, time: 3.782
Task index: 0, Episode number 327, energy consumption: 591.3079559574938, efficiency: 0.8662357179482731, time: 3.787
Task index: 0, Episode number 328, energy consumption: 591.2067781510864, efficiency: 0.6989779785686947, time: 3.704
Task index: 0, Episode number 329, energy consumption: 586.2016626908077, efficiency: 0.5647647422673009, time: 3.821
Task index: 0, Episode number 330, energy consumption: 588.1095425655694, efficiency: 0.3740824980538432, time: 3.794
Task index: 0, Episode number 331, energy consumption: 585.4234024519689, efficiency: 0.48391664504683096, time: 3.9
Task index: 0, Episode number 332, energy consumption: 589.0315747738406, efficiency: 0.4399532178265463, time: 3.877
Task index: 0, Episode number 333, energy consumption: 589.8745803013447, efficiency: 1.0287621256989694, time: 4.099
Task index: 0, Episode number 334, energy consumption: 590.0636459341478, efficiency: 0.7734841888270896, time: 3.805
Task index: 0, Episode number 335, energy consumption: 588.7303132626374, efficiency: 0.6584315008633159, time: 3.813
Task index: 0, Episode number 336, energy consumption: 593.4212763685061, efficiency: 0.5358055604975996, time: 3.717
Task index: 0, Episode number 337, energy consumption: 589.5755515824217, efficiency: 0.6795490422869996, time: 3.852
Task index: 0, Episode number 338, energy consumption: 588.021594150427, efficiency: 0.6098405802643806, time: 3.711
Task index: 0, Episode number 339, energy consumption: 591.4205676799121, efficiency: 0.7027659681284151, time: 3.69
Task index: 0, Episode number 340, energy consumption: 589.6299538701172, efficiency: 0.6397322648339445, time: 4.003
Task index: 0, Episode number 341, energy consumption: 587.8042132997548, efficiency: 0.5891024872091611, time: 3.909
Task index: 0, Episode number 342, energy consumption: 585.9734220818372, efficiency: 0.6569602161981848, time: 3.834
Task index: 0, Episode number 343, energy consumption: 592.5732539755763, efficiency: 0.5280364583514889, time: 3.65
Task index: 0, Episode number 344, energy consumption: 588.1660094122391, efficiency: 0.6413506313454544, time: 3.759
Task index: 0, Episode number 345, energy consumption: 589.2805301224752, efficiency: 0.5800353408570444, time: 3.804
Task index: 0, Episode number 346, energy consumption: 589.2132113533346, efficiency: 0.49527868658779217, time: 3.847
Task index: 0, Episode number 347, energy consumption: 591.6639396995089, efficiency: 0.5804881065330956, time: 3.891
Task index: 0, Episode number 348, energy consumption: 592.1621145220116, efficiency: 0.438043124522188, time: 4.095
Task index: 0, Episode number 349, energy consumption: 589.7556372220893, efficiency: 0.8141160218250155, time: 3.894
Task index: 0, Episode number 350, energy consumption: 591.7808757802196, efficiency: 0.6298429986639097, time: 3.843
Task index: 0, Episode number 351, energy consumption: 587.6337792341823, efficiency: 0.7875631519173593, time: 3.854
Task index: 0, Episode number 352, energy consumption: 584.3360604931712, efficiency: 0.5890107074415353, time: 3.704
Task index: 0, Episode number 353, energy consumption: 591.5247137048027, efficiency: 0.7317383018731044, time: 3.735
Task index: 0, Episode number 354, energy consumption: 591.8790209131735, efficiency: 0.6119984129202947, time: 3.889
Task index: 0, Episode number 355, energy consumption: 593.0203289779831, efficiency: 0.6659240603279405, time: 4.103
Task index: 0, Episode number 356, energy consumption: 593.2926241731143, efficiency: 0.9918901202853387, time: 3.67
Task index: 0, Episode number 357, energy consumption: 591.1807756025464, efficiency: 0.6784841999085606, time: 3.89
Task index: 0, Episode number 358, energy consumption: 586.7258077208058, efficiency: 0.7404393729887747, time: 3.788
Task index: 0, Episode number 359, energy consumption: 591.0992244504156, efficiency: 0.6550796335022393, time: 3.693
Task index: 0, Episode number 360, energy consumption: 587.4407223046522, efficiency: 0.7156202848156096, time: 3.685
Task index: 0, Episode number 361, energy consumption: 589.0844091811174, efficiency: 0.6915352617621626, time: 3.684
Task index: 0, Episode number 362, energy consumption: 587.4214279492426, efficiency: 0.3269022619905961, time: 3.71
Task index: 0, Episode number 363, energy consumption: 591.1518962342132, efficiency: 0.4338170048719111, time: 3.877
Task index: 0, Episode number 364, energy consumption: 591.3635816894956, efficiency: 0.6303096890055746, time: 3.678
Task index: 0, Episode number 365, energy consumption: 592.5620508048246, efficiency: 0.6915644216721645, time: 3.687
Task index: 0, Episode number 366, energy consumption: 590.9491417242808, efficiency: 0.46207791281500177, time: 3.693
Task index: 0, Episode number 367, energy consumption: 592.2118333113154, efficiency: 0.7836906945204861, time: 3.693
Task index: 0, Episode number 368, energy consumption: 588.3729405434426, efficiency: 0.6265122485993937, time: 3.673
Task index: 0, Episode number 369, energy consumption: 592.8150583539459, efficiency: 0.6274760775391978, time: 3.752
Task index: 0, Episode number 370, energy consumption: 591.4638315904818, efficiency: 0.522593729571184, time: 3.888
Task index: 0, Episode number 371, energy consumption: 587.8192497404137, efficiency: 0.6559861369421642, time: 3.654
Task index: 0, Episode number 372, energy consumption: 595.0089435126273, efficiency: 0.447273104464767, time: 3.676
Task index: 0, Episode number 373, energy consumption: 590.1829687316463, efficiency: 0.7827212585084963, time: 3.703
Task index: 0, Episode number 374, energy consumption: 588.9880819610319, efficiency: 0.6733055728557202, time: 3.675
Task index: 0, Episode number 375, energy consumption: 592.9236719757658, efficiency: 0.8215801989469906, time: 3.694
Task index: 0, Episode number 376, energy consumption: 598.2690251642445, efficiency: 0.5281863644833334, time: 3.691
Task index: 0, Episode number 377, energy consumption: 585.5710787074935, efficiency: 0.581807961654795, time: 3.679
Task index: 0, Episode number 378, energy consumption: 589.877655232062, efficiency: 0.6820177069930148, time: 3.873
Task index: 0, Episode number 379, energy consumption: 591.5373150078525, efficiency: 0.43501199243528765, time: 3.749
Task index: 0, Episode number 380, energy consumption: 589.8686359070934, efficiency: 0.8233429944130286, time: 3.715
Task index: 0, Episode number 381, energy consumption: 591.1879763433727, efficiency: 0.6500510654323555, time: 3.764
Task index: 0, Episode number 382, energy consumption: 590.2934273684336, efficiency: 0.6762287346941979, time: 3.875
Task index: 0, Episode number 383, energy consumption: 591.1412837488417, efficiency: 0.6841141391965117, time: 3.879
Task index: 0, Episode number 384, energy consumption: 591.705163327942, efficiency: 0.6213528879243511, time: 3.863
Task index: 0, Episode number 385, energy consumption: 592.5841428620099, efficiency: 0.5821423463279694, time: 3.984
Task index: 0, Episode number 386, energy consumption: 588.52562306418, efficiency: 0.840812273419935, time: 3.796
Task index: 0, Episode number 387, energy consumption: 593.668127233525, efficiency: 0.7076188950875824, time: 3.877
Task index: 0, Episode number 388, energy consumption: 593.091631954508, efficiency: 0.5684066279695437, time: 3.738
Task index: 0, Episode number 389, energy consumption: 591.8158135568669, efficiency: 0.6575185685754937, time: 3.736
Task index: 0, Episode number 390, energy consumption: 585.9184916272578, efficiency: 0.7928015767092914, time: 3.982
Task index: 0, Episode number 391, energy consumption: 592.9115749779884, efficiency: 0.3791204579892689, time: 3.804
Task index: 0, Episode number 392, energy consumption: 589.6397146787185, efficiency: 0.6131260371860455, time: 3.897
Task index: 0, Episode number 393, energy consumption: 590.687862674913, efficiency: 0.40413819197423073, time: 4.105
Task index: 0, Episode number 394, energy consumption: 586.5977696364139, efficiency: 0.5875075208417601, time: 3.911
Task index: 0, Episode number 395, energy consumption: 588.0437910183919, efficiency: 0.7369229922769145, time: 3.67
Task index: 0, Episode number 396, energy consumption: 593.7487973628049, efficiency: 0.47850312396774314, time: 3.657
Task index: 0, Episode number 397, energy consumption: 591.0891691097434, efficiency: 0.6650786450904064, time: 3.869
Task index: 0, Episode number 398, energy consumption: 588.1105081329529, efficiency: 0.717822786222578, time: 3.884
Task index: 0, Episode number 399, energy consumption: 587.489881919842, efficiency: 0.8204810275536286, time: 3.773
Task index: 0, Episode number 400, energy consumption: 589.7630937360677, efficiency: 0.7108139414230267, time: 4.065
steps: 200000.0, episodes: 400, mean episode reward: -5096.054168188274, time: 379.672
Task index: 0, Episode number 401, energy consumption: 587.4641480119748, efficiency: 0.7183149290889155, time: 4.698
Task index: 0, Episode number 402, energy consumption: 592.9552017130687, efficiency: 0.5303525192800608, time: 3.873
Task index: 0, Episode number 403, energy consumption: 590.0120559069186, efficiency: 0.7440342656405445, time: 3.827
Task index: 0, Episode number 404, energy consumption: 593.1715973753973, efficiency: 0.5085241088684268, time: 3.867
Task index: 0, Episode number 405, energy consumption: 593.2537693933203, efficiency: 0.4574082385371713, time: 3.867
Task index: 0, Episode number 406, energy consumption: 592.1466582678967, efficiency: 0.8461006424057511, time: 3.885
Task index: 0, Episode number 407, energy consumption: 587.0282646266124, efficiency: 0.8678165530762738, time: 4.12
Task index: 0, Episode number 408, energy consumption: 590.3639691622263, efficiency: 0.7355401944712698, time: 3.88
Task index: 0, Episode number 409, energy consumption: 588.1278154385949, efficiency: 0.5997120069928837, time: 3.867
Task index: 0, Episode number 410, energy consumption: 594.4346407509832, efficiency: 0.6779594631364974, time: 3.778
Task index: 0, Episode number 411, energy consumption: 592.6556290622449, efficiency: 0.6688809423147485, time: 3.497
Task index: 0, Episode number 412, energy consumption: 588.4965305464058, efficiency: 0.849861338848083, time: 3.948
Task index: 0, Episode number 413, energy consumption: 591.956691110253, efficiency: 0.6560365616126955, time: 3.787
Task index: 0, Episode number 414, energy consumption: 590.5853385602665, efficiency: 0.4090162049411201, time: 4.092
Task index: 0, Episode number 415, energy consumption: 589.7900871502997, efficiency: 0.5748970211597657, time: 3.788
Task index: 0, Episode number 416, energy consumption: 588.9027508986268, efficiency: 0.6064692249434743, time: 3.9
Task index: 0, Episode number 417, energy consumption: 589.8014293479418, efficiency: 0.7202288163186357, time: 3.899
Task index: 0, Episode number 418, energy consumption: 589.640877843132, efficiency: 0.8161162666218528, time: 3.729
Task index: 0, Episode number 419, energy consumption: 587.9319560219443, efficiency: 0.7992726347001176, time: 3.802
Task index: 0, Episode number 420, energy consumption: 587.3275307297114, efficiency: 0.7627143891834929, time: 3.928
Task index: 0, Episode number 421, energy consumption: 592.124753546775, efficiency: 0.6245594508552158, time: 4.05
Task index: 0, Episode number 422, energy consumption: 586.729771354717, efficiency: 0.8145797650282534, time: 3.919
Task index: 0, Episode number 423, energy consumption: 589.844426126217, efficiency: 0.9046779905152226, time: 3.742
Task index: 0, Episode number 424, energy consumption: 590.128350157823, efficiency: 0.5967337362835283, time: 3.934
Task index: 0, Episode number 425, energy consumption: 591.4072350790574, efficiency: 0.40313020976417624, time: 3.818
Task index: 0, Episode number 426, energy consumption: 592.2208668464533, efficiency: 0.5294686754993118, time: 3.785
Task index: 0, Episode number 427, energy consumption: 590.4756745984587, efficiency: 0.7899455507291973, time: 3.986
Task index: 0, Episode number 428, energy consumption: 586.5099083263414, efficiency: 0.5863320109539781, time: 3.981
Task index: 0, Episode number 429, energy consumption: 592.192906064654, efficiency: 0.7349426998566766, time: 4.051
Task index: 0, Episode number 430, energy consumption: 590.3182312214253, efficiency: 0.5638069565994965, time: 3.748
Task index: 0, Episode number 431, energy consumption: 592.3025267555638, efficiency: 0.7163514281363408, time: 3.786
Task index: 0, Episode number 432, energy consumption: 586.585263052685, efficiency: 0.6427068081789368, time: 4.129
Task index: 0, Episode number 433, energy consumption: 592.185611241369, efficiency: 0.6531092798052635, time: 4.338
Task index: 0, Episode number 434, energy consumption: 590.2962283932993, efficiency: 0.5437581161182344, time: 3.784
Task index: 0, Episode number 435, energy consumption: 592.105155708788, efficiency: 0.6079222452746924, time: 3.787
Task index: 0, Episode number 436, energy consumption: 591.5575440247709, efficiency: 0.8859554675932964, time: 4.014
Task index: 0, Episode number 437, energy consumption: 585.18845595811, efficiency: 0.8504082627302028, time: 3.751
Task index: 0, Episode number 438, energy consumption: 588.5678609667742, efficiency: 0.41936199098866506, time: 3.843
Task index: 0, Episode number 439, energy consumption: 587.6511345811346, efficiency: 0.8799271921068116, time: 3.812
Task index: 0, Episode number 440, energy consumption: 590.757027404719, efficiency: 0.814730141484523, time: 3.76
Task index: 0, Episode number 441, energy consumption: 588.5236936261457, efficiency: 0.6917975432955915, time: 3.834
Task index: 0, Episode number 442, energy consumption: 590.697334213004, efficiency: 0.55882739402201, time: 3.697
Task index: 0, Episode number 443, energy consumption: 594.4031166183464, efficiency: 0.7451741227498918, time: 3.793
Task index: 0, Episode number 444, energy consumption: 589.0883601898748, efficiency: 0.626695840280235, time: 3.911
Task index: 0, Episode number 445, energy consumption: 586.3938912546871, efficiency: 0.6445999254399046, time: 3.785
Task index: 0, Episode number 446, energy consumption: 587.3180135462359, efficiency: 0.7710402300911906, time: 3.824
Task index: 0, Episode number 447, energy consumption: 592.815174620903, efficiency: 0.6088568610326152, time: 3.772
Task index: 0, Episode number 448, energy consumption: 587.7078320338184, efficiency: 0.5153936549039074, time: 3.868
Task index: 0, Episode number 449, energy consumption: 594.945348436606, efficiency: 0.4748729072594569, time: 3.853
Task index: 0, Episode number 450, energy consumption: 589.1177775076612, efficiency: 0.4741623932155981, time: 3.774
Task index: 0, Episode number 451, energy consumption: 590.3564781297174, efficiency: 0.6254839939517639, time: 4.074
Task index: 0, Episode number 452, energy consumption: 591.869556756006, efficiency: 0.792571025789781, time: 3.995
Task index: 0, Episode number 453, energy consumption: 588.5611293845882, efficiency: 0.8055250693084418, time: 3.757
Task index: 0, Episode number 454, energy consumption: 589.1222091112633, efficiency: 0.8599791993482069, time: 3.801
Task index: 0, Episode number 455, energy consumption: 590.5241008739414, efficiency: 0.6736635957144422, time: 4.202
Task index: 0, Episode number 456, energy consumption: 587.1955935379483, efficiency: 0.5948785386938079, time: 3.915
Task index: 0, Episode number 457, energy consumption: 590.7067330637279, efficiency: 0.6304661241363302, time: 3.865
Task index: 0, Episode number 458, energy consumption: 593.1154217935965, efficiency: 0.836439822218949, time: 3.63
Task index: 0, Episode number 459, energy consumption: 587.1263161091114, efficiency: 0.44999582098328067, time: 4.031
Task index: 0, Episode number 460, energy consumption: 591.8351555879849, efficiency: 0.7183570827301884, time: 3.701
Task index: 0, Episode number 461, energy consumption: 588.9377002142979, efficiency: 0.6598192794816916, time: 3.705
Task index: 0, Episode number 462, energy consumption: 592.2408744323138, efficiency: 0.569811824663499, time: 3.787
Task index: 0, Episode number 463, energy consumption: 591.6623772550915, efficiency: 0.6109382027899648, time: 3.9
Task index: 0, Episode number 464, energy consumption: 588.6600158081313, efficiency: 0.6493497667676017, time: 3.874
Task index: 0, Episode number 465, energy consumption: 589.0134865421891, efficiency: 0.6163363705902819, time: 3.877
Task index: 0, Episode number 466, energy consumption: 585.5004187358503, efficiency: 0.8973094854347922, time: 4.02
Task index: 0, Episode number 467, energy consumption: 592.4731918312863, efficiency: 0.8345913468006867, time: 3.866
Task index: 0, Episode number 468, energy consumption: 590.8140279384646, efficiency: 0.6163032126626306, time: 3.722
Task index: 0, Episode number 469, energy consumption: 589.9751565623231, efficiency: 0.6895593687265111, time: 3.773
Task index: 0, Episode number 470, energy consumption: 589.1225418216052, efficiency: 0.6068841095578398, time: 3.72
Task index: 0, Episode number 471, energy consumption: 591.8149263866987, efficiency: 0.5887071795434687, time: 3.892
Task index: 0, Episode number 472, energy consumption: 596.0054721849405, efficiency: 0.6359907904317118, time: 3.89
Task index: 0, Episode number 473, energy consumption: 593.5477112071877, efficiency: 0.5816630895322848, time: 3.852
Task index: 0, Episode number 474, energy consumption: 594.8724448364304, efficiency: 0.5910814075190273, time: 4.086
Task index: 0, Episode number 475, energy consumption: 590.3419210141993, efficiency: 0.8046954487972593, time: 3.748
Task index: 0, Episode number 476, energy consumption: 589.7467847147493, efficiency: 0.5377036815505184, time: 3.679
Task index: 0, Episode number 477, energy consumption: 587.8105701826655, efficiency: 0.8225882564577508, time: 3.776
Task index: 0, Episode number 478, energy consumption: 591.3721968460383, efficiency: 0.7396775264462899, time: 3.779
Task index: 0, Episode number 479, energy consumption: 591.459737926508, efficiency: 0.47903007278926096, time: 3.709
Task index: 0, Episode number 480, energy consumption: 590.8275478840595, efficiency: 0.610717074448747, time: 3.709
Task index: 0, Episode number 481, energy consumption: 586.4405040585547, efficiency: 0.5872287288893251, time: 3.912
Task index: 0, Episode number 482, energy consumption: 588.6625145954876, efficiency: 0.5709512899954821, time: 3.68
Task index: 0, Episode number 483, energy consumption: 594.1374477185904, efficiency: 0.6555512344288368, time: 3.691
Task index: 0, Episode number 484, energy consumption: 588.6470216875301, efficiency: 0.6757049289035134, time: 3.669
Task index: 0, Episode number 485, energy consumption: 588.7308870391513, efficiency: 0.6308176783330833, time: 3.693
Task index: 0, Episode number 486, energy consumption: 590.260189423513, efficiency: 0.630640764096883, time: 3.686
Task index: 0, Episode number 487, energy consumption: 590.950049714167, efficiency: 0.4464335154995377, time: 3.696
Task index: 0, Episode number 488, energy consumption: 587.1318291039676, efficiency: 0.665469078876941, time: 3.686
Task index: 0, Episode number 489, energy consumption: 587.4919881969029, efficiency: 0.5659588698840715, time: 3.884
Task index: 0, Episode number 490, energy consumption: 587.9248166314713, efficiency: 0.6999028018552127, time: 3.663
Task index: 0, Episode number 491, energy consumption: 587.6532589197401, efficiency: 0.9060587053720577, time: 3.681
Task index: 0, Episode number 492, energy consumption: 592.9033659957274, efficiency: 0.5818227063116479, time: 3.833
Task index: 0, Episode number 493, energy consumption: 588.2438380183859, efficiency: 0.6201422366071854, time: 3.896
Task index: 0, Episode number 494, energy consumption: 591.9775557243204, efficiency: 0.6586465274392171, time: 3.759
Task index: 0, Episode number 495, energy consumption: 589.7081371570306, efficiency: 0.7993694531896505, time: 3.686
Task index: 0, Episode number 496, energy consumption: 591.3363981185834, efficiency: 0.7493283913005117, time: 3.926
Task index: 0, Episode number 497, energy consumption: 587.9731527840114, efficiency: 0.5880328606655644, time: 3.743
Task index: 0, Episode number 498, energy consumption: 591.0351886851494, efficiency: 0.5374142123121325, time: 3.704
Task index: 0, Episode number 499, energy consumption: 587.7754082538203, efficiency: 0.5779333973979653, time: 3.75
Task index: 0, Episode number 500, energy consumption: 593.7790382651974, efficiency: 0.49106351999587255, time: 3.741
steps: 250000.0, episodes: 500, mean episode reward: -5076.502759558316, time: 384.447
Task index: 0, Episode number 501, energy consumption: 594.0383478362013, efficiency: 0.826289768302138, time: 4.491
Task index: 0, Episode number 502, energy consumption: 591.6993182488993, efficiency: 0.5052181514650963, time: 3.717
Task index: 0, Episode number 503, energy consumption: 589.8878933286267, efficiency: 0.8243192587518147, time: 3.926
Task index: 0, Episode number 504, energy consumption: 590.9306821178953, efficiency: 0.9004343930984582, time: 3.687
Task index: 0, Episode number 505, energy consumption: 587.1201911765987, efficiency: 0.5985194792908113, time: 3.712
Task index: 0, Episode number 506, energy consumption: 589.6156182638001, efficiency: 0.6140365167494892, time: 3.733
Task index: 0, Episode number 507, energy consumption: 592.2373665588899, efficiency: 0.42887586791464577, time: 3.683
Task index: 0, Episode number 508, energy consumption: 588.3929566884257, efficiency: 0.716375654049411, time: 3.723
Task index: 0, Episode number 509, energy consumption: 589.9937108535892, efficiency: 0.6190337960594995, time: 3.786
Task index: 0, Episode number 510, energy consumption: 590.9268637663038, efficiency: 0.5837771733828061, time: 3.899
Task index: 0, Episode number 511, energy consumption: 592.6417761816447, efficiency: 0.6050690784837871, time: 3.611
Task index: 0, Episode number 512, energy consumption: 591.3728395873198, efficiency: 0.3366992189299694, time: 6.5
Task index: 0, Episode number 513, energy consumption: 807.4637427735361, efficiency: 0.33748094748661783, time: 5.509
Task index: 0, Episode number 514, energy consumption: 669.1087882988631, efficiency: 0.4935020798379402, time: 5.649
Task index: 0, Episode number 515, energy consumption: 644.8938365414825, efficiency: 0.4926873077285512, time: 5.433
Task index: 0, Episode number 516, energy consumption: 624.8853373084279, efficiency: 0.2570708206146332, time: 5.437
Task index: 0, Episode number 517, energy consumption: 634.6345006326666, efficiency: 0.3100314634469231, time: 5.495
Task index: 0, Episode number 518, energy consumption: 680.7716606156075, efficiency: 0.2688562684064493, time: 5.488
Task index: 0, Episode number 519, energy consumption: 738.6652745128827, efficiency: 0.39673805187485084, time: 5.443
Task index: 0, Episode number 520, energy consumption: 754.8614656429478, efficiency: 0.42164907569901905, time: 5.437
Task index: 0, Episode number 521, energy consumption: 743.9849678655752, efficiency: 0.41773415435689226, time: 5.338
Task index: 0, Episode number 522, energy consumption: 734.1200144514737, efficiency: 0.7234877681110262, time: 5.491
Task index: 0, Episode number 523, energy consumption: 752.8347941821153, efficiency: 0.3787873697009944, time: 5.451
Task index: 0, Episode number 524, energy consumption: 753.1211519669599, efficiency: 0.25318882061930337, time: 5.365
Task index: 0, Episode number 525, energy consumption: 780.0468904429049, efficiency: 0.23069102849835588, time: 5.487
Task index: 0, Episode number 526, energy consumption: 798.1742991307757, efficiency: 0.19150525977900484, time: 5.612
Task index: 0, Episode number 527, energy consumption: 823.4213999274122, efficiency: 0.183111456870986, time: 5.715
Task index: 0, Episode number 528, energy consumption: 817.3756373161012, efficiency: 0.12741728110578884, time: 5.588
Task index: 0, Episode number 529, energy consumption: 792.0435276241695, efficiency: 0.17049943875142554, time: 5.666
Task index: 0, Episode number 530, energy consumption: 781.5540333885891, efficiency: 0.19940066225203307, time: 5.644
Task index: 0, Episode number 531, energy consumption: 770.5893940671948, efficiency: 0.2131058852348215, time: 5.615
Task index: 0, Episode number 532, energy consumption: 800.5802484729847, efficiency: 0.2727271508614314, time: 5.644
Task index: 0, Episode number 533, energy consumption: 788.3385534868688, efficiency: 0.2523282236365039, time: 5.433
Task index: 0, Episode number 534, energy consumption: 817.3374477037077, efficiency: 0.3080448092113289, time: 5.495
Task index: 0, Episode number 535, energy consumption: 818.4218962998411, efficiency: 0.3312370338118311, time: 5.648
Task index: 0, Episode number 536, energy consumption: 807.8414393848071, efficiency: 0.4578869324980109, time: 5.558
Task index: 0, Episode number 537, energy consumption: 797.9671815870041, efficiency: 0.29031402785740607, time: 5.45
Task index: 0, Episode number 538, energy consumption: 784.3909197341122, efficiency: 0.4760512353663165, time: 5.469
Task index: 0, Episode number 539, energy consumption: 766.4431000424333, efficiency: 0.2714920525325493, time: 5.348
Task index: 0, Episode number 540, energy consumption: 762.1258528697623, efficiency: 0.4043077880251024, time: 5.514
Task index: 0, Episode number 541, energy consumption: 732.4311402091862, efficiency: 0.3022509708494263, time: 5.401
Task index: 0, Episode number 542, energy consumption: 765.8122751245659, efficiency: 0.34184502220653873, time: 5.29
Task index: 0, Episode number 543, energy consumption: 738.6644559292282, efficiency: 0.3853996002453753, time: 5.521
Task index: 0, Episode number 544, energy consumption: 738.7302457775025, efficiency: 0.4256086897904724, time: 5.377
Task index: 0, Episode number 545, energy consumption: 725.4222882010527, efficiency: 0.2602257918092249, time: 5.336
Task index: 0, Episode number 546, energy consumption: 728.6874147406515, efficiency: 0.47231858041367347, time: 5.464
Task index: 0, Episode number 547, energy consumption: 724.1547823928939, efficiency: 0.7264133689899985, time: 5.425
Task index: 0, Episode number 548, energy consumption: 732.5416968875502, efficiency: 0.31684548850857935, time: 5.559
Task index: 0, Episode number 549, energy consumption: 759.3220275690779, efficiency: 0.35723088396852143, time: 5.278
Task index: 0, Episode number 550, energy consumption: 726.1770844118719, efficiency: 0.21655404064962136, time: 5.462
Task index: 0, Episode number 551, energy consumption: 741.8582257389744, efficiency: 0.511611817375473, time: 5.548
Task index: 0, Episode number 552, energy consumption: 728.6155161941783, efficiency: 0.31272973992976466, time: 5.391
Task index: 0, Episode number 553, energy consumption: 737.2643000420685, efficiency: 0.4516788881650563, time: 5.292
Task index: 0, Episode number 554, energy consumption: 736.5004787201884, efficiency: 0.36515756601112015, time: 5.507
Task index: 0, Episode number 555, energy consumption: 725.0752579928509, efficiency: 0.34981675319270855, time: 5.338
Task index: 0, Episode number 556, energy consumption: 698.2098111264099, efficiency: 0.28696777320191363, time: 5.496
Task index: 0, Episode number 557, energy consumption: 699.1017476591496, efficiency: 0.318239335281235, time: 5.271
Task index: 0, Episode number 558, energy consumption: 671.7070158143093, efficiency: 0.30804627495332754, time: 5.446
Task index: 0, Episode number 559, energy consumption: 694.7903213008864, efficiency: 0.4911807006819688, time: 5.457
Task index: 0, Episode number 560, energy consumption: 707.9407388670165, efficiency: 0.23140249770914512, time: 5.457
Task index: 0, Episode number 561, energy consumption: 690.0132099911921, efficiency: 0.37109297625697524, time: 5.415
Task index: 0, Episode number 562, energy consumption: 750.1542101443483, efficiency: 0.5139492587171478, time: 5.47
Task index: 0, Episode number 563, energy consumption: 730.9495991354623, efficiency: 0.30599055133306535, time: 5.332
Task index: 0, Episode number 564, energy consumption: 727.1108679229718, efficiency: 0.27004822503044423, time: 5.492
Task index: 0, Episode number 565, energy consumption: 701.7300878983211, efficiency: 0.40102319588891444, time: 5.328
Task index: 0, Episode number 566, energy consumption: 729.9175355628104, efficiency: 0.37659540840274003, time: 5.36
Task index: 0, Episode number 567, energy consumption: 759.4168613351376, efficiency: 0.2985799492246163, time: 5.5
Task index: 0, Episode number 568, energy consumption: 783.4973498554008, efficiency: 0.22524312332457463, time: 5.322
Task index: 0, Episode number 569, energy consumption: 780.7274017015135, efficiency: 0.23503496928878972, time: 5.748
Task index: 0, Episode number 570, energy consumption: 802.565413733433, efficiency: 0.4090317897738762, time: 5.352
Task index: 0, Episode number 571, energy consumption: 766.5738326414067, efficiency: 0.36067297396632797, time: 5.308
Task index: 0, Episode number 572, energy consumption: 772.7355949098237, efficiency: 0.25868609443844404, time: 5.828
Task index: 0, Episode number 573, energy consumption: 777.9454232903812, efficiency: 0.4591865642801781, time: 5.562
Task index: 0, Episode number 574, energy consumption: 795.8132952820118, efficiency: 0.3004673360274388, time: 5.633
Task index: 0, Episode number 575, energy consumption: 797.0516972644226, efficiency: 0.4036960859511655, time: 5.773
Task index: 0, Episode number 576, energy consumption: 829.3793618770914, efficiency: 0.30845099941928505, time: 5.495
Task index: 0, Episode number 577, energy consumption: 814.9989568985325, efficiency: 0.2711737307714954, time: 5.608
Task index: 0, Episode number 578, energy consumption: 830.1738242740785, efficiency: 0.2607298608379311, time: 5.607
Task index: 0, Episode number 579, energy consumption: 833.4427272495137, efficiency: 0.12565462428991273, time: 5.637
Task index: 0, Episode number 580, energy consumption: 829.5156966803797, efficiency: 0.3694603954820179, time: 5.831
Task index: 0, Episode number 581, energy consumption: 845.9532305651618, efficiency: 0.220994807469168, time: 5.633
Task index: 0, Episode number 582, energy consumption: 805.9392648318141, efficiency: 0.3473678622351257, time: 5.606
Task index: 0, Episode number 583, energy consumption: 796.6329863522559, efficiency: 0.3255784566215785, time: 5.832
Task index: 0, Episode number 584, energy consumption: 808.3790423064224, efficiency: 0.2605919284270417, time: 5.552
Task index: 0, Episode number 585, energy consumption: 820.5417955320091, efficiency: 0.42493997081531365, time: 5.694
Task index: 0, Episode number 586, energy consumption: 782.7131988072928, efficiency: 0.3946803154013652, time: 5.615
Task index: 0, Episode number 587, energy consumption: 798.7124104051022, efficiency: 0.23918110379175034, time: 5.648
Task index: 0, Episode number 588, energy consumption: 797.9268309255121, efficiency: 0.15349632502242505, time: 5.78
Task index: 0, Episode number 589, energy consumption: 811.9401303923241, efficiency: 0.3709590419630031, time: 5.528
Task index: 0, Episode number 590, energy consumption: 787.365003473445, efficiency: 0.3586641391456321, time: 5.465
Task index: 0, Episode number 591, energy consumption: 797.839650947803, efficiency: 0.2768569247085314, time: 5.662
Task index: 0, Episode number 592, energy consumption: 788.759529813452, efficiency: 0.4974529782495206, time: 5.519
Task index: 0, Episode number 593, energy consumption: 771.9890613276317, efficiency: 0.5328461161893271, time: 5.576
Task index: 0, Episode number 594, energy consumption: 781.4400929895455, efficiency: 0.5466247728731116, time: 5.543
Task index: 0, Episode number 595, energy consumption: 800.0270666973856, efficiency: 0.7250578465193732, time: 5.416
Task index: 0, Episode number 596, energy consumption: 797.6288934908443, efficiency: 0.3906957222038684, time: 5.423
Task index: 0, Episode number 597, energy consumption: 799.3333648909165, efficiency: 0.4555223140983236, time: 5.336
Task index: 0, Episode number 598, energy consumption: 795.998884613237, efficiency: 0.43775381763193366, time: 5.522
Task index: 0, Episode number 599, energy consumption: 787.0692015172161, efficiency: 0.44231995504732474, time: 5.783
Task index: 0, Episode number 600, energy consumption: 788.1592669887054, efficiency: 0.5251194427563186, time: 5.515
steps: 300000.0, episodes: 600, mean episode reward: -6227.475861113288, time: 533.458
Task index: 0, Episode number 601, energy consumption: 770.9832449493579, efficiency: 0.5614765157992913, time: 6.621
Task index: 0, Episode number 602, energy consumption: 754.1053187771104, efficiency: 0.596353795600627, time: 5.602
Task index: 0, Episode number 603, energy consumption: 733.3493027099743, efficiency: 0.3698678596243488, time: 5.862
Task index: 0, Episode number 604, energy consumption: 744.8645320784808, efficiency: 0.39877194452511466, time: 5.517
Task index: 0, Episode number 605, energy consumption: 735.9969561136977, efficiency: 0.34753399310846894, time: 5.315
Task index: 0, Episode number 606, energy consumption: 746.3404540760333, efficiency: 0.3548498032983423, time: 5.578
Task index: 0, Episode number 607, energy consumption: 758.3994136209068, efficiency: 0.26805838601991583, time: 5.453
Task index: 0, Episode number 608, energy consumption: 764.212004110134, efficiency: 0.19731211511657976, time: 5.329
Task index: 0, Episode number 609, energy consumption: 774.2261955283698, efficiency: 0.28689247810321644, time: 5.47
Task index: 0, Episode number 610, energy consumption: 773.9292490314346, efficiency: 0.20833666434003068, time: 5.306
Task index: 0, Episode number 611, energy consumption: 774.7990810094738, efficiency: 0.1893334650798831, time: 5.549
Task index: 0, Episode number 612, energy consumption: 764.9415174641053, efficiency: 0.4442567772666741, time: 5.53
Task index: 0, Episode number 613, energy consumption: 770.6809089905519, efficiency: 0.07964468237551751, time: 5.376
Task index: 0, Episode number 614, energy consumption: 782.1856057493528, efficiency: 0.08852647490993405, time: 5.551
Task index: 0, Episode number 615, energy consumption: 780.0285708290372, efficiency: 0.25938984106182456, time: 5.413
Task index: 0, Episode number 616, energy consumption: 772.5737835067849, efficiency: 0.2858219149249552, time: 5.362
Task index: 0, Episode number 617, energy consumption: 755.6854812481066, efficiency: 0.2677357242737652, time: 5.476
Task index: 0, Episode number 618, energy consumption: 729.7836301518145, efficiency: 0.36013240544185315, time: 5.32
Task index: 0, Episode number 619, energy consumption: 726.1733754450726, efficiency: 0.4527041613186519, time: 5.591
Task index: 0, Episode number 620, energy consumption: 722.0055557382649, efficiency: 0.18909024600925034, time: 5.511
Task index: 0, Episode number 621, energy consumption: 699.0210888059606, efficiency: 0.4675259369791918, time: 5.393
Task index: 0, Episode number 622, energy consumption: 754.0721971019079, efficiency: 0.15775116629969857, time: 5.657
Task index: 0, Episode number 623, energy consumption: 749.6913135493937, efficiency: 0.3010451537107166, time: 5.404