2019-07-18 10:53:20.825090: I tensorflow/core/platform/cpu_feature_guard.cc:141] Your CPU supports instructions that this TensorFlow binary was not compiled to use: AVX2 FMA
2019-07-18 10:53:20.836298: E tensorflow/stream_executor/cuda/cuda_driver.cc:300] failed call to cuInit: CUDA_ERROR_NO_DEVICE: no CUDA-capable device is detected
2019-07-18 10:53:20.836325: I tensorflow/stream_executor/cuda/cuda_diagnostics.cc:161] retrieving CUDA diagnostic information for host: lirhea-B450-AORUS-M
2019-07-18 10:53:20.836333: I tensorflow/stream_executor/cuda/cuda_diagnostics.cc:168] hostname: lirhea-B450-AORUS-M
2019-07-18 10:53:20.836359: I tensorflow/stream_executor/cuda/cuda_diagnostics.cc:192] libcuda reported version is: 418.56.0
2019-07-18 10:53:20.836377: I tensorflow/stream_executor/cuda/cuda_diagnostics.cc:196] kernel reported version is: 418.56.0
2019-07-18 10:53:20.836382: I tensorflow/stream_executor/cuda/cuda_diagnostics.cc:303] kernel version seems to match DSO: 418.56.0
2019-07-18 10:53:20.856267: I tensorflow/core/platform/profile_utils/cpu_utils.cc:94] CPU Frequency: 3692555000 Hz
2019-07-18 10:53:20.857012: I tensorflow/compiler/xla/service/service.cc:150] XLA service 0x52cea20 executing computations on platform Host. Devices:
2019-07-18 10:53:20.857036: I tensorflow/compiler/xla/service/service.cc:158]   StreamExecutor device (0): <undefined>, <undefined>
WARNING:tensorflow:From /usr/local/lib/python3.5/dist-packages/tensorflow/python/framework/op_def_library.py:263: colocate_with (from tensorflow.python.framework.ops) is deprecated and will be removed in a future version.
Instructions for updating:
Colocations handled automatically by placer.
WARNING:tensorflow:From /home/lirhea/mxxhcm/code/maddpg/sep-transfer-lstm-false/experiments/../maddpg_/common/tf_util.py:24: calling softmax (from tensorflow.python.ops.nn_ops) with dim is deprecated and will be removed in a future version.
Instructions for updating:
dim is deprecated, use axis instead
../checkpoints/policy_batch_size_512_buffer_size_1000000_num_task_1_history_length_1_train_data_name_chengdu_max_episode_len_500_save_rate_100_gamma_0.83_num_units_160_UAVnumber_6_size_map_10_radius_3.0_debug/
Using good policy maddpg and adv policy maddpg
Starting iterations...
Task index: 0, Episode number 1, energy consumption: 601.6574041486444, efficiency: 0.5808290416986814, time: 3.16
Task index: 0, Episode number 2, energy consumption: 596.135277118102, efficiency: 0.7157692019914863, time: 2.88
Task index: 0, Episode number 3, energy consumption: 595.2704881054182, efficiency: 0.7292451734773314, time: 2.759
Task index: 0, Episode number 4, energy consumption: 597.8690429153098, efficiency: 0.721161011620844, time: 2.659
Task index: 0, Episode number 5, energy consumption: 598.797817397414, efficiency: 0.6127762333102473, time: 2.736
Task index: 0, Episode number 6, energy consumption: 593.5087616720397, efficiency: 0.6956317494712801, time: 2.826
Task index: 0, Episode number 7, energy consumption: 597.7385865487487, efficiency: 0.6114311794405941, time: 2.765
Task index: 0, Episode number 8, energy consumption: 594.5454272720627, efficiency: 0.6232569038277056, time: 2.828
Task index: 0, Episode number 9, energy consumption: 597.540418529452, efficiency: 0.7395402080873416, time: 2.667
Task index: 0, Episode number 10, energy consumption: 598.5832722349044, efficiency: 0.6425779220211799, time: 2.818
Task index: 0, Episode number 11, energy consumption: 596.6671615487044, efficiency: 0.5769258488910665, time: 3.152
Task index: 0, Episode number 12, energy consumption: 594.6069972231581, efficiency: 0.6747112624147794, time: 3.234
Task index: 0, Episode number 13, energy consumption: 598.6060912357444, efficiency: 0.47756660692625563, time: 3.022
Task index: 0, Episode number 14, energy consumption: 599.2271684489393, efficiency: 0.4739473271000194, time: 3.187
Task index: 0, Episode number 15, energy consumption: 597.3762570915509, efficiency: 0.5449730426392919, time: 2.991
Task index: 0, Episode number 16, energy consumption: 596.58124697713, efficiency: 0.5921373837477469, time: 3.049
Task index: 0, Episode number 17, energy consumption: 596.3287315236142, efficiency: 0.5401425673188222, time: 2.863
Task index: 0, Episode number 18, energy consumption: 596.6388746437093, efficiency: 0.5253129292575289, time: 3.026
Task index: 0, Episode number 19, energy consumption: 594.3200559002104, efficiency: 0.5763252228907655, time: 3.04
Task index: 0, Episode number 20, energy consumption: 599.2710056143043, efficiency: 0.6894126148320573, time: 2.891
Task index: 0, Episode number 21, energy consumption: 597.702547995127, efficiency: 0.5996211864213026, time: 3.352
Task index: 0, Episode number 22, energy consumption: 595.234583952512, efficiency: 0.45905689654536763, time: 2.961
Task index: 0, Episode number 23, energy consumption: 596.4574533780013, efficiency: 0.5801569563384146, time: 3.002
Task index: 0, Episode number 24, energy consumption: 596.9500591120122, efficiency: 0.6400929551165043, time: 3.053
Task index: 0, Episode number 25, energy consumption: 597.4107141904245, efficiency: 0.5659956266929361, time: 3.077
Task index: 0, Episode number 26, energy consumption: 598.2763697010124, efficiency: 0.5504271946509308, time: 2.935
Task index: 0, Episode number 27, energy consumption: 593.6205148440409, efficiency: 0.7984168969412081, time: 3.022
Task index: 0, Episode number 28, energy consumption: 593.2128064357054, efficiency: 0.7328989303545155, time: 3.342
Task index: 0, Episode number 29, energy consumption: 591.5900618360224, efficiency: 0.557848529251246, time: 2.871
Task index: 0, Episode number 30, energy consumption: 596.6505307666254, efficiency: 0.5910980731300256, time: 2.971
Task index: 0, Episode number 31, energy consumption: 598.3171485375597, efficiency: 0.5305244549560552, time: 2.908
Task index: 0, Episode number 32, energy consumption: 598.8278910342882, efficiency: 0.7309965352772786, time: 2.866
Task index: 0, Episode number 33, energy consumption: 597.531584610685, efficiency: 0.6164024201230094, time: 2.896
Task index: 0, Episode number 34, energy consumption: 599.1889528978575, efficiency: 0.5347016386091259, time: 2.89
Task index: 0, Episode number 35, energy consumption: 598.062549532876, efficiency: 0.5700115723995935, time: 2.985
Task index: 0, Episode number 36, energy consumption: 591.9258292332635, efficiency: 0.4938247047744055, time: 2.905
Task index: 0, Episode number 37, energy consumption: 599.6167292322142, efficiency: 0.5807453647937745, time: 2.669
Task index: 0, Episode number 38, energy consumption: 595.0224085071243, efficiency: 0.6185056038951476, time: 2.792
Task index: 0, Episode number 39, energy consumption: 598.8241260418545, efficiency: 0.47707971093973267, time: 2.775
Task index: 0, Episode number 40, energy consumption: 592.7583704612464, efficiency: 0.41186078515635466, time: 2.788
Task index: 0, Episode number 41, energy consumption: 596.4329581242588, efficiency: 0.7002216502825581, time: 2.846
Task index: 0, Episode number 42, energy consumption: 596.1289141549365, efficiency: 0.4800841748183133, time: 2.96
Task index: 0, Episode number 43, energy consumption: 597.4446088220383, efficiency: 0.620057837482185, time: 2.653
Task index: 0, Episode number 44, energy consumption: 599.2350755992334, efficiency: 0.5817865022087354, time: 2.757
Task index: 0, Episode number 45, energy consumption: 594.5644511920431, efficiency: 0.6664535732029447, time: 2.692
Task index: 0, Episode number 46, energy consumption: 595.5863249961891, efficiency: 0.6386419779211402, time: 2.839
Task index: 0, Episode number 47, energy consumption: 593.8423886541469, efficiency: 0.6386364908409494, time: 2.711
Task index: 0, Episode number 48, energy consumption: 594.0004731557266, efficiency: 0.619957685355342, time: 2.711
Task index: 0, Episode number 49, energy consumption: 598.8992999796293, efficiency: 0.6457958487138767, time: 2.89
Task index: 0, Episode number 50, energy consumption: 599.6607148804234, efficiency: 0.49224121049307235, time: 2.752
Task index: 0, Episode number 51, energy consumption: 596.2134592873234, efficiency: 0.7253594634223399, time: 2.731
Task index: 0, Episode number 52, energy consumption: 593.9035424195094, efficiency: 0.5582111846827575, time: 2.728
Task index: 0, Episode number 53, energy consumption: 596.6920269723274, efficiency: 0.6934782208403591, time: 2.694
Task index: 0, Episode number 54, energy consumption: 597.6623442166093, efficiency: 0.7157263686570435, time: 2.679
Task index: 0, Episode number 55, energy consumption: 597.3186188020876, efficiency: 0.6951260935197148, time: 2.874
Task index: 0, Episode number 56, energy consumption: 596.6000377801182, efficiency: 0.5144353778209222, time: 2.906
Task index: 0, Episode number 57, energy consumption: 596.3236024512911, efficiency: 0.7509550969176654, time: 2.694
Task index: 0, Episode number 58, energy consumption: 597.461228588082, efficiency: 0.7749515428032805, time: 2.749
Task index: 0, Episode number 59, energy consumption: 595.2316377189572, efficiency: 0.5801528160545867, time: 3.062
Task index: 0, Episode number 60, energy consumption: 596.9529501560016, efficiency: 0.6431852996432157, time: 2.989
Task index: 0, Episode number 61, energy consumption: 596.8125293054369, efficiency: 0.5694182957068378, time: 2.987
Task index: 0, Episode number 62, energy consumption: 599.7168838637516, efficiency: 0.49848274527674324, time: 2.658
Task index: 0, Episode number 63, energy consumption: 595.855650344101, efficiency: 0.8321062636153818, time: 2.664
Task index: 0, Episode number 64, energy consumption: 598.2164239415946, efficiency: 0.5616282839177671, time: 2.79
Task index: 0, Episode number 65, energy consumption: 594.1207333502389, efficiency: 0.8744619188976074, time: 2.623
Task index: 0, Episode number 66, energy consumption: 593.9892065352736, efficiency: 0.6178899906805178, time: 2.599
Task index: 0, Episode number 67, energy consumption: 593.0332428218247, efficiency: 0.7168170987026681, time: 2.618
Task index: 0, Episode number 68, energy consumption: 596.0885024156438, efficiency: 0.9528491004308108, time: 2.845
Task index: 0, Episode number 69, energy consumption: 595.3564302155295, efficiency: 0.6881148136484593, time: 2.636
Task index: 0, Episode number 70, energy consumption: 601.067262875418, efficiency: 0.527239950421268, time: 2.802
Task index: 0, Episode number 71, energy consumption: 597.5991687984865, efficiency: 0.47447000315129534, time: 2.644
Task index: 0, Episode number 72, energy consumption: 596.6651884889084, efficiency: 0.7130629185309664, time: 2.67
Task index: 0, Episode number 73, energy consumption: 594.9742184919559, efficiency: 0.737428183915638, time: 2.659
Task index: 0, Episode number 74, energy consumption: 597.1105925237067, efficiency: 0.705347208441038, time: 2.64
Task index: 0, Episode number 75, energy consumption: 592.9717921819497, efficiency: 0.5593138976619321, time: 2.639
Task index: 0, Episode number 76, energy consumption: 597.8086511485452, efficiency: 0.7904457901283442, time: 2.709
Task index: 0, Episode number 77, energy consumption: 598.3868481424897, efficiency: 0.6488066480904033, time: 2.845
Task index: 0, Episode number 78, energy consumption: 598.845556794313, efficiency: 0.5668448903344588, time: 2.678
Task index: 0, Episode number 79, energy consumption: 597.2713387934073, efficiency: 0.4974358480966551, time: 2.675
Task index: 0, Episode number 80, energy consumption: 597.5597595164041, efficiency: 0.7061341748665746, time: 2.624
Task index: 0, Episode number 81, energy consumption: 594.7568411425829, efficiency: 0.6068061186319508, time: 2.694
Task index: 0, Episode number 82, energy consumption: 593.5142446381852, efficiency: 0.5548544486202154, time: 2.958
Task index: 0, Episode number 83, energy consumption: 598.8813526908283, efficiency: 0.7176631942962752, time: 2.848
Task index: 0, Episode number 84, energy consumption: 595.7873009686879, efficiency: 0.6820984223571156, time: 3.157
Task index: 0, Episode number 85, energy consumption: 596.3795529344126, efficiency: 0.686239590661284, time: 2.67
Task index: 0, Episode number 86, energy consumption: 596.45413483333, efficiency: 0.6266483298210619, time: 2.681
Task index: 0, Episode number 87, energy consumption: 600.9821146142226, efficiency: 0.47115791435655624, time: 2.667
Task index: 0, Episode number 88, energy consumption: 596.3693930635212, efficiency: 0.6311629769639432, time: 2.805
Task index: 0, Episode number 89, energy consumption: 589.9831339322712, efficiency: 0.8193586114390804, time: 2.958
Task index: 0, Episode number 90, energy consumption: 594.117516634065, efficiency: 0.6848078198608516, time: 3.071
Task index: 0, Episode number 91, energy consumption: 596.8831474730295, efficiency: 0.6810003559897405, time: 3.186
Task index: 0, Episode number 92, energy consumption: 595.617253990385, efficiency: 0.6829063481161507, time: 2.967
Task index: 0, Episode number 93, energy consumption: 596.288917439574, efficiency: 0.5616231803131302, time: 2.978
Task index: 0, Episode number 94, energy consumption: 598.5375259716363, efficiency: 0.7466015806738359, time: 3.011
Task index: 0, Episode number 95, energy consumption: 598.5605773509849, efficiency: 0.6289858521685039, time: 2.857
Task index: 0, Episode number 96, energy consumption: 598.2880453911481, efficiency: 0.6001399476271103, time: 3.054
Task index: 0, Episode number 97, energy consumption: 601.2800110702873, efficiency: 0.546272542987763, time: 2.974
Task index: 0, Episode number 98, energy consumption: 594.586995985945, efficiency: 0.7155675169604173, time: 3.13
Task index: 0, Episode number 99, energy consumption: 598.9687702190515, efficiency: 0.6152047518929483, time: 3.057
Task index: 0, Episode number 100, energy consumption: 599.8406706610019, efficiency: 0.45463414926657586, time: 2.844
steps: 50000.0, episodes: 100, mean episode reward: -5669.3023116735985, time: 286.795
Task index: 0, Episode number 101, energy consumption: 596.6182320429863, efficiency: 0.5873740523970852, time: 4.06
Task index: 0, Episode number 102, energy consumption: 600.3360769324902, efficiency: 0.43919545413310274, time: 3.001
Task index: 0, Episode number 103, energy consumption: 598.5776752914387, efficiency: 0.6933042783740248, time: 3.211
Task index: 0, Episode number 104, energy consumption: 594.5902752221651, efficiency: 0.8100777431130504, time: 3.077
Task index: 0, Episode number 105, energy consumption: 597.9858665883019, efficiency: 0.6134534824556436, time: 2.942
Task index: 0, Episode number 106, energy consumption: 596.3633411554426, efficiency: 0.7566611360840213, time: 3.067
Task index: 0, Episode number 107, energy consumption: 595.3489865468367, efficiency: 0.8411138772592295, time: 3.124
Task index: 0, Episode number 108, energy consumption: 594.7262507949449, efficiency: 0.7417226760094845, time: 3.091
Task index: 0, Episode number 109, energy consumption: 596.6721887027796, efficiency: 0.5695602725625822, time: 2.83
Task index: 0, Episode number 110, energy consumption: 596.5646537377512, efficiency: 0.6262854085049809, time: 2.916
Task index: 0, Episode number 111, energy consumption: 600.4789633558045, efficiency: 0.6027531241283178, time: 2.648
Task index: 0, Episode number 112, energy consumption: 597.9809604591005, efficiency: 0.7372995554626389, time: 2.705
Task index: 0, Episode number 113, energy consumption: 593.8290619495751, efficiency: 0.6840237682902683, time: 2.712
Task index: 0, Episode number 114, energy consumption: 597.6076101177376, efficiency: 0.6767859671558029, time: 2.703
Task index: 0, Episode number 115, energy consumption: 594.0086010568025, efficiency: 0.7935470508748251, time: 2.69
Task index: 0, Episode number 116, energy consumption: 599.301714291919, efficiency: 0.5448237873311411, time: 2.723
Task index: 0, Episode number 117, energy consumption: 597.0475165119451, efficiency: 0.7402839105445762, time: 2.788
Task index: 0, Episode number 118, energy consumption: 599.0061821078662, efficiency: 0.7143504988019306, time: 2.844
Task index: 0, Episode number 119, energy consumption: 598.9464221134642, efficiency: 0.5995527014626999, time: 2.795
Task index: 0, Episode number 120, energy consumption: 596.8195262670571, efficiency: 0.6143395331766276, time: 2.865
Task index: 0, Episode number 121, energy consumption: 595.3077076043318, efficiency: 0.7361366433539074, time: 2.645
Task index: 0, Episode number 122, energy consumption: 597.7377722347069, efficiency: 0.7121934857662359, time: 2.663
Task index: 0, Episode number 123, energy consumption: 597.8835167603235, efficiency: 0.6091404403584179, time: 2.695
Task index: 0, Episode number 124, energy consumption: 594.3087777374828, efficiency: 0.7982059350272509, time: 2.718
Task index: 0, Episode number 125, energy consumption: 597.2947059199832, efficiency: 0.5876129619076335, time: 2.947
Task index: 0, Episode number 126, energy consumption: 596.8673302040611, efficiency: 0.7195354623842071, time: 2.641
Task index: 0, Episode number 127, energy consumption: 596.3042632443215, efficiency: 0.4944426930973128, time: 2.645
Task index: 0, Episode number 128, energy consumption: 596.553050355799, efficiency: 0.6819313729233987, time: 2.667
Task index: 0, Episode number 129, energy consumption: 594.6783157701619, efficiency: 0.7909336131393203, time: 2.649
Task index: 0, Episode number 130, energy consumption: 595.5834830946555, efficiency: 0.5416260037147623, time: 2.7
Task index: 0, Episode number 131, energy consumption: 595.4238836750063, efficiency: 0.7697916416660154, time: 2.757
Task index: 0, Episode number 132, energy consumption: 594.1497708073056, efficiency: 0.6258745582863904, time: 2.674
Task index: 0, Episode number 133, energy consumption: 593.0655214495367, efficiency: 0.7232968054557599, time: 2.8
Task index: 0, Episode number 134, energy consumption: 597.3158147817559, efficiency: 0.6846998113449209, time: 2.723
Task index: 0, Episode number 135, energy consumption: 597.867368112806, efficiency: 0.6742821411379456, time: 2.785
Task index: 0, Episode number 136, energy consumption: 599.5785354111518, efficiency: 0.6977889452755306, time: 2.663
Task index: 0, Episode number 137, energy consumption: 594.6738894840079, efficiency: 0.6522975492118688, time: 2.687
Task index: 0, Episode number 138, energy consumption: 596.0009276955747, efficiency: 0.6421948039806191, time: 2.724
Task index: 0, Episode number 139, energy consumption: 595.7342291135944, efficiency: 0.5007945680819148, time: 2.705
Task index: 0, Episode number 140, energy consumption: 594.3318285426145, efficiency: 0.6004980185717684, time: 2.956
Task index: 0, Episode number 141, energy consumption: 596.4515943638346, efficiency: 0.4551130105800833, time: 2.781
Task index: 0, Episode number 142, energy consumption: 599.0636038688905, efficiency: 0.47858402208278056, time: 2.73
Task index: 0, Episode number 143, energy consumption: 598.3235801043708, efficiency: 0.6391322162939861, time: 2.824
Task index: 0, Episode number 144, energy consumption: 597.675573042637, efficiency: 0.6639010826511073, time: 2.773
Task index: 0, Episode number 145, energy consumption: 597.1118681788321, efficiency: 0.5939231353352766, time: 2.651
Task index: 0, Episode number 146, energy consumption: 593.9716533438103, efficiency: 0.8569281478869468, time: 2.722
Task index: 0, Episode number 147, energy consumption: 594.114365634258, efficiency: 0.7435979423069237, time: 2.738
Task index: 0, Episode number 148, energy consumption: 595.4222949638369, efficiency: 0.6596513919380179, time: 2.971
Task index: 0, Episode number 149, energy consumption: 595.470708846009, efficiency: 0.636409400768495, time: 2.724
Task index: 0, Episode number 150, energy consumption: 595.8843051523949, efficiency: 0.7715643712274751, time: 2.814
Task index: 0, Episode number 151, energy consumption: 593.9456217277587, efficiency: 0.6494537976520395, time: 2.691
Task index: 0, Episode number 152, energy consumption: 599.5094707846848, efficiency: 0.5726748413777537, time: 2.765
Task index: 0, Episode number 153, energy consumption: 598.6482704977813, efficiency: 0.5865107897119523, time: 2.741
Task index: 0, Episode number 154, energy consumption: 599.4691260407725, efficiency: 0.6227535600130556, time: 2.734
Task index: 0, Episode number 155, energy consumption: 595.3355274508114, efficiency: 0.7199827061764758, time: 2.962
Task index: 0, Episode number 156, energy consumption: 595.4159315492739, efficiency: 0.6939990960389086, time: 2.905
Task index: 0, Episode number 157, energy consumption: 596.1090456632013, efficiency: 0.5796619452643296, time: 3.04
Task index: 0, Episode number 158, energy consumption: 599.6982561395968, efficiency: 0.6778013325583344, time: 3.07
Task index: 0, Episode number 159, energy consumption: 599.1808871226671, efficiency: 0.6981759459190543, time: 3.031
Task index: 0, Episode number 160, energy consumption: 594.564571571464, efficiency: 0.7434303030211872, time: 3.048
Task index: 0, Episode number 161, energy consumption: 597.0602427035357, efficiency: 0.699108869343653, time: 3.098
Task index: 0, Episode number 162, energy consumption: 594.7045697834245, efficiency: 0.5147161771081815, time: 3.047
Task index: 0, Episode number 163, energy consumption: 599.8078259129139, efficiency: 0.452126588320762, time: 3.157
Task index: 0, Episode number 164, energy consumption: 600.1263623751607, efficiency: 0.5649344880520626, time: 2.999
Task index: 0, Episode number 165, energy consumption: 598.2257076204514, efficiency: 0.5411413486167377, time: 3.052
Task index: 0, Episode number 166, energy consumption: 594.733558403645, efficiency: 0.7344387413582004, time: 2.907
Task index: 0, Episode number 167, energy consumption: 595.0897229172264, efficiency: 0.6672483254411555, time: 2.991
Task index: 0, Episode number 168, energy consumption: 594.5659288452379, efficiency: 0.583595411900627, time: 3.075
Task index: 0, Episode number 169, energy consumption: 592.7838765259123, efficiency: 0.7055247547267892, time: 2.966
Task index: 0, Episode number 170, energy consumption: 598.2432001394409, efficiency: 0.7123611519235592, time: 2.997
Task index: 0, Episode number 171, energy consumption: 597.7450880996774, efficiency: 0.4874778779794737, time: 2.948
Task index: 0, Episode number 172, energy consumption: 595.4331004380141, efficiency: 0.7928806581231151, time: 2.985
Task index: 0, Episode number 173, energy consumption: 596.2375864375831, efficiency: 0.5829027858148911, time: 3.055
Task index: 0, Episode number 174, energy consumption: 599.1798638183307, efficiency: 0.5160458687346333, time: 3.08
Task index: 0, Episode number 175, energy consumption: 597.2243910767114, efficiency: 0.5609836721804411, time: 2.831
Task index: 0, Episode number 176, energy consumption: 593.3409031537565, efficiency: 0.7498705328268434, time: 3.002
Task index: 0, Episode number 177, energy consumption: 599.4212447773309, efficiency: 0.4598243101962379, time: 2.674
Task index: 0, Episode number 178, energy consumption: 598.6398614953636, efficiency: 0.5393769574444883, time: 2.826
Task index: 0, Episode number 179, energy consumption: 598.2182531454959, efficiency: 0.6074773902315913, time: 2.665
Task index: 0, Episode number 180, energy consumption: 599.6759453782884, efficiency: 0.7562320765298438, time: 2.657
Task index: 0, Episode number 181, energy consumption: 596.9172754367169, efficiency: 0.558572439998971, time: 2.776
Task index: 0, Episode number 182, energy consumption: 595.8868732930066, efficiency: 0.5955501152089551, time: 2.708
Task index: 0, Episode number 183, energy consumption: 595.2975781896306, efficiency: 0.6538024603945121, time: 2.688
Task index: 0, Episode number 184, energy consumption: 597.4600479676925, efficiency: 0.58146404534856, time: 2.692
Task index: 0, Episode number 185, energy consumption: 593.6469846426601, efficiency: 0.6704344650399855, time: 2.854
Task index: 0, Episode number 186, energy consumption: 598.0681259404878, efficiency: 0.6386299552253821, time: 2.666
Task index: 0, Episode number 187, energy consumption: 593.9256988919735, efficiency: 0.6669951865091656, time: 2.869
Task index: 0, Episode number 188, energy consumption: 594.645705111523, efficiency: 0.6328921223908516, time: 2.785
Task index: 0, Episode number 189, energy consumption: 596.6008814224479, efficiency: 0.7704083900338767, time: 2.829
Task index: 0, Episode number 190, energy consumption: 593.6289685885505, efficiency: 0.6579433205529881, time: 2.669
Task index: 0, Episode number 191, energy consumption: 595.9851878329459, efficiency: 0.7279086259246212, time: 2.8
Task index: 0, Episode number 192, energy consumption: 595.489332491814, efficiency: 0.5076837019524496, time: 2.916
Task index: 0, Episode number 193, energy consumption: 595.8002847464192, efficiency: 0.7609647303409328, time: 2.956
Task index: 0, Episode number 194, energy consumption: 599.464548472171, efficiency: 0.7719939178627635, time: 2.67
Task index: 0, Episode number 195, energy consumption: 600.6900757357729, efficiency: 0.48340090456193313, time: 2.653
Task index: 0, Episode number 196, energy consumption: 593.5398406500186, efficiency: 0.6621088988647919, time: 2.66
Task index: 0, Episode number 197, energy consumption: 597.9222810120422, efficiency: 0.4147656327863623, time: 2.703
Task index: 0, Episode number 198, energy consumption: 596.0925392887071, efficiency: 0.5055572235831384, time: 2.697
Task index: 0, Episode number 199, energy consumption: 595.3390189412293, efficiency: 0.6576087440409937, time: 2.648
Task index: 0, Episode number 200, energy consumption: 597.0473082633008, efficiency: 0.6368741714265977, time: 2.811
steps: 100000.0, episodes: 200, mean episode reward: -5614.315575010364, time: 283.695
Task index: 0, Episode number 201, energy consumption: 594.0191602699346, efficiency: 0.62325050842441, time: 3.461
Task index: 0, Episode number 202, energy consumption: 598.0001287794194, efficiency: 0.6265665994287408, time: 2.664
Task index: 0, Episode number 203, energy consumption: 594.5853357552843, efficiency: 0.6708411137246376, time: 2.665
Task index: 0, Episode number 204, energy consumption: 596.3737851050741, efficiency: 0.5834228583792337, time: 2.714
Task index: 0, Episode number 205, energy consumption: 596.3495989397452, efficiency: 0.525031330681341, time: 2.67
Task index: 0, Episode number 206, energy consumption: 596.5390125895243, efficiency: 0.6902119776490231, time: 2.71
Task index: 0, Episode number 207, energy consumption: 600.0896888302714, efficiency: 0.4629709190442439, time: 2.977
Task index: 0, Episode number 208, energy consumption: 600.0050038841493, efficiency: 0.6833597063703231, time: 2.641
Task index: 0, Episode number 209, energy consumption: 596.8545407061816, efficiency: 0.559523631086222, time: 2.647
Task index: 0, Episode number 210, energy consumption: 599.6880992631487, efficiency: 0.5866683379551265, time: 2.714
Task index: 0, Episode number 211, energy consumption: 596.1367581814652, efficiency: 0.5803729636682743, time: 2.655
Task index: 0, Episode number 212, energy consumption: 596.8439439924679, efficiency: 0.5915272268105576, time: 2.763
Task index: 0, Episode number 213, energy consumption: 595.6907893779575, efficiency: 0.6813814471717144, time: 2.677
Task index: 0, Episode number 214, energy consumption: 597.8312214974025, efficiency: 0.6202108946564079, time: 2.795
Task index: 0, Episode number 215, energy consumption: 599.1872646552459, efficiency: 0.5794383675027004, time: 2.792
Task index: 0, Episode number 216, energy consumption: 595.8078881490982, efficiency: 0.667636526467499, time: 2.74
Task index: 0, Episode number 217, energy consumption: 597.881511127535, efficiency: 0.7969433346869447, time: 2.719
Task index: 0, Episode number 218, energy consumption: 596.1645493209168, efficiency: 0.6881136306045234, time: 2.719
Task index: 0, Episode number 219, energy consumption: 594.4250347895173, efficiency: 0.5746170552455399, time: 2.657
Task index: 0, Episode number 220, energy consumption: 597.2228911903229, efficiency: 0.6529957054974687, time: 2.691
Task index: 0, Episode number 221, energy consumption: 600.5546643682422, efficiency: 0.717787800616426, time: 3.047
Task index: 0, Episode number 222, energy consumption: 601.5210229443805, efficiency: 0.5080748970158449, time: 2.777
Task index: 0, Episode number 223, energy consumption: 595.4492844346906, efficiency: 0.6674668527319865, time: 2.699
Task index: 0, Episode number 224, energy consumption: 596.328768515337, efficiency: 0.6417085760388814, time: 2.787
Task index: 0, Episode number 225, energy consumption: 597.9835825149706, efficiency: 0.5893498472980083, time: 2.812
Task index: 0, Episode number 226, energy consumption: 594.6655035121662, efficiency: 0.6736339805675495, time: 2.844
Task index: 0, Episode number 227, energy consumption: 597.3799135132045, efficiency: 0.6461707245819746, time: 2.722
Task index: 0, Episode number 228, energy consumption: 599.7388562622351, efficiency: 0.677368237028506, time: 2.659
Task index: 0, Episode number 229, energy consumption: 596.4290566627589, efficiency: 0.5866344927425006, time: 3.035
Task index: 0, Episode number 230, energy consumption: 595.2150316038609, efficiency: 0.5595021522917834, time: 2.796
Task index: 0, Episode number 231, energy consumption: 596.8483035881519, efficiency: 0.5369754427196133, time: 2.768
Task index: 0, Episode number 232, energy consumption: 599.1773800281311, efficiency: 0.5510858977196832, time: 2.808
Task index: 0, Episode number 233, energy consumption: 593.5112625427167, efficiency: 0.6279018344080315, time: 2.728
Task index: 0, Episode number 234, energy consumption: 596.9886092756312, efficiency: 0.6232068753046315, time: 2.773
Task index: 0, Episode number 235, energy consumption: 593.3999102688313, efficiency: 0.7248966717662965, time: 2.69
Task index: 0, Episode number 236, energy consumption: 600.025197446519, efficiency: 0.57842870803308, time: 2.99
Task index: 0, Episode number 237, energy consumption: 599.3523897343117, efficiency: 0.4522086802375116, time: 2.671
Task index: 0, Episode number 238, energy consumption: 599.4751384877276, efficiency: 0.5226705081583423, time: 2.756
Task index: 0, Episode number 239, energy consumption: 593.7077687841494, efficiency: 0.6356421622121937, time: 2.671
Task index: 0, Episode number 240, energy consumption: 597.2579568194133, efficiency: 0.7964881593307056, time: 2.766
Task index: 0, Episode number 241, energy consumption: 597.6181555646839, efficiency: 0.6482165230040416, time: 2.793
Task index: 0, Episode number 242, energy consumption: 594.4760277080139, efficiency: 0.5352719601113636, time: 2.802
Task index: 0, Episode number 243, energy consumption: 594.464149845642, efficiency: 0.732354800435655, time: 2.675
Task index: 0, Episode number 244, energy consumption: 601.9797560145889, efficiency: 0.4675050261455049, time: 2.908
Task index: 0, Episode number 245, energy consumption: 595.4622218232365, efficiency: 0.47046066370425665, time: 2.854
Task index: 0, Episode number 246, energy consumption: 595.5218678312884, efficiency: 0.6605094798404318, time: 2.774
Task index: 0, Episode number 247, energy consumption: 598.5803013897024, efficiency: 0.5205775929550305, time: 2.936
Task index: 0, Episode number 248, energy consumption: 595.7604659060398, efficiency: 0.7515459149510526, time: 2.943
Task index: 0, Episode number 249, energy consumption: 594.2406333391574, efficiency: 0.6142991948635681, time: 2.983
Task index: 0, Episode number 250, energy consumption: 594.2334988480353, efficiency: 0.5870475229252813, time: 3.003
Task index: 0, Episode number 251, energy consumption: 595.737367041592, efficiency: 0.5558464981181156, time: 3.219
Task index: 0, Episode number 252, energy consumption: 597.3361141223271, efficiency: 0.744422072250713, time: 2.746
Task index: 0, Episode number 253, energy consumption: 598.0363074334291, efficiency: 0.5365334157017476, time: 2.768
Task index: 0, Episode number 254, energy consumption: 598.3671631584784, efficiency: 0.6282652975737049, time: 2.67
Task index: 0, Episode number 255, energy consumption: 594.3081639354999, efficiency: 0.8407850294991572, time: 2.682
Task index: 0, Episode number 256, energy consumption: 596.153491360694, efficiency: 0.668455196192547, time: 2.672
Task index: 0, Episode number 257, energy consumption: 598.6595607724126, efficiency: 0.6012023955770772, time: 2.694
Task index: 0, Episode number 258, energy consumption: 598.6885340949665, efficiency: 0.6055475252848678, time: 2.7
Task index: 0, Episode number 259, energy consumption: 598.5421897006034, efficiency: 0.6206857517792818, time: 2.87
Task index: 0, Episode number 260, energy consumption: 595.8597594376188, efficiency: 0.8661379962136657, time: 2.716
Task index: 0, Episode number 261, energy consumption: 596.8617392265277, efficiency: 0.45748870030354905, time: 2.647
Task index: 0, Episode number 262, energy consumption: 597.8261460010457, efficiency: 0.836469857487419, time: 2.774
Task index: 0, Episode number 263, energy consumption: 596.0672021000471, efficiency: 0.5748160963908779, time: 2.75
Task index: 0, Episode number 264, energy consumption: 598.6206434454688, efficiency: 0.6509681704351805, time: 2.687
Task index: 0, Episode number 265, energy consumption: 597.0008243470634, efficiency: 0.44834152716790177, time: 2.781
Task index: 0, Episode number 266, energy consumption: 597.4607106472225, efficiency: 0.596159261147321, time: 2.927
Task index: 0, Episode number 267, energy consumption: 599.5154091199234, efficiency: 0.602018146956143, time: 2.657
Task index: 0, Episode number 268, energy consumption: 597.1269409358855, efficiency: 0.6531339799545213, time: 2.793
Task index: 0, Episode number 269, energy consumption: 597.4904184485937, efficiency: 0.5590973071354873, time: 2.653
Task index: 0, Episode number 270, energy consumption: 598.1317556339499, efficiency: 0.621433758363808, time: 2.741
Task index: 0, Episode number 271, energy consumption: 595.0438116193442, efficiency: 0.553412978973465, time: 2.72
Task index: 0, Episode number 272, energy consumption: 597.9561246520117, efficiency: 0.5443195954296859, time: 2.659
Task index: 0, Episode number 273, energy consumption: 595.4883614247457, efficiency: 0.7007209131261513, time: 2.687
Task index: 0, Episode number 274, energy consumption: 598.0978361981438, efficiency: 0.6660661214304037, time: 3.161
Task index: 0, Episode number 275, energy consumption: 596.0840749999694, efficiency: 0.5019166025200212, time: 2.96
Task index: 0, Episode number 276, energy consumption: 596.2402649909614, efficiency: 0.6881057699357758, time: 2.809
Task index: 0, Episode number 277, energy consumption: 595.3274734624805, efficiency: 0.5428261368535372, time: 2.662
Task index: 0, Episode number 278, energy consumption: 596.91180852608, efficiency: 0.5051208508664065, time: 2.767
Task index: 0, Episode number 279, energy consumption: 598.1949829750903, efficiency: 0.6206589258979781, time: 2.791
Task index: 0, Episode number 280, energy consumption: 594.0915251506727, efficiency: 0.6397159749445909, time: 2.717
Task index: 0, Episode number 281, energy consumption: 597.7183970193474, efficiency: 0.668826256558583, time: 3.007
Task index: 0, Episode number 282, energy consumption: 594.6385801482826, efficiency: 0.7104503706369335, time: 2.785
Task index: 0, Episode number 283, energy consumption: 599.5879638269088, efficiency: 0.6917426997930892, time: 2.701
Task index: 0, Episode number 284, energy consumption: 596.8821317043611, efficiency: 0.5543890798518071, time: 2.841
Task index: 0, Episode number 285, energy consumption: 600.7388556022773, efficiency: 0.6637783638522796, time: 2.76
Task index: 0, Episode number 286, energy consumption: 598.2403380019458, efficiency: 0.659807714146315, time: 2.719
Task index: 0, Episode number 287, energy consumption: 599.8444779772416, efficiency: 0.452387950259654, time: 2.796
Task index: 0, Episode number 288, energy consumption: 598.6130460061418, efficiency: 0.6354969759523846, time: 2.758
Task index: 0, Episode number 289, energy consumption: 598.3489386108106, efficiency: 0.5807419884755345, time: 2.889
Task index: 0, Episode number 290, energy consumption: 597.1720922530907, efficiency: 0.5517698592313792, time: 2.878
Task index: 0, Episode number 291, energy consumption: 594.2132899101379, efficiency: 0.6861621951343317, time: 2.709
Task index: 0, Episode number 292, energy consumption: 596.296569669205, efficiency: 0.5867224106100716, time: 2.779
Task index: 0, Episode number 293, energy consumption: 599.977845225082, efficiency: 0.46585361903820943, time: 2.763
Task index: 0, Episode number 294, energy consumption: 596.7068252377223, efficiency: 0.7301356033800578, time: 2.711
Task index: 0, Episode number 295, energy consumption: 596.4107666427569, efficiency: 0.56869269562381, time: 2.653
Task index: 0, Episode number 296, energy consumption: 592.715818657052, efficiency: 0.6709947686038418, time: 2.916
Task index: 0, Episode number 297, energy consumption: 598.8598207653539, efficiency: 0.7220102344017694, time: 2.698
Task index: 0, Episode number 298, energy consumption: 597.5989893989, efficiency: 0.5765958127370766, time: 2.664
Task index: 0, Episode number 299, energy consumption: 594.9493471082886, efficiency: 0.7920194188751509, time: 2.738
Task index: 0, Episode number 300, energy consumption: 598.6727242822183, efficiency: 0.4904830993944764, time: 2.677
steps: 150000.0, episodes: 300, mean episode reward: -5750.81666861878, time: 278.124
Task index: 0, Episode number 301, energy consumption: 594.2345914064227, efficiency: 0.6630231838532472, time: 3.625
Task index: 0, Episode number 302, energy consumption: 597.5577469781084, efficiency: 0.5684144452654616, time: 2.838
Task index: 0, Episode number 303, energy consumption: 597.9146924883528, efficiency: 0.7056758327307396, time: 2.923
Task index: 0, Episode number 304, energy consumption: 599.9501167820075, efficiency: 0.5749313851743766, time: 2.784
Task index: 0, Episode number 305, energy consumption: 593.3762041865845, efficiency: 0.6325313355887964, time: 2.684
Task index: 0, Episode number 306, energy consumption: 596.2738223541132, efficiency: 0.5746090540006367, time: 2.682
Task index: 0, Episode number 307, energy consumption: 598.4031972743411, efficiency: 0.6125260656861121, time: 2.781
Task index: 0, Episode number 308, energy consumption: 598.0258331542544, efficiency: 0.682764660760929, time: 2.787
Task index: 0, Episode number 309, energy consumption: 597.1385405637013, efficiency: 0.49024386023712657, time: 2.748
Task index: 0, Episode number 310, energy consumption: 597.1359314544495, efficiency: 0.6430104599934086, time: 3.059
Task index: 0, Episode number 311, energy consumption: 599.2715678290298, efficiency: 0.7374791602585427, time: 2.796
Task index: 0, Episode number 312, energy consumption: 598.8165108202742, efficiency: 0.6545190083345251, time: 2.823
Task index: 0, Episode number 313, energy consumption: 601.5134394439428, efficiency: 0.5699967285407977, time: 2.677
Task index: 0, Episode number 314, energy consumption: 597.8442921110428, efficiency: 0.5149560520247691, time: 2.713
Task index: 0, Episode number 315, energy consumption: 593.4914428942824, efficiency: 0.6456310445150708, time: 2.794
Task index: 0, Episode number 316, energy consumption: 597.571577202716, efficiency: 0.5869050632378104, time: 2.781
Task index: 0, Episode number 317, energy consumption: 596.9516733697765, efficiency: 0.47197011049247456, time: 2.845
Task index: 0, Episode number 318, energy consumption: 598.3458542082373, efficiency: 0.5512932486180941, time: 2.675
Task index: 0, Episode number 319, energy consumption: 594.7127644651292, efficiency: 0.7287453367839821, time: 2.834
Task index: 0, Episode number 320, energy consumption: 595.7067942407874, efficiency: 0.5860851732084441, time: 2.723
Task index: 0, Episode number 321, energy consumption: 598.3623481882663, efficiency: 0.6088011394186513, time: 2.7
Task index: 0, Episode number 322, energy consumption: 597.3523302793002, efficiency: 0.47231007923613827, time: 2.775
Task index: 0, Episode number 323, energy consumption: 600.0812637920272, efficiency: 0.6084679176392865, time: 2.715
Task index: 0, Episode number 324, energy consumption: 596.8956883587058, efficiency: 0.6104352914943485, time: 2.652
Task index: 0, Episode number 325, energy consumption: 594.0203372414414, efficiency: 0.7051739481691183, time: 2.845
Task index: 0, Episode number 326, energy consumption: 596.3238119462613, efficiency: 0.5809867978729398, time: 2.692
Task index: 0, Episode number 327, energy consumption: 597.1809004564499, efficiency: 0.5737642724998115, time: 2.754
Task index: 0, Episode number 328, energy consumption: 594.2409090599675, efficiency: 0.6113766506843262, time: 2.678
Task index: 0, Episode number 329, energy consumption: 595.9174881839568, efficiency: 0.7480905584318062, time: 2.617
Task index: 0, Episode number 330, energy consumption: 597.6354115881401, efficiency: 0.69015139108492, time: 2.631
Task index: 0, Episode number 331, energy consumption: 598.4639800887417, efficiency: 0.5992949176690674, time: 2.689
Task index: 0, Episode number 332, energy consumption: 596.9210665048969, efficiency: 0.5160490609233119, time: 2.993
Task index: 0, Episode number 333, energy consumption: 594.022699696714, efficiency: 0.75980130653529, time: 2.736
Task index: 0, Episode number 334, energy consumption: 598.3551061215077, efficiency: 0.561992620660759, time: 2.649
Task index: 0, Episode number 335, energy consumption: 599.2319790909193, efficiency: 0.6308496579020654, time: 2.759
Task index: 0, Episode number 336, energy consumption: 596.2813820487481, efficiency: 0.6339670515493476, time: 2.726
Task index: 0, Episode number 337, energy consumption: 595.7047981957193, efficiency: 0.466884768684652, time: 2.655
Task index: 0, Episode number 338, energy consumption: 597.5601946808188, efficiency: 0.7887760305644286, time: 2.652
Task index: 0, Episode number 339, energy consumption: 595.0829343038496, efficiency: 0.5251239718696077, time: 2.705
Task index: 0, Episode number 340, energy consumption: 595.9066731519011, efficiency: 0.7737427195957687, time: 3.061
Task index: 0, Episode number 341, energy consumption: 595.414040617399, efficiency: 0.8987501115431562, time: 2.791
Task index: 0, Episode number 342, energy consumption: 595.4094595147767, efficiency: 0.6713966340310394, time: 2.737
Task index: 0, Episode number 343, energy consumption: 594.0364983999159, efficiency: 0.70298915408744, time: 2.712
Task index: 0, Episode number 344, energy consumption: 594.0291701894531, efficiency: 0.6879877647810309, time: 2.744
Task index: 0, Episode number 345, energy consumption: 597.6185408100552, efficiency: 0.6549493885312724, time: 2.768
Task index: 0, Episode number 346, energy consumption: 596.2286957857472, efficiency: 0.5460488299205198, time: 2.665
Task index: 0, Episode number 347, energy consumption: 594.7588038075106, efficiency: 0.8299298064896083, time: 2.837
Task index: 0, Episode number 348, energy consumption: 595.5657834153905, efficiency: 0.542713085707094, time: 2.627
Task index: 0, Episode number 349, energy consumption: 597.4865381881615, efficiency: 0.6626037893498457, time: 2.766
Task index: 0, Episode number 350, energy consumption: 591.5466141309367, efficiency: 0.6163151545020906, time: 2.776
Task index: 0, Episode number 351, energy consumption: 596.2989911894039, efficiency: 0.6652654437192052, time: 2.749
Task index: 0, Episode number 352, energy consumption: 597.236380207189, efficiency: 0.5884201691450572, time: 2.845
Task index: 0, Episode number 353, energy consumption: 597.4373760481138, efficiency: 0.7245500793153399, time: 2.66
Task index: 0, Episode number 354, energy consumption: 597.5844175349342, efficiency: 0.5524777844203155, time: 2.69
Task index: 0, Episode number 355, energy consumption: 597.5650147934494, efficiency: 0.5992977698802149, time: 3.047
Task index: 0, Episode number 356, energy consumption: 599.3455290064909, efficiency: 0.49731125133735077, time: 2.664
Task index: 0, Episode number 357, energy consumption: 596.8443756477801, efficiency: 0.6079046300313147, time: 2.694
Task index: 0, Episode number 358, energy consumption: 596.6421072033995, efficiency: 0.5618290846825653, time: 2.902
Task index: 0, Episode number 359, energy consumption: 599.3085274807544, efficiency: 0.6391427470028026, time: 2.766
Task index: 0, Episode number 360, energy consumption: 597.7415465616413, efficiency: 0.6380114471572793, time: 2.666
Task index: 0, Episode number 361, energy consumption: 596.2800241281568, efficiency: 0.7891890329288394, time: 2.691
Task index: 0, Episode number 362, energy consumption: 596.8276277990207, efficiency: 0.7670221870280781, time: 2.928
Task index: 0, Episode number 363, energy consumption: 594.966453121987, efficiency: 0.6136745165577404, time: 2.792
Task index: 0, Episode number 364, energy consumption: 595.9532232494726, efficiency: 0.6108275825827829, time: 2.679
Task index: 0, Episode number 365, energy consumption: 596.9107831272014, efficiency: 0.6969933088014743, time: 2.657
Task index: 0, Episode number 366, energy consumption: 598.2563433592942, efficiency: 0.6577674347216125, time: 2.677
Task index: 0, Episode number 367, energy consumption: 593.1033976340688, efficiency: 0.5295780021041329, time: 2.687
Task index: 0, Episode number 368, energy consumption: 597.7216729558602, efficiency: 0.6675908267770366, time: 2.619
Task index: 0, Episode number 369, energy consumption: 595.0477774146362, efficiency: 0.7145913158393923, time: 2.689
Task index: 0, Episode number 370, energy consumption: 598.8769307535076, efficiency: 0.6111010128951624, time: 2.912
Task index: 0, Episode number 371, energy consumption: 594.7573825396963, efficiency: 0.48969517022496795, time: 2.687
Task index: 0, Episode number 372, energy consumption: 597.30736567632, efficiency: 0.5607414160316913, time: 2.789
Task index: 0, Episode number 373, energy consumption: 593.6491971535635, efficiency: 0.6989606270865069, time: 2.651
Task index: 0, Episode number 374, energy consumption: 597.5596511941532, efficiency: 0.5103297306906448, time: 2.681
Task index: 0, Episode number 375, energy consumption: 599.317044790554, efficiency: 0.5775152083849889, time: 2.659
Task index: 0, Episode number 376, energy consumption: 594.5278600945819, efficiency: 0.7042587793139601, time: 2.832
Task index: 0, Episode number 377, energy consumption: 597.0619515067453, efficiency: 0.6661339450314188, time: 2.958
Task index: 0, Episode number 378, energy consumption: 594.7884891111261, efficiency: 0.5441569788118655, time: 2.678
Task index: 0, Episode number 379, energy consumption: 597.3124704725234, efficiency: 0.6004762566108087, time: 2.748
Task index: 0, Episode number 380, energy consumption: 597.4408428479846, efficiency: 0.5870721278512514, time: 2.728
Task index: 0, Episode number 381, energy consumption: 593.3611761557223, efficiency: 0.6760993121000335, time: 2.836
Task index: 0, Episode number 382, energy consumption: 595.7839653156972, efficiency: 0.6829398570303609, time: 2.7
Task index: 0, Episode number 383, energy consumption: 594.977172626104, efficiency: 0.6602299214705273, time: 2.652
Task index: 0, Episode number 384, energy consumption: 599.4666774938204, efficiency: 0.4514497936361109, time: 2.74
Task index: 0, Episode number 385, energy consumption: 596.7609702445011, efficiency: 0.631557161651268, time: 2.933
Task index: 0, Episode number 386, energy consumption: 595.2347368278745, efficiency: 0.7218526131488192, time: 2.629
Task index: 0, Episode number 387, energy consumption: 594.9848039004986, efficiency: 0.5932863628788019, time: 2.719
Task index: 0, Episode number 388, energy consumption: 593.7563143023846, efficiency: 0.7296107689847007, time: 2.675
Task index: 0, Episode number 389, energy consumption: 595.0152188687399, efficiency: 0.9205222522301298, time: 2.663
Task index: 0, Episode number 390, energy consumption: 595.9082515466363, efficiency: 0.5698612580551179, time: 2.859
Task index: 0, Episode number 391, energy consumption: 596.3314788547344, efficiency: 0.8190090414164899, time: 2.681
Task index: 0, Episode number 392, energy consumption: 597.3409276059771, efficiency: 0.7069450062914092, time: 2.913
Task index: 0, Episode number 393, energy consumption: 596.6828793528379, efficiency: 0.5807777679053703, time: 2.708
Task index: 0, Episode number 394, energy consumption: 596.1436331711654, efficiency: 0.6198937939268663, time: 2.795
Task index: 0, Episode number 395, energy consumption: 593.5745923671307, efficiency: 0.6716139623114638, time: 2.81
Task index: 0, Episode number 396, energy consumption: 599.7912841857031, efficiency: 0.5955072884413063, time: 2.826
Task index: 0, Episode number 397, energy consumption: 596.4776360141974, efficiency: 0.5623776129459812, time: 2.716
Task index: 0, Episode number 398, energy consumption: 596.3840284597317, efficiency: 0.6289793399538735, time: 2.821
Task index: 0, Episode number 399, energy consumption: 598.1774129821516, efficiency: 0.6889424783914847, time: 2.794
Task index: 0, Episode number 400, energy consumption: 598.7739982130794, efficiency: 0.5969604101614799, time: 2.983
steps: 200000.0, episodes: 400, mean episode reward: -5690.603726541423, time: 276.491
Task index: 0, Episode number 401, energy consumption: 594.9491058051279, efficiency: 0.7059864688992468, time: 3.46
Task index: 0, Episode number 402, energy consumption: 597.8882106089817, efficiency: 0.5613816050734132, time: 2.672
Task index: 0, Episode number 403, energy consumption: 594.8743171661807, efficiency: 0.7979045432473825, time: 2.739
Task index: 0, Episode number 404, energy consumption: 595.9381208721072, efficiency: 0.7411239397507688, time: 2.642
Task index: 0, Episode number 405, energy consumption: 592.3133609457723, efficiency: 0.7940705360011693, time: 2.628
Task index: 0, Episode number 406, energy consumption: 598.0720474667231, efficiency: 0.41010244354927244, time: 2.866
Task index: 0, Episode number 407, energy consumption: 594.138291611857, efficiency: 0.6653851861400675, time: 2.654
Task index: 0, Episode number 408, energy consumption: 595.0787151165263, efficiency: 0.6824430121361315, time: 2.857
Task index: 0, Episode number 409, energy consumption: 597.0810466905377, efficiency: 0.6694660013377898, time: 2.843
Task index: 0, Episode number 410, energy consumption: 594.1771318375511, efficiency: 0.48434543738093555, time: 2.693
Task index: 0, Episode number 411, energy consumption: 599.8814746884032, efficiency: 0.5406172279241723, time: 2.709
Task index: 0, Episode number 412, energy consumption: 595.3991782850193, efficiency: 0.5837008256162456, time: 2.893
Task index: 0, Episode number 413, energy consumption: 596.2685010727386, efficiency: 0.6173910683121507, time: 2.889
Task index: 0, Episode number 414, energy consumption: 595.6874387219237, efficiency: 0.7508395431108595, time: 2.781
Task index: 0, Episode number 415, energy consumption: 598.2741937583647, efficiency: 0.600982154339727, time: 2.748
Task index: 0, Episode number 416, energy consumption: 598.7912586862445, efficiency: 0.5731468040517204, time: 2.713
Task index: 0, Episode number 417, energy consumption: 589.2728752209194, efficiency: 0.7331089140085316, time: 2.773
Task index: 0, Episode number 418, energy consumption: 596.0372784247187, efficiency: 0.5115426627858758, time: 2.741
Task index: 0, Episode number 419, energy consumption: 595.9883139270717, efficiency: 0.7023366354641626, time: 2.85
Task index: 0, Episode number 420, energy consumption: 595.1586545770821, efficiency: 0.5418904357724188, time: 2.778
Task index: 0, Episode number 421, energy consumption: 596.4842481587048, efficiency: 0.7510048961240239, time: 2.954
Task index: 0, Episode number 422, energy consumption: 597.1252012298705, efficiency: 0.637375257694996, time: 2.708
Task index: 0, Episode number 423, energy consumption: 594.7422383659527, efficiency: 0.5722162115782055, time: 2.802
Task index: 0, Episode number 424, energy consumption: 595.103275131114, efficiency: 0.6634072594475392, time: 2.836
Task index: 0, Episode number 425, energy consumption: 592.9995557640328, efficiency: 0.8062616411306719, time: 2.903
Task index: 0, Episode number 426, energy consumption: 594.0135899443659, efficiency: 0.7695818480940804, time: 3.027
Task index: 0, Episode number 427, energy consumption: 598.3357582672331, efficiency: 0.5645549603629859, time: 2.827
Task index: 0, Episode number 428, energy consumption: 598.329571818219, efficiency: 0.4764653530376765, time: 3.018
Task index: 0, Episode number 429, energy consumption: 596.6234774821538, efficiency: 0.5584186129061283, time: 2.677
Task index: 0, Episode number 430, energy consumption: 595.1288637951146, efficiency: 0.6617407618418539, time: 2.761
Task index: 0, Episode number 431, energy consumption: 598.3469522044134, efficiency: 0.8586324236016102, time: 2.706
Task index: 0, Episode number 432, energy consumption: 594.9929723842889, efficiency: 0.6744700423117225, time: 2.652
Task index: 0, Episode number 433, energy consumption: 595.3794801995363, efficiency: 0.6844939934883862, time: 2.718
Task index: 0, Episode number 434, energy consumption: 594.2178805570787, efficiency: 0.6531026334021524, time: 2.634
Task index: 0, Episode number 435, energy consumption: 595.1407443203719, efficiency: 0.5554132336419455, time: 2.664
Task index: 0, Episode number 436, energy consumption: 597.9278075829448, efficiency: 0.7155402765719235, time: 3.086
Task index: 0, Episode number 437, energy consumption: 598.5543701876268, efficiency: 0.5628023099682696, time: 2.664
Task index: 0, Episode number 438, energy consumption: 593.8430659282423, efficiency: 0.5718470850030605, time: 2.669
Task index: 0, Episode number 439, energy consumption: 594.3634802841258, efficiency: 0.7627597540056709, time: 2.676
Task index: 0, Episode number 440, energy consumption: 595.6711899044475, efficiency: 0.6081538970647931, time: 2.65
Task index: 0, Episode number 441, energy consumption: 595.9132859284404, efficiency: 0.7705011661997914, time: 2.669
Task index: 0, Episode number 442, energy consumption: 597.9949750687371, efficiency: 0.7543316555940741, time: 2.674
Task index: 0, Episode number 443, energy consumption: 593.6540745439071, efficiency: 0.6533162813187957, time: 2.859
Task index: 0, Episode number 444, energy consumption: 599.8262620202021, efficiency: 0.6604078441782185, time: 2.651
Task index: 0, Episode number 445, energy consumption: 597.0561042121293, efficiency: 0.5756891097818188, time: 2.652
Task index: 0, Episode number 446, energy consumption: 596.4008944273794, efficiency: 0.6760353182171954, time: 2.755
Task index: 0, Episode number 447, energy consumption: 600.0390679497025, efficiency: 0.6975095909250527, time: 2.64
Task index: 0, Episode number 448, energy consumption: 595.2885472633543, efficiency: 0.6793971872641971, time: 2.645
Task index: 0, Episode number 449, energy consumption: 593.6756389679002, efficiency: 0.9341805463821395, time: 2.705
Task index: 0, Episode number 450, energy consumption: 600.1824476861287, efficiency: 0.7451080141003018, time: 2.673
Task index: 0, Episode number 451, energy consumption: 592.9758970838423, efficiency: 0.7205914752264965, time: 2.854
Task index: 0, Episode number 452, energy consumption: 597.7125171563013, efficiency: 0.480655405936018, time: 2.689
Task index: 0, Episode number 453, energy consumption: 597.0709133841124, efficiency: 0.5005734118577752, time: 2.658
Task index: 0, Episode number 454, energy consumption: 599.2086739680894, efficiency: 0.5463588722464572, time: 2.865
Task index: 0, Episode number 455, energy consumption: 594.4214913457558, efficiency: 0.6549111929712153, time: 2.66
Task index: 0, Episode number 456, energy consumption: 592.7098301871753, efficiency: 0.6460940195122812, time: 2.694
Task index: 0, Episode number 457, energy consumption: 595.8027914132155, efficiency: 0.6240450675571774, time: 2.733
Task index: 0, Episode number 458, energy consumption: 596.5231682295724, efficiency: 0.6522013415705101, time: 2.831
Task index: 0, Episode number 459, energy consumption: 595.4935733780445, efficiency: 0.7375217410204944, time: 2.593
Task index: 0, Episode number 460, energy consumption: 595.7630550941471, efficiency: 0.6859821685876549, time: 2.645
Task index: 0, Episode number 461, energy consumption: 597.0191274889696, efficiency: 0.6299681870506196, time: 2.66
Task index: 0, Episode number 462, energy consumption: 603.0818892236924, efficiency: 0.5840036693485, time: 2.672
Task index: 0, Episode number 463, energy consumption: 600.4126651080659, efficiency: 0.6366205420171732, time: 2.657
Task index: 0, Episode number 464, energy consumption: 593.1434737604467, efficiency: 0.6417251420551193, time: 2.839
Task index: 0, Episode number 465, energy consumption: 597.8348685946831, efficiency: 0.7591863016436, time: 2.669
Task index: 0, Episode number 466, energy consumption: 597.9136897727662, efficiency: 0.6588310408892386, time: 2.896
Task index: 0, Episode number 467, energy consumption: 599.1530442138568, efficiency: 0.7122984885409577, time: 2.655
Task index: 0, Episode number 468, energy consumption: 594.6022419623622, efficiency: 0.7119425515576345, time: 2.676
Task index: 0, Episode number 469, energy consumption: 595.8985878728672, efficiency: 0.6950307953624777, time: 2.682
Task index: 0, Episode number 470, energy consumption: 597.0877650594356, efficiency: 0.826451012893679, time: 2.672
Task index: 0, Episode number 471, energy consumption: 595.2401942531806, efficiency: 0.6966819332140076, time: 2.834
Task index: 0, Episode number 472, energy consumption: 594.4863072031252, efficiency: 0.7227007103102681, time: 2.653
Task index: 0, Episode number 473, energy consumption: 598.5429344640809, efficiency: 0.6460159027738023, time: 2.975
Task index: 0, Episode number 474, energy consumption: 594.2458726564213, efficiency: 0.7323547600078132, time: 2.643
Task index: 0, Episode number 475, energy consumption: 595.3608507862858, efficiency: 0.7803299914934322, time: 2.785
Task index: 0, Episode number 476, energy consumption: 595.8016854419399, efficiency: 0.5165878748383338, time: 2.649
Task index: 0, Episode number 477, energy consumption: 592.9632384303894, efficiency: 0.7020821669650339, time: 2.638
Task index: 0, Episode number 478, energy consumption: 599.0451593097329, efficiency: 0.6130954107363383, time: 2.742
Task index: 0, Episode number 479, energy consumption: 597.7405007774042, efficiency: 0.5719714312356072, time: 2.772
Task index: 0, Episode number 480, energy consumption: 596.9646598205287, efficiency: 0.580428645449464, time: 2.691
Task index: 0, Episode number 481, energy consumption: 595.0423496088815, efficiency: 0.6702259162126176, time: 2.907
Task index: 0, Episode number 482, energy consumption: 592.6546671084028, efficiency: 0.6339985221254767, time: 2.646
Task index: 0, Episode number 483, energy consumption: 598.7221180062015, efficiency: 0.6097856727644683, time: 2.675
Task index: 0, Episode number 484, energy consumption: 596.505220352875, efficiency: 0.49127822739424504, time: 2.678
Task index: 0, Episode number 485, energy consumption: 597.7186792138134, efficiency: 0.6204472290890454, time: 2.644
Task index: 0, Episode number 486, energy consumption: 596.5318992847342, efficiency: 0.6874757897842994, time: 2.666
Task index: 0, Episode number 487, energy consumption: 592.98675040053, efficiency: 0.761684393138737, time: 2.64
Task index: 0, Episode number 488, energy consumption: 596.080566559284, efficiency: 0.5444110344929222, time: 2.871
Task index: 0, Episode number 489, energy consumption: 593.6632472090427, efficiency: 0.8399004954458023, time: 2.644
Task index: 0, Episode number 490, energy consumption: 598.4456934190214, efficiency: 0.5807593306128417, time: 2.653
Task index: 0, Episode number 491, energy consumption: 598.1192431133337, efficiency: 0.7155143939514226, time: 2.694
Task index: 0, Episode number 492, energy consumption: 595.7924915432586, efficiency: 0.6259090666719817, time: 2.655
Task index: 0, Episode number 493, energy consumption: 599.6853874313882, efficiency: 0.559550705124277, time: 2.65
Task index: 0, Episode number 494, energy consumption: 594.3885124721324, efficiency: 0.6718980749246932, time: 2.649
Task index: 0, Episode number 495, energy consumption: 597.3478100010227, efficiency: 0.6239794806302352, time: 2.648
Task index: 0, Episode number 496, energy consumption: 596.6799931368915, efficiency: 0.555977308397472, time: 2.868
Task index: 0, Episode number 497, energy consumption: 599.3063824484374, efficiency: 0.6503601967102017, time: 2.661
Task index: 0, Episode number 498, energy consumption: 599.3669912686456, efficiency: 0.8206673315658188, time: 2.625
Task index: 0, Episode number 499, energy consumption: 592.8215280931014, efficiency: 0.8006081916063444, time: 2.65
Task index: 0, Episode number 500, energy consumption: 597.7380416671567, efficiency: 0.5807477276787981, time: 2.654
steps: 250000.0, episodes: 500, mean episode reward: -5614.031157255817, time: 274.028
Task index: 0, Episode number 501, energy consumption: 598.3526129115039, efficiency: 0.606809868427031, time: 3.492
Task index: 0, Episode number 502, energy consumption: 597.5114870305764, efficiency: 0.5316828637178962, time: 2.858
Task index: 0, Episode number 503, energy consumption: 599.122473062941, efficiency: 0.6184363858932974, time: 2.647
Task index: 0, Episode number 504, energy consumption: 597.1698945038413, efficiency: 0.5385818027077418, time: 2.657
Task index: 0, Episode number 505, energy consumption: 595.9049157253447, efficiency: 0.6716460629413138, time: 2.666
Task index: 0, Episode number 506, energy consumption: 596.5805470388349, efficiency: 0.6410548376531036, time: 2.698
Task index: 0, Episode number 507, energy consumption: 598.3114863116438, efficiency: 0.7616587672466365, time: 2.671
Task index: 0, Episode number 508, energy consumption: 597.268877123524, efficiency: 0.6442926427827301, time: 2.673
Task index: 0, Episode number 509, energy consumption: 596.596492037003, efficiency: 0.5577994127077494, time: 2.865
Task index: 0, Episode number 510, energy consumption: 594.4323114157451, efficiency: 0.7332702723660052, time: 2.652
Task index: 0, Episode number 511, energy consumption: 595.1924264657708, efficiency: 0.622048422705108, time: 2.629
Task index: 0, Episode number 512, energy consumption: 596.9586278656561, efficiency: 0.6800768473710794, time: 5.94
Task index: 0, Episode number 513, energy consumption: 835.3087062275043, efficiency: 0.25620485764055917, time: 6.43
Task index: 0, Episode number 514, energy consumption: 685.2009805304388, efficiency: 0.5339453422884196, time: 6.552
Task index: 0, Episode number 515, energy consumption: 694.9655570044214, efficiency: 0.25480911586845667, time: 6.45
Task index: 0, Episode number 516, energy consumption: 662.620197994779, efficiency: 0.568634368346559, time: 6.609
Task index: 0, Episode number 517, energy consumption: 716.6334162829331, efficiency: 0.4091115969227617, time: 6.878
Task index: 0, Episode number 518, energy consumption: 699.0577242838671, efficiency: 0.43482388405629885, time: 6.393
Task index: 0, Episode number 519, energy consumption: 687.1463174300097, efficiency: 0.3368610344449305, time: 6.873
Task index: 0, Episode number 520, energy consumption: 713.9102040709372, efficiency: 0.3289616999660467, time: 6.604
Task index: 0, Episode number 521, energy consumption: 728.8078602049364, efficiency: 0.25933379675550655, time: 6.698
Task index: 0, Episode number 522, energy consumption: 729.512285201787, efficiency: 0.2862531039894735, time: 6.941
Task index: 0, Episode number 523, energy consumption: 767.2842423111562, efficiency: 0.2430476120032949, time: 6.64
Task index: 0, Episode number 524, energy consumption: 792.9540447231151, efficiency: 0.21388993642370535, time: 6.73
Task index: 0, Episode number 525, energy consumption: 770.875500176334, efficiency: 0.2533314510177376, time: 6.553
Task index: 0, Episode number 526, energy consumption: 774.4809601027617, efficiency: 0.22935634978227595, time: 6.657
Task index: 0, Episode number 527, energy consumption: 744.0596145816762, efficiency: 0.3600877249902972, time: 6.72
Task index: 0, Episode number 528, energy consumption: 746.1569591163676, efficiency: 0.4010303442552898, time: 6.709
Task index: 0, Episode number 529, energy consumption: 756.1605815092272, efficiency: 0.34457408898419456, time: 6.691
Task index: 0, Episode number 530, energy consumption: 752.6722943255504, efficiency: 0.23036818095264205, time: 6.92
Task index: 0, Episode number 531, energy consumption: 697.6034896263203, efficiency: 0.45624530065677876, time: 6.737
Task index: 0, Episode number 532, energy consumption: 681.7803020611267, efficiency: 0.35446620937547585, time: 6.763
Task index: 0, Episode number 533, energy consumption: 703.2520479476334, efficiency: 0.7075373119265116, time: 6.632
Task index: 0, Episode number 534, energy consumption: 696.2438010120422, efficiency: 0.4749871950120451, time: 6.604
Task index: 0, Episode number 535, energy consumption: 693.4038573755134, efficiency: 0.4871623835817932, time: 6.857
Task index: 0, Episode number 536, energy consumption: 691.1459894316318, efficiency: 0.36305097802514186, time: 6.712
Task index: 0, Episode number 537, energy consumption: 677.8869004036409, efficiency: 0.420676674828759, time: 6.653
Task index: 0, Episode number 538, energy consumption: 672.1673285493911, efficiency: 0.36402773879717476, time: 6.79
Task index: 0, Episode number 539, energy consumption: 666.4572853980097, efficiency: 0.3862678894122582, time: 6.623
Task index: 0, Episode number 540, energy consumption: 655.62039907919, efficiency: 0.2894164772358767, time: 6.821
Task index: 0, Episode number 541, energy consumption: 642.8203415806157, efficiency: 0.3615051310162591, time: 6.693
Task index: 0, Episode number 542, energy consumption: 647.2038549754478, efficiency: 0.7257556874893448, time: 6.66
Task index: 0, Episode number 543, energy consumption: 657.2120156006382, efficiency: 0.5755288992673474, time: 6.815
Task index: 0, Episode number 544, energy consumption: 693.6365528612795, efficiency: 0.5765599008100347, time: 6.624
Task index: 0, Episode number 545, energy consumption: 645.1364782865238, efficiency: 0.7344921712189635, time: 6.92
Task index: 0, Episode number 546, energy consumption: 645.816525803246, efficiency: 0.9091862312555524, time: 6.638
Task index: 0, Episode number 547, energy consumption: 654.3574868220375, efficiency: 0.5560082751842225, time: 6.656
Task index: 0, Episode number 548, energy consumption: 643.3596083472451, efficiency: 0.850527971690617, time: 6.864
Task index: 0, Episode number 549, energy consumption: 647.0247686038589, efficiency: 0.9425812865832689, time: 6.658
Task index: 0, Episode number 550, energy consumption: 673.180337991898, efficiency: 0.732167266314813, time: 6.606
Task index: 0, Episode number 551, energy consumption: 646.6748745272239, efficiency: 0.9119664671758899, time: 6.646
Task index: 0, Episode number 552, energy consumption: 634.1283163172161, efficiency: 0.6191628877182748, time: 6.397
Task index: 0, Episode number 553, energy consumption: 645.182298992945, efficiency: 0.22807561596226206, time: 6.56
Task index: 0, Episode number 554, energy consumption: 629.9816606807458, efficiency: 0.6282389195038061, time: 6.438
Task index: 0, Episode number 555, energy consumption: 637.8635595649861, efficiency: 0.7053854735469614, time: 6.387
Task index: 0, Episode number 556, energy consumption: 645.546502654418, efficiency: 0.7453855340368947, time: 6.808
Task index: 0, Episode number 557, energy consumption: 648.3198793503667, efficiency: 0.42012918614359523, time: 6.733
Task index: 0, Episode number 558, energy consumption: 624.0807690681131, efficiency: 1.0048845857455717, time: 6.908
Task index: 0, Episode number 559, energy consumption: 640.7280893737778, efficiency: 0.7770566997089741, time: 6.931
Task index: 0, Episode number 560, energy consumption: 622.6449281489533, efficiency: 0.7100506755134899, time: 7.045
Task index: 0, Episode number 561, energy consumption: 615.4917145885923, efficiency: 0.9085938060744359, time: 7.39
Task index: 0, Episode number 562, energy consumption: 593.0599693935501, efficiency: 0.9453439500367536, time: 7.027
Task index: 0, Episode number 563, energy consumption: 559.4231264504407, efficiency: 0.9132336404963775, time: 6.971
Task index: 0, Episode number 564, energy consumption: 575.212250029098, efficiency: 1.0909990185020249, time: 7.097
Task index: 0, Episode number 565, energy consumption: 574.9219778397293, efficiency: 1.0886015978516306, time: 7.129
Task index: 0, Episode number 566, energy consumption: 556.7779887407779, efficiency: 1.0960980919297245, time: 7.107
Task index: 0, Episode number 567, energy consumption: 565.1024904768639, efficiency: 1.1310706611389598, time: 6.887
Task index: 0, Episode number 568, energy consumption: 572.9087614347865, efficiency: 0.7493476297221685, time: 6.756
Task index: 0, Episode number 569, energy consumption: 565.5746044941752, efficiency: 0.68465751554248, time: 6.889
Task index: 0, Episode number 570, energy consumption: 560.4059297666903, efficiency: 0.8890859551678492, time: 6.661
Task index: 0, Episode number 571, energy consumption: 562.7658760621024, efficiency: 0.9494391273613101, time: 6.692
Task index: 0, Episode number 572, energy consumption: 553.8781526109688, efficiency: 1.0975984772060619, time: 6.802
Task index: 0, Episode number 573, energy consumption: 590.1770543200923, efficiency: 0.6585202686880035, time: 6.629
Task index: 0, Episode number 574, energy consumption: 571.4457904455317, efficiency: 0.970041109904356, time: 6.727
Task index: 0, Episode number 575, energy consumption: 575.8810849269386, efficiency: 0.9595648038631284, time: 6.572
Task index: 0, Episode number 576, energy consumption: 560.1044053011755, efficiency: 1.11881965687941, time: 6.593
Task index: 0, Episode number 577, energy consumption: 555.9568616960324, efficiency: 1.1981612699417383, time: 6.763
Task index: 0, Episode number 578, energy consumption: 550.6258875431555, efficiency: 0.71353263666215, time: 6.653
Task index: 0, Episode number 579, energy consumption: 548.2338553840485, efficiency: 0.5552091376667668, time: 6.855
Task index: 0, Episode number 580, energy consumption: 561.114185776457, efficiency: 1.0754040350426983, time: 6.567
Task index: 0, Episode number 581, energy consumption: 571.2709625397122, efficiency: 1.0324943156750723, time: 6.531
Task index: 0, Episode number 582, energy consumption: 561.8286910808544, efficiency: 0.9769078466876071, time: 6.839
Task index: 0, Episode number 583, energy consumption: 547.2036477812022, efficiency: 0.6246948495520122, time: 6.545
Task index: 0, Episode number 584, energy consumption: 562.4848762772147, efficiency: 0.5342712830106777, time: 6.641
Task index: 0, Episode number 585, energy consumption: 553.1695945949147, efficiency: 1.3146431667151581, time: 6.774
Task index: 0, Episode number 586, energy consumption: 566.2449271741241, efficiency: 0.9125398835968721, time: 6.617
Task index: 0, Episode number 587, energy consumption: 553.5745408816296, efficiency: 1.2220514364871726, time: 6.794
Task index: 0, Episode number 588, energy consumption: 564.0993797762153, efficiency: 1.0209154106824208, time: 6.68
Task index: 0, Episode number 589, energy consumption: 565.875632522811, efficiency: 0.7740376943484817, time: 6.595
Task index: 0, Episode number 590, energy consumption: 555.7559163064849, efficiency: 0.9690332359853706, time: 6.844
Task index: 0, Episode number 591, energy consumption: 600.6854372543272, efficiency: 0.6098879575700517, time: 6.609
Task index: 0, Episode number 592, energy consumption: 553.548832080318, efficiency: 1.2004765894381184, time: 6.842
Task index: 0, Episode number 593, energy consumption: 578.9800818758865, efficiency: 0.9686462788382659, time: 6.551
Task index: 0, Episode number 594, energy consumption: 575.0154899190926, efficiency: 0.7730327103890374, time: 6.61
Task index: 0, Episode number 595, energy consumption: 551.9417073852145, efficiency: 1.0724939116071652, time: 6.773
Task index: 0, Episode number 596, energy consumption: 569.2937451342743, efficiency: 0.8672989999309884, time: 6.49
Task index: 0, Episode number 597, energy consumption: 576.9059840351102, efficiency: 0.7031347831500179, time: 6.621
Task index: 0, Episode number 598, energy consumption: 567.3570355063704, efficiency: 0.7870525336106063, time: 6.675
Task index: 0, Episode number 599, energy consumption: 584.1888360250974, efficiency: 0.7457839569207857, time: 6.444
Task index: 0, Episode number 600, energy consumption: 563.6900299414697, efficiency: 0.8084337231248002, time: 6.521
steps: 300000.0, episodes: 600, mean episode reward: -4735.271450757231, time: 627.34
Task index: 0, Episode number 601, energy consumption: 589.3460802362517, efficiency: 0.9014676310106033, time: 7.186
Task index: 0, Episode number 602, energy consumption: 620.0852599287467, efficiency: 0.7441726253732108, time: 6.638
Task index: 0, Episode number 603, energy consumption: 616.6045864368826, efficiency: 0.7591370472557125, time: 6.285
Task index: 0, Episode number 604, energy consumption: 614.0445878772301, efficiency: 0.8064360843283201, time: 6.382
Task index: 0, Episode number 605, energy consumption: 587.7513570462901, efficiency: 0.7096539054718269, time: 6.587
Task index: 0, Episode number 606, energy consumption: 599.3720860306097, efficiency: 0.6998568794904071, time: 6.399
Task index: 0, Episode number 607, energy consumption: 573.1350524621822, efficiency: 1.043941704396473, time: 6.33
Task index: 0, Episode number 608, energy consumption: 598.075042871019, efficiency: 1.020721125786646, time: 6.543
Task index: 0, Episode number 609, energy consumption: 571.5799699991521, efficiency: 1.1943107291873905, time: 6.397
Task index: 0, Episode number 610, energy consumption: 582.2843532287351, efficiency: 0.7400655045903382, time: 6.559
Task index: 0, Episode number 611, energy consumption: 561.9532828072487, efficiency: 0.8838222232864399, time: 6.408
Task index: 0, Episode number 612, energy consumption: 578.9572119497409, efficiency: 0.9800586235444952, time: 6.402
Task index: 0, Episode number 613, energy consumption: 573.7248063232283, efficiency: 1.0344153478192666, time: 6.612
Task index: 0, Episode number 614, energy consumption: 584.5853371777195, efficiency: 1.0365598166178305, time: 6.282
Task index: 0, Episode number 615, energy consumption: 565.9083371415942, efficiency: 0.9248314119583092, time: 6.489
Task index: 0, Episode number 616, energy consumption: 578.9622688449903, efficiency: 0.4892587511060957, time: 6.409
Task index: 0, Episode number 617, energy consumption: 568.66251650529, efficiency: 0.8868656254118823, time: 6.288
Task index: 0, Episode number 618, energy consumption: 599.6357162716553, efficiency: 0.9590861163415086, time: 6.519
Task index: 0, Episode number 619, energy consumption: 596.2155339026311, efficiency: 0.7119516863871307, time: 6.329
Task index: 0, Episode number 620, energy consumption: 609.4505130129296, efficiency: 0.5686888202105781, time: 6.374
Task index: 0, Episode number 621, energy consumption: 597.5230696061676, efficiency: 0.6987784827818084, time: 6.579
Task index: 0, Episode number 622, energy consumption: 626.112759266762, efficiency: 0.5302922150572691, time: 6.383
Task index: 0, Episode number 623, energy consumption: 627.9050792868011, efficiency: 0.6023006423756931, time: 6.573
Task index: 0, Episode number 624, energy consumption: 593.6077403499593, efficiency: 0.8336404484449822, time: 6.409
Task index: 0, Episode number 625, energy consumption: 610.8249189601938, efficiency: 0.6915825263880906, time: 6.328
Task index: 0, Episode number 626, energy consumption: 645.3220607154296, efficiency: 0.7349862141268237, time: 6.497
Task index: 0, Episode number 627, energy consumption: 601.7114863250873, efficiency: 1.0272418871493756, time: 6.366
Task index: 0, Episode number 628, energy consumption: 600.942164772259, efficiency: 0.7280829833434813, time: 6.517
Task index: 0, Episode number 629, energy consumption: 600.7628590010831, efficiency: 0.5996039686023459, time: 6.343
Task index: 0, Episode number 630, energy consumption: 625.99992910047, efficiency: 1.0336583409334539, time: 6.408
Task index: 0, Episode number 631, energy consumption: 596.2111087751518, efficiency: 0.9088459035532724, time: 6.555
Task index: 0, Episode number 632, energy consumption: 594.6704568209216, efficiency: 1.017257165278299, time: 6.34
Task index: 0, Episode number 633, energy consumption: 594.8967527962346, efficiency: 0.9372881039357522, time: 6.321
Task index: 0, Episode number 634, energy consumption: 639.8205788134552, efficiency: 0.8034875448184076, time: 6.553
Task index: 0, Episode number 635, energy consumption: 596.2839744991505, efficiency: 0.6322335567636388, time: 6.388
Task index: 0, Episode number 636, energy consumption: 594.5365675000372, efficiency: 0.7847199005130097, time: 6.56
Task index: 0, Episode number 637, energy consumption: 622.0092148323497, efficiency: 1.0399163513084266, time: 6.357
Task index: 0, Episode number 638, energy consumption: 593.3802702930416, efficiency: 0.7221805492217808, time: 6.405
Task index: 0, Episode number 639, energy consumption: 606.0612440849378, efficiency: 1.142626084306598, time: 6.577
Task index: 0, Episode number 640, energy consumption: 586.5453949708259, efficiency: 1.1254351943500591, time: 6.319
Task index: 0, Episode number 641, energy consumption: 587.4743916633767, efficiency: 0.891400903010951, time: 6.554
Task index: 0, Episode number 642, energy consumption: 585.104317840176, efficiency: 0.7582180744220512, time: 6.407
Task index: 0, Episode number 643, energy consumption: 580.9603618476148, efficiency: 1.0877267572544704, time: 6.408
Task index: 0, Episode number 644, energy consumption: 582.880000173643, efficiency: 0.7677255105621392, time: 6.575
Task index: 0, Episode number 645, energy consumption: 574.9052395947845, efficiency: 0.758799034239852, time: 6.314
Task index: 0, Episode number 646, energy consumption: 568.5931191988211, efficiency: 0.7694730840601657, time: 6.303
Task index: 0, Episode number 647, energy consumption: 562.9224095896831, efficiency: 1.051591990415993, time: 6.573
Task index: 0, Episode number 648, energy consumption: 553.6954034515137, efficiency: 1.251099883453906, time: 6.375
Task index: 0, Episode number 649, energy consumption: 553.8921898276534, efficiency: 0.6539683245017806, time: 6.614
Task index: 0, Episode number 650, energy consumption: 556.516012100392, efficiency: 0.7527685522378218, time: 6.391
Task index: 0, Episode number 651, energy consumption: 553.0477905042679, efficiency: 0.5028254532958664, time: 6.307
Task index: 0, Episode number 652, energy consumption: 549.6138369905615, efficiency: 1.0789241537537086, time: 6.623
Task index: 0, Episode number 653, energy consumption: 548.2544918901959, efficiency: 1.0544288110807443, time: 6.606
Task index: 0, Episode number 654, energy consumption: 542.0118766096776, efficiency: 1.0037640795672143, time: 6.764
Task index: 0, Episode number 655, energy consumption: 549.9552033836648, efficiency: 1.310353051746211, time: 6.708
Task index: 0, Episode number 656, energy consumption: 573.4251308183374, efficiency: 1.123204550975952, time: 6.581
Task index: 0, Episode number 657, energy consumption: 580.1453973479142, efficiency: 0.7448470981533517, time: 6.821
Task index: 0, Episode number 658, energy consumption: 540.598311198442, efficiency: 0.5419481256146264, time: 6.607
Task index: 0, Episode number 659, energy consumption: 542.5821372296848, efficiency: 0.7762795395402325, time: 6.511
Task index: 0, Episode number 660, energy consumption: 539.1040319528668, efficiency: 0.5772127074545541, time: 6.826
Task index: 0, Episode number 661, energy consumption: 538.9988834138269, efficiency: 0.5192106229990303, time: 6.596
Task index: 0, Episode number 662, energy consumption: 538.9965658608033, efficiency: 0.5646966121455534, time: 6.668
Task index: 0, Episode number 663, energy consumption: 538.392247086077, efficiency: 0.734792715455993, time: 6.557
Task index: 0, Episode number 664, energy consumption: 536.5215691114091, efficiency: 0.8902640769072179, time: 6.455
Task index: 0, Episode number 665, energy consumption: 537.3152643552967, efficiency: 0.90197858133966, time: 6.76
Task index: 0, Episode number 666, energy consumption: 537.4870614018786, efficiency: 1.3006984242150736, time: 6.346
Task index: 0, Episode number 667, energy consumption: 535.3744849875105, efficiency: 1.4155101687668084, time: 6.736
Task index: 0, Episode number 668, energy consumption: 536.6684242185129, efficiency: 1.0548675100636364, time: 6.6
Task index: 0, Episode number 669, energy consumption: 536.2906054190651, efficiency: 1.042112052290476, time: 6.498
Task index: 0, Episode number 670, energy consumption: 537.1022176291875, efficiency: 1.1075833389456629, time: 6.905
Task index: 0, Episode number 671, energy consumption: 537.0069202417538, efficiency: 0.9453257725918981, time: 6.624
Task index: 0, Episode number 672, energy consumption: 537.7280203250008, efficiency: 1.2413889393114774, time: 6.592
Task index: 0, Episode number 673, energy consumption: 535.9156117295862, efficiency: 1.1688431315534655, time: 6.695
Task index: 0, Episode number 674, energy consumption: 534.3642230275159, efficiency: 1.008460672374483, time: 6.695
Task index: 0, Episode number 675, energy consumption: 535.4351112225133, efficiency: 1.4736520027759206, time: 6.571
Task index: 0, Episode number 676, energy consumption: 536.7750379408517, efficiency: 1.2804535076031462, time: 6.802
Task index: 0, Episode number 677, energy consumption: 540.0969780831551, efficiency: 0.9674064441533011, time: 6.712
Task index: 0, Episode number 678, energy consumption: 534.3275089729468, efficiency: 1.0932556473498551, time: 6.855
Task index: 0, Episode number 679, energy consumption: 540.7432500708427, efficiency: 0.7059102455506554, time: 6.6
Task index: 0, Episode number 680, energy consumption: 533.2106949331284, efficiency: 1.0639631527381406, time: 6.576
Task index: 0, Episode number 681, energy consumption: 536.4654894426534, efficiency: 1.3376781210391737, time: 6.735
Task index: 0, Episode number 682, energy consumption: 570.8362708842277, efficiency: 0.8453490186663705, time: 6.682
Task index: 0, Episode number 683, energy consumption: 605.1422299804335, efficiency: 0.6412168332327914, time: 6.732
Task index: 0, Episode number 684, energy consumption: 605.2853104281967, efficiency: 0.4307137075209757, time: 6.816
Task index: 0, Episode number 685, energy consumption: 601.9785448856694, efficiency: 1.0569054428180662, time: 6.616
Task index: 0, Episode number 686, energy consumption: 562.5861742388039, efficiency: 0.20285264617062712, time: 6.855
Task index: 0, Episode number 687, energy consumption: 535.2136846410573, efficiency: 0.670932743026045, time: 6.682
Task index: 0, Episode number 688, energy consumption: 586.7166136644704, efficiency: 0.3762858512902813, time: 6.692
Task index: 0, Episode number 689, energy consumption: 538.5391463199124, efficiency: 0.9660090159223407, time: 6.865
Task index: 0, Episode number 690, energy consumption: 536.7911240180796, efficiency: 1.066099103697449, time: 6.492
Task index: 0, Episode number 691, energy consumption: 535.5761866710704, efficiency: 1.2329655795358667, time: 6.892
Task index: 0, Episode number 692, energy consumption: 536.7825464977684, efficiency: 1.3068440129189465, time: 6.527
Task index: 0, Episode number 693, energy consumption: 535.8926821109841, efficiency: 0.9832227463908476, time: 6.546
Task index: 0, Episode number 694, energy consumption: 534.8148175080452, efficiency: 1.2916217262817336, time: 6.525
Task index: 0, Episode number 695, energy consumption: 535.9926392937691, efficiency: 0.6953061546372167, time: 6.351
Task index: 0, Episode number 696, energy consumption: 535.541836888449, efficiency: 1.2980061812092842, time: 6.359
Task index: 0, Episode number 697, energy consumption: 537.2921779717644, efficiency: 0.9399459514989541, time: 6.517
Task index: 0, Episode number 698, energy consumption: 535.5275305909006, efficiency: 1.021110301492077, time: 6.335
Task index: 0, Episode number 699, energy consumption: 535.3660690089501, efficiency: 0.8489613164982193, time: 6.608
Task index: 0, Episode number 700, energy consumption: 533.438939926771, efficiency: 1.12393285875244, time: 6.611
steps: 350000.0, episodes: 700, mean episode reward: -2087.2633954981784, time: 654.37
Task index: 0, Episode number 701, energy consumption: 536.1083262164776, efficiency: 1.157595694307098, time: 7.4
Task index: 0, Episode number 702, energy consumption: 535.8281116912556, efficiency: 0.7303573180444443, time: 6.768
Task index: 0, Episode number 703, energy consumption: 535.5251921003786, efficiency: 1.3514779232249434, time: 6.659
Task index: 0, Episode number 704, energy consumption: 535.7024311176, efficiency: 1.5746380584078803, time: 6.714
Task index: 0, Episode number 705, energy consumption: 535.5588321358271, efficiency: 1.4075056719223327, time: 6.549
Task index: 0, Episode number 706, energy consumption: 536.9820165205574, efficiency: 0.9350443619628838, time: 6.459
Task index: 0, Episode number 707, energy consumption: 534.548126631768, efficiency: 1.3775209344212753, time: 6.751
Task index: 0, Episode number 708, energy consumption: 536.5032768588967, efficiency: 1.272189532235765, time: 6.561
Task index: 0, Episode number 709, energy consumption: 536.350798307937, efficiency: 1.015167825602198, time: 6.8
Task index: 0, Episode number 710, energy consumption: 537.1238650608435, efficiency: 1.077372513598291, time: 6.596
Task index: 0, Episode number 711, energy consumption: 534.5546813145105, efficiency: 0.7477205897077853, time: 6.587
Task index: 0, Episode number 712, energy consumption: 536.2488154289939, efficiency: 0.9040517802685994, time: 6.799
Task index: 0, Episode number 713, energy consumption: 537.0149566149704, efficiency: 0.42269298214975315, time: 6.622
Task index: 0, Episode number 714, energy consumption: 535.9004531072225, efficiency: 0.8500293533131315, time: 6.597
Task index: 0, Episode number 715, energy consumption: 538.3642359822037, efficiency: 1.4910824604604596, time: 6.807
Task index: 0, Episode number 716, energy consumption: 537.6372228052171, efficiency: 0.8934100129962429, time: 6.602
Task index: 0, Episode number 717, energy consumption: 536.9321777404496, efficiency: 0.9831558274554401, time: 6.824
Task index: 0, Episode number 718, energy consumption: 535.7191158853858, efficiency: 0.8487031791265212, time: 6.556
Task index: 0, Episode number 719, energy consumption: 534.1438617542717, efficiency: 0.8188856405980104, time: 6.634
Task index: 0, Episode number 720, energy consumption: 535.5175427187608, efficiency: 0.9433062642117126, time: 6.597
Task index: 0, Episode number 721, energy consumption: 539.6547366641457, efficiency: 1.4730642659906539, time: 6.407
Task index: 0, Episode number 722, energy consumption: 536.1472551668606, efficiency: 1.0010687129764597, time: 6.596
Task index: 0, Episode number 723, energy consumption: 535.6754037240961, efficiency: 0.9647248370955044, time: 6.67
Task index: 0, Episode number 724, energy consumption: 536.0105173982864, efficiency: 0.5952590318826647, time: 6.545
Task index: 0, Episode number 725, energy consumption: 535.8904615053422, efficiency: 0.9561947535859966, time: 6.702
Task index: 0, Episode number 726, energy consumption: 536.699850446234, efficiency: 1.2388678847236654, time: 6.524
Task index: 0, Episode number 727, energy consumption: 534.8650778891307, efficiency: 0.9168852246346589, time: 6.407
Task index: 0, Episode number 728, energy consumption: 537.050710948457, efficiency: 1.321868897368032, time: 6.836
Task index: 0, Episode number 729, energy consumption: 535.1831428355059, efficiency: 0.5563601316389918, time: 6.631
Task index: 0, Episode number 730, energy consumption: 535.1468243901669, efficiency: 1.0564196342592636, time: 6.585
Task index: 0, Episode number 731, energy consumption: 534.8084758235951, efficiency: 1.2047980963748703, time: 6.869
Task index: 0, Episode number 732, energy consumption: 534.8807443098846, efficiency: 0.8948032877090042, time: 6.605
Task index: 0, Episode number 733, energy consumption: 536.6529354595906, efficiency: 0.8929145777746352, time: 6.77
Task index: 0, Episode number 734, energy consumption: 534.924199551101, efficiency: 1.2285542431824101, time: 6.581
Task index: 0, Episode number 735, energy consumption: 534.6090426935702, efficiency: 1.13981454494355, time: 6.643
Task index: 0, Episode number 736, energy consumption: 536.7772406217028, efficiency: 0.8228094609670548, time: 6.788
Task index: 0, Episode number 737, energy consumption: 535.0844307908648, efficiency: 0.9595153658700768, time: 6.57
Task index: 0, Episode number 738, energy consumption: 536.244591970969, efficiency: 0.8629662826700573, time: 6.785
Task index: 0, Episode number 739, energy consumption: 535.8771854317621, efficiency: 1.1258782849116353, time: 6.601
Task index: 0, Episode number 740, energy consumption: 535.1750156863737, efficiency: 0.948901086429261, time: 6.589
Task index: 0, Episode number 741, energy consumption: 533.4252060163036, efficiency: 1.0583948024761636, time: 6.762
Task index: 0, Episode number 742, energy consumption: 540.4984862466467, efficiency: 1.2193050332806803, time: 6.48
Task index: 0, Episode number 743, energy consumption: 535.2465006752426, efficiency: 0.957727847976677, time: 6.478
Task index: 0, Episode number 744, energy consumption: 532.6984182490548, efficiency: 1.0254214131867434, time: 6.68
Task index: 0, Episode number 745, energy consumption: 533.8438270401253, efficiency: 1.167933375710566, time: 6.507
Task index: 0, Episode number 746, energy consumption: 534.4690666455949, efficiency: 1.081872153430057, time: 6.467
Task index: 0, Episode number 747, energy consumption: 535.4939120875179, efficiency: 0.991464121918648, time: 6.265
Task index: 0, Episode number 748, energy consumption: 533.8750846950176, efficiency: 0.8629405706691431, time: 6.405
Task index: 0, Episode number 749, energy consumption: 535.8357693535341, efficiency: 0.7127699189856472, time: 6.483
Task index: 0, Episode number 750, energy consumption: 535.0218498804547, efficiency: 1.0515323358278024, time: 6.429
Task index: 0, Episode number 751, energy consumption: 535.5121793027228, efficiency: 0.7001963428000397, time: 6.868
Task index: 0, Episode number 752, energy consumption: 535.330857387558, efficiency: 0.7456744483148352, time: 6.616
Task index: 0, Episode number 753, energy consumption: 535.4597206030263, efficiency: 1.034612537687547, time: 6.581
Task index: 0, Episode number 754, energy consumption: 534.2984067928461, efficiency: 0.9084554978602462, time: 6.986
Task index: 0, Episode number 755, energy consumption: 537.5214410494692, efficiency: 0.8580550270713393, time: 6.6
Task index: 0, Episode number 756, energy consumption: 535.0012765494706, efficiency: 0.7252801755878033, time: 6.614
Task index: 0, Episode number 757, energy consumption: 536.4422343233298, efficiency: 1.1485755167230263, time: 6.789
Task index: 0, Episode number 758, energy consumption: 536.4561633377438, efficiency: 0.3421564951239429, time: 6.774
Task index: 0, Episode number 759, energy consumption: 534.5230213175769, efficiency: 0.7368945713542733, time: 6.946
Task index: 0, Episode number 760, energy consumption: 550.4259936412387, efficiency: 0.8123847579385512, time: 6.782
Task index: 0, Episode number 761, energy consumption: 536.0713942358078, efficiency: 0.9708559567802513, time: 6.591
Task index: 0, Episode number 762, energy consumption: 536.5953313392628, efficiency: 1.389323952689893, time: 6.901
Task index: 0, Episode number 763, energy consumption: 537.747190741658, efficiency: 1.1819928069619394, time: 6.594