2019-07-24 14:08:25.288405: I tensorflow/core/platform/cpu_feature_guard.cc:141] Your CPU supports instructions that this TensorFlow binary was not compiled to use: AVX2 FMA
2019-07-24 14:08:25.296973: E tensorflow/stream_executor/cuda/cuda_driver.cc:300] failed call to cuInit: CUDA_ERROR_NO_DEVICE: no CUDA-capable device is detected
2019-07-24 14:08:25.297005: I tensorflow/stream_executor/cuda/cuda_diagnostics.cc:161] retrieving CUDA diagnostic information for host: lirhea-B450-AORUS-M
2019-07-24 14:08:25.297012: I tensorflow/stream_executor/cuda/cuda_diagnostics.cc:168] hostname: lirhea-B450-AORUS-M
2019-07-24 14:08:25.297045: I tensorflow/stream_executor/cuda/cuda_diagnostics.cc:192] libcuda reported version is: 418.56.0
2019-07-24 14:08:25.297064: I tensorflow/stream_executor/cuda/cuda_diagnostics.cc:196] kernel reported version is: 418.56.0
2019-07-24 14:08:25.297071: I tensorflow/stream_executor/cuda/cuda_diagnostics.cc:303] kernel version seems to match DSO: 418.56.0
2019-07-24 14:08:25.316905: I tensorflow/core/platform/profile_utils/cpu_utils.cc:94] CPU Frequency: 3693030000 Hz
2019-07-24 14:08:25.317628: I tensorflow/compiler/xla/service/service.cc:150] XLA service 0x5f6b210 executing computations on platform Host. Devices:
2019-07-24 14:08:25.317660: I tensorflow/compiler/xla/service/service.cc:158]   StreamExecutor device (0): <undefined>, <undefined>
WARNING:tensorflow:From /usr/local/lib/python3.5/dist-packages/tensorflow/python/framework/op_def_library.py:263: colocate_with (from tensorflow.python.framework.ops) is deprecated and will be removed in a future version.
Instructions for updating:
Colocations handled automatically by placer.
WARNING:tensorflow:From /home/lirhea/mxxhcm/code/maddpg/single-lstm-false/experiments/../maddpg_/common/tf_util.py:24: calling softmax (from tensorflow.python.ops.nn_ops) with dim is deprecated and will be removed in a future version.
Instructions for updating:
dim is deprecated, use axis instead
../checkpoints/policy_reward_type_2_history_length_1_shared_lstm_True_batch_size_8_num_task_1_train_data_name_chengdu_buffer_size_100000_max_episode_len_500_save_rate_10_gamma_0.83_num_units_160_UAVnumber_3_size_map_10_radius_1.0_debug2/
Using good policy maddpg and adv policy maddpg
<tf.Variable 'actor_agent_0/p_func/fully_connected/weights:0' shape=(314, 160) dtype=float32_ref>
<tf.Variable 'actor_agent_0/p_func/fully_connected/biases:0' shape=(160,) dtype=float32_ref>
<tf.Variable 'actor_agent_0/p_func/fully_connected_1/weights:0' shape=(160, 160) dtype=float32_ref>
<tf.Variable 'actor_agent_0/p_func/fully_connected_1/biases:0' shape=(160,) dtype=float32_ref>
<tf.Variable 'actor_agent_0/p_func/fully_connected_2/weights:0' shape=(160, 5) dtype=float32_ref>
<tf.Variable 'actor_agent_0/p_func/fully_connected_2/biases:0' shape=(5,) dtype=float32_ref>
<tf.Variable 'actor_agent_0/target_p_func/fully_connected/weights:0' shape=(314, 160) dtype=float32_ref>
<tf.Variable 'actor_agent_0/target_p_func/fully_connected/biases:0' shape=(160,) dtype=float32_ref>
<tf.Variable 'actor_agent_0/target_p_func/fully_connected_1/weights:0' shape=(160, 160) dtype=float32_ref>
<tf.Variable 'actor_agent_0/target_p_func/fully_connected_1/biases:0' shape=(160,) dtype=float32_ref>
<tf.Variable 'actor_agent_0/target_p_func/fully_connected_2/weights:0' shape=(160, 5) dtype=float32_ref>
<tf.Variable 'actor_agent_0/target_p_func/fully_connected_2/biases:0' shape=(5,) dtype=float32_ref>
<tf.Variable 'actor_agent_1/p_func/fully_connected/weights:0' shape=(314, 160) dtype=float32_ref>
<tf.Variable 'actor_agent_1/p_func/fully_connected/biases:0' shape=(160,) dtype=float32_ref>
<tf.Variable 'actor_agent_1/p_func/fully_connected_1/weights:0' shape=(160, 160) dtype=float32_ref>
<tf.Variable 'actor_agent_1/p_func/fully_connected_1/biases:0' shape=(160,) dtype=float32_ref>
<tf.Variable 'actor_agent_1/p_func/fully_connected_2/weights:0' shape=(160, 5) dtype=float32_ref>
<tf.Variable 'actor_agent_1/p_func/fully_connected_2/biases:0' shape=(5,) dtype=float32_ref>
<tf.Variable 'actor_agent_1/target_p_func/fully_connected/weights:0' shape=(314, 160) dtype=float32_ref>
<tf.Variable 'actor_agent_1/target_p_func/fully_connected/biases:0' shape=(160,) dtype=float32_ref>
<tf.Variable 'actor_agent_1/target_p_func/fully_connected_1/weights:0' shape=(160, 160) dtype=float32_ref>
<tf.Variable 'actor_agent_1/target_p_func/fully_connected_1/biases:0' shape=(160,) dtype=float32_ref>
<tf.Variable 'actor_agent_1/target_p_func/fully_connected_2/weights:0' shape=(160, 5) dtype=float32_ref>
<tf.Variable 'actor_agent_1/target_p_func/fully_connected_2/biases:0' shape=(5,) dtype=float32_ref>
<tf.Variable 'actor_agent_2/p_func/fully_connected/weights:0' shape=(314, 160) dtype=float32_ref>
<tf.Variable 'actor_agent_2/p_func/fully_connected/biases:0' shape=(160,) dtype=float32_ref>
<tf.Variable 'actor_agent_2/p_func/fully_connected_1/weights:0' shape=(160, 160) dtype=float32_ref>
<tf.Variable 'actor_agent_2/p_func/fully_connected_1/biases:0' shape=(160,) dtype=float32_ref>
<tf.Variable 'actor_agent_2/p_func/fully_connected_2/weights:0' shape=(160, 5) dtype=float32_ref>
<tf.Variable 'actor_agent_2/p_func/fully_connected_2/biases:0' shape=(5,) dtype=float32_ref>
<tf.Variable 'actor_agent_2/target_p_func/fully_connected/weights:0' shape=(314, 160) dtype=float32_ref>
<tf.Variable 'actor_agent_2/target_p_func/fully_connected/biases:0' shape=(160,) dtype=float32_ref>
<tf.Variable 'actor_agent_2/target_p_func/fully_connected_1/weights:0' shape=(160, 160) dtype=float32_ref>
<tf.Variable 'actor_agent_2/target_p_func/fully_connected_1/biases:0' shape=(160,) dtype=float32_ref>
<tf.Variable 'actor_agent_2/target_p_func/fully_connected_2/weights:0' shape=(160, 5) dtype=float32_ref>
<tf.Variable 'actor_agent_2/target_p_func/fully_connected_2/biases:0' shape=(5,) dtype=float32_ref>
<tf.Variable 'task_1_agent_0/q_func/fully_connected/weights:0' shape=(957, 160) dtype=float32_ref>
<tf.Variable 'task_1_agent_0/q_func/fully_connected/biases:0' shape=(160,) dtype=float32_ref>
<tf.Variable 'task_1_agent_0/q_func/fully_connected_1/weights:0' shape=(160, 160) dtype=float32_ref>
<tf.Variable 'task_1_agent_0/q_func/fully_connected_1/biases:0' shape=(160,) dtype=float32_ref>
<tf.Variable 'task_1_agent_0/q_func/fully_connected_2/weights:0' shape=(160, 1) dtype=float32_ref>
<tf.Variable 'task_1_agent_0/q_func/fully_connected_2/biases:0' shape=(1,) dtype=float32_ref>
<tf.Variable 'task_1_agent_0/target_q_func/fully_connected/weights:0' shape=(957, 160) dtype=float32_ref>
<tf.Variable 'task_1_agent_0/target_q_func/fully_connected/biases:0' shape=(160,) dtype=float32_ref>
<tf.Variable 'task_1_agent_0/target_q_func/fully_connected_1/weights:0' shape=(160, 160) dtype=float32_ref>
<tf.Variable 'task_1_agent_0/target_q_func/fully_connected_1/biases:0' shape=(160,) dtype=float32_ref>
<tf.Variable 'task_1_agent_0/target_q_func/fully_connected_2/weights:0' shape=(160, 1) dtype=float32_ref>
<tf.Variable 'task_1_agent_0/target_q_func/fully_connected_2/biases:0' shape=(1,) dtype=float32_ref>
<tf.Variable 'task_1_agent_1/q_func/fully_connected/weights:0' shape=(957, 160) dtype=float32_ref>
<tf.Variable 'task_1_agent_1/q_func/fully_connected/biases:0' shape=(160,) dtype=float32_ref>
<tf.Variable 'task_1_agent_1/q_func/fully_connected_1/weights:0' shape=(160, 160) dtype=float32_ref>
<tf.Variable 'task_1_agent_1/q_func/fully_connected_1/biases:0' shape=(160,) dtype=float32_ref>
<tf.Variable 'task_1_agent_1/q_func/fully_connected_2/weights:0' shape=(160, 1) dtype=float32_ref>
<tf.Variable 'task_1_agent_1/q_func/fully_connected_2/biases:0' shape=(1,) dtype=float32_ref>
<tf.Variable 'task_1_agent_1/target_q_func/fully_connected/weights:0' shape=(957, 160) dtype=float32_ref>
<tf.Variable 'task_1_agent_1/target_q_func/fully_connected/biases:0' shape=(160,) dtype=float32_ref>
<tf.Variable 'task_1_agent_1/target_q_func/fully_connected_1/weights:0' shape=(160, 160) dtype=float32_ref>
<tf.Variable 'task_1_agent_1/target_q_func/fully_connected_1/biases:0' shape=(160,) dtype=float32_ref>
<tf.Variable 'task_1_agent_1/target_q_func/fully_connected_2/weights:0' shape=(160, 1) dtype=float32_ref>
<tf.Variable 'task_1_agent_1/target_q_func/fully_connected_2/biases:0' shape=(1,) dtype=float32_ref>
<tf.Variable 'task_1_agent_2/q_func/fully_connected/weights:0' shape=(957, 160) dtype=float32_ref>
<tf.Variable 'task_1_agent_2/q_func/fully_connected/biases:0' shape=(160,) dtype=float32_ref>
<tf.Variable 'task_1_agent_2/q_func/fully_connected_1/weights:0' shape=(160, 160) dtype=float32_ref>
<tf.Variable 'task_1_agent_2/q_func/fully_connected_1/biases:0' shape=(160,) dtype=float32_ref>
<tf.Variable 'task_1_agent_2/q_func/fully_connected_2/weights:0' shape=(160, 1) dtype=float32_ref>
<tf.Variable 'task_1_agent_2/q_func/fully_connected_2/biases:0' shape=(1,) dtype=float32_ref>
<tf.Variable 'task_1_agent_2/target_q_func/fully_connected/weights:0' shape=(957, 160) dtype=float32_ref>
<tf.Variable 'task_1_agent_2/target_q_func/fully_connected/biases:0' shape=(160,) dtype=float32_ref>
<tf.Variable 'task_1_agent_2/target_q_func/fully_connected_1/weights:0' shape=(160, 160) dtype=float32_ref>
<tf.Variable 'task_1_agent_2/target_q_func/fully_connected_1/biases:0' shape=(160,) dtype=float32_ref>
<tf.Variable 'task_1_agent_2/target_q_func/fully_connected_2/weights:0' shape=(160, 1) dtype=float32_ref>
<tf.Variable 'task_1_agent_2/target_q_func/fully_connected_2/biases:0' shape=(1,) dtype=float32_ref>
Starting iterations...
Task index: 0, Episode number 1, energy consumption: 583.9006876532097, efficiency: 0.021255756215305975, time: 2.408
Task index: 0, Episode number 2, energy consumption: 582.9587346245397, efficiency: 0.050872018563155055, time: 2.249
Task index: 0, Episode number 3, energy consumption: 581.4153372299753, efficiency: 0.059377994999841234, time: 2.203
Task index: 0, Episode number 4, energy consumption: 584.7456182634792, efficiency: 0.026122699252507816, time: 2.314
Task index: 0, Episode number 5, energy consumption: 582.8094422998847, efficiency: 0.03548664054239813, time: 2.197
Task index: 0, Episode number 6, energy consumption: 582.3795502772468, efficiency: 0.04806938223531599, time: 2.276
Task index: 0, Episode number 7, energy consumption: 581.8696598150232, efficiency: 0.020167648121093597, time: 2.616
Task index: 0, Episode number 8, energy consumption: 586.1304425017033, efficiency: 0.07209255042505035, time: 3.334
Task index: 0, Episode number 9, energy consumption: 777.7499491722275, efficiency: 0.020217547219199865, time: 2.634
Task index: 0, Episode number 10, energy consumption: 793.0812991023977, efficiency: 0.017275894116926215, time: 2.782
steps: 5000.0, episodes: 10, mean episode reward: -1463.8232205680079, time: 25.365
Task index: 0, Episode number 11, energy consumption: 661.2812689954895, efficiency: 0.023641254958841878, time: 3.337
Task index: 0, Episode number 12, energy consumption: 683.3517123150447, efficiency: 0.018787934204722006, time: 2.642
Task index: 0, Episode number 13, energy consumption: 664.8410708949201, efficiency: 0.019233132627406314, time: 2.754
Task index: 0, Episode number 14, energy consumption: 722.4099267893162, efficiency: 0.010070074643808321, time: 2.903
Task index: 0, Episode number 15, energy consumption: 857.5254635186438, efficiency: 0.0052373876513666685, time: 2.537
Task index: 0, Episode number 16, energy consumption: 819.4937828151997, efficiency: 0.01592000315375122, time: 2.598
Task index: 0, Episode number 17, energy consumption: 679.5919982680533, efficiency: 0.026359007601798146, time: 2.575
Task index: 0, Episode number 18, energy consumption: 757.3000013455422, efficiency: 0.02139797373557812, time: 2.566
Task index: 0, Episode number 19, energy consumption: 692.3064925284331, efficiency: 0.013871064222311158, time: 2.709
Task index: 0, Episode number 20, energy consumption: 598.8613229135459, efficiency: 0.03345177963934906, time: 2.807
steps: 10000.0, episodes: 20, mean episode reward: -2187.851639407494, time: 27.284
Task index: 0, Episode number 21, energy consumption: 570.2348022174019, efficiency: 0.020071814734208833, time: 3.296
Task index: 0, Episode number 22, energy consumption: 669.1439677515945, efficiency: 0.00794480684103276, time: 2.691
Task index: 0, Episode number 23, energy consumption: 682.2857326000948, efficiency: 0.009366649860426861, time: 2.734
Task index: 0, Episode number 24, energy consumption: 805.0581504853066, efficiency: 0.008871683006619903, time: 2.774
Task index: 0, Episode number 25, energy consumption: 717.0513788277549, efficiency: 0.017257962845318536, time: 2.462
Task index: 0, Episode number 26, energy consumption: 714.5186801489025, efficiency: 0.01926356053676324, time: 2.62
Task index: 0, Episode number 27, energy consumption: 735.1783253546224, efficiency: 0.007629190622429834, time: 2.525
Task index: 0, Episode number 28, energy consumption: 712.7256494276018, efficiency: 0.01639199325570199, time: 2.335
Task index: 0, Episode number 29, energy consumption: 619.1302292375887, efficiency: 0.028583105974811084, time: 2.413
Task index: 0, Episode number 30, energy consumption: 535.7350815912004, efficiency: 0.005388778814626169, time: 2.498
steps: 15000.0, episodes: 30, mean episode reward: -2231.370312028934, time: 26.345
Task index: 0, Episode number 31, energy consumption: 527.5643467574429, efficiency: 0.03443367662140763, time: 2.95
Task index: 0, Episode number 32, energy consumption: 513.0696842477314, efficiency: 0.028264681782942294, time: 2.339
Task index: 0, Episode number 33, energy consumption: 516.9467776253559, efficiency: 0.03165492597185008, time: 2.331
Task index: 0, Episode number 34, energy consumption: 507.19875565205865, efficiency: 0.050582840575661356, time: 2.508
Task index: 0, Episode number 35, energy consumption: 508.11243079510655, efficiency: 0.08521119017384149, time: 2.269
Task index: 0, Episode number 36, energy consumption: 508.0699103955391, efficiency: 0.06983640507709082, time: 2.323
Task index: 0, Episode number 37, energy consumption: 509.75170118623265, efficiency: 0.04606579196212945, time: 2.306
Task index: 0, Episode number 38, energy consumption: 503.2788087404836, efficiency: 0.03620327474007607, time: 2.228
Task index: 0, Episode number 39, energy consumption: 509.33317047924135, efficiency: 0.06404222335894405, time: 2.224
Task index: 0, Episode number 40, energy consumption: 504.78217878485293, efficiency: 0.030430527721226643, time: 2.417
steps: 20000.0, episodes: 40, mean episode reward: -513.3666731074085, time: 23.873
Task index: 0, Episode number 41, energy consumption: 505.8708159860765, efficiency: 0.056334406081601895, time: 2.891
Task index: 0, Episode number 42, energy consumption: 505.54675562192057, efficiency: 0.02362066943500131, time: 2.394
Task index: 0, Episode number 43, energy consumption: 505.60525184550687, efficiency: 0.03807451567156632, time: 2.288
Task index: 0, Episode number 44, energy consumption: 504.84278235801213, efficiency: 0.03603383574465158, time: 2.397
Task index: 0, Episode number 45, energy consumption: 503.7518913468546, efficiency: 0.03762581647298186, time: 2.439
Task index: 0, Episode number 46, energy consumption: 504.2312313736987, efficiency: 0.03582782021933156, time: 2.382
Task index: 0, Episode number 47, energy consumption: 502.9953277036971, efficiency: 0.05323614319448382, time: 2.261
Task index: 0, Episode number 48, energy consumption: 505.21987121730484, efficiency: 0.06005382519601906, time: 2.398
Task index: 0, Episode number 49, energy consumption: 504.1054743273914, efficiency: 0.007537842565271177, time: 2.384
Task index: 0, Episode number 50, energy consumption: 502.98106651256165, efficiency: 0.03426726092190147, time: 2.364
steps: 25000.0, episodes: 50, mean episode reward: -474.95961201352947, time: 24.209
Task index: 0, Episode number 51, energy consumption: 504.8490721821456, efficiency: 0.032752835356962495, time: 3.019
Task index: 0, Episode number 52, energy consumption: 501.59360492118344, efficiency: 0.03851483447922448, time: 2.382
Task index: 0, Episode number 53, energy consumption: 502.44756029140103, efficiency: 0.021649140331565928, time: 2.289
Task index: 0, Episode number 54, energy consumption: 503.3676725485199, efficiency: 0.043836448893157895, time: 2.338
Task index: 0, Episode number 55, energy consumption: 504.1296442603057, efficiency: 0.035941653417854, time: 2.36
Task index: 0, Episode number 56, energy consumption: 506.0458169692121, efficiency: 0.04926619934292724, time: 2.499
Task index: 0, Episode number 57, energy consumption: 504.47710129545857, efficiency: 0.03154685992686558, time: 2.328
Task index: 0, Episode number 58, energy consumption: 503.2416556761147, efficiency: 0.08080373723658471, time: 2.338
Task index: 0, Episode number 59, energy consumption: 503.6793482681549, efficiency: 0.01042806402606754, time: 2.479
Task index: 0, Episode number 60, energy consumption: 503.17322828141573, efficiency: 0.02825640215188592, time: 2.297
steps: 30000.0, episodes: 60, mean episode reward: -829.1994857433623, time: 24.335
Task index: 0, Episode number 61, energy consumption: 503.38349546856074, efficiency: 0.07489437420673313, time: 3.075
Task index: 0, Episode number 62, energy consumption: 502.27047157187764, efficiency: 0.06547688407786761, time: 2.439
Task index: 0, Episode number 63, energy consumption: 504.5857124421506, efficiency: 0.022264136929692344, time: 2.484
Task index: 0, Episode number 64, energy consumption: 501.7915280596535, efficiency: 0.03441142325490815, time: 2.433
Task index: 0, Episode number 65, energy consumption: 503.308234825747, efficiency: 0.05241924026726243, time: 2.395
Task index: 0, Episode number 66, energy consumption: 503.0058199059218, efficiency: 0.031221273572643832, time: 2.465
Task index: 0, Episode number 67, energy consumption: 504.7950341138726, efficiency: 0.06837594522485818, time: 2.631
Task index: 0, Episode number 68, energy consumption: 504.01697008015844, efficiency: 0.059166577806005885, time: 2.398
Task index: 0, Episode number 69, energy consumption: 503.7507579996914, efficiency: 0.05844451287486167, time: 2.983
Task index: 0, Episode number 70, energy consumption: 506.41498584397414, efficiency: 0.054596787641083416, time: 2.501
steps: 35000.0, episodes: 70, mean episode reward: -303.3254847224258, time: 25.816
Task index: 0, Episode number 71, energy consumption: 502.61292907012444, efficiency: 0.049976635972067265, time: 3.094
Task index: 0, Episode number 72, energy consumption: 502.73218449892414, efficiency: 0.027821913849589854, time: 2.527
Task index: 0, Episode number 73, energy consumption: 504.3089794400128, efficiency: 0.028401750338192214, time: 2.398
Task index: 0, Episode number 74, energy consumption: 502.5819334902883, efficiency: 0.03781772223098452, time: 2.652
Task index: 0, Episode number 75, energy consumption: 502.9264653195558, efficiency: 0.045904205602456116, time: 2.454
Task index: 0, Episode number 76, energy consumption: 503.342372658187, efficiency: 0.06299836052304741, time: 2.439
Task index: 0, Episode number 77, energy consumption: 504.4734980390219, efficiency: 0.03266441193357371, time: 2.35
Task index: 0, Episode number 78, energy consumption: 505.3599080335436, efficiency: 0.03460802732347281, time: 2.547
Task index: 0, Episode number 79, energy consumption: 502.8475512208685, efficiency: 0.031135838408627638, time: 2.369
Task index: 0, Episode number 80, energy consumption: 501.7221806405494, efficiency: 0.04768737580110952, time: 2.565
steps: 40000.0, episodes: 80, mean episode reward: -465.05191216919076, time: 25.405
Task index: 0, Episode number 81, energy consumption: 503.786425111653, efficiency: 0.04017461882783717, time: 3.596
Task index: 0, Episode number 82, energy consumption: 506.2198932258926, efficiency: 0.0670965596052228, time: 2.635
Task index: 0, Episode number 83, energy consumption: 502.36428480859337, efficiency: 0.055275632048862024, time: 2.877
Task index: 0, Episode number 84, energy consumption: 503.26750279176986, efficiency: 0.03216549410876046, time: 2.799
Task index: 0, Episode number 85, energy consumption: 503.1816713478748, efficiency: 0.035344500983231046, time: 2.666
Task index: 0, Episode number 86, energy consumption: 503.29467922414545, efficiency: 0.05180801217879815, time: 2.89
Task index: 0, Episode number 87, energy consumption: 501.699485375952, efficiency: 0.04802269327059658, time: 2.762
Task index: 0, Episode number 88, energy consumption: 504.2691908323106, efficiency: 0.03910935432041031, time: 2.96
Task index: 0, Episode number 89, energy consumption: 506.3275828335936, efficiency: 0.04447124013245811, time: 2.547
Task index: 0, Episode number 90, energy consumption: 502.48218432546327, efficiency: 0.050765153393218035, time: 2.427
steps: 45000.0, episodes: 90, mean episode reward: -591.1218346980719, time: 28.13
Task index: 0, Episode number 91, energy consumption: 501.97261880920814, efficiency: 0.00845724131795493, time: 2.783
Task index: 0, Episode number 92, energy consumption: 504.074359413115, efficiency: 0.05743109950309615, time: 2.509
Task index: 0, Episode number 93, energy consumption: 505.5301666616197, efficiency: 0.07506320157650938, time: 2.581
Task index: 0, Episode number 94, energy consumption: 502.00603809191244, efficiency: 0.03955424107836226, time: 2.43
Task index: 0, Episode number 95, energy consumption: 501.76453080306163, efficiency: 0.05527843417526411, time: 2.451
Task index: 0, Episode number 96, energy consumption: 505.9263825920603, efficiency: 0.032221244416743997, time: 2.485
Task index: 0, Episode number 97, energy consumption: 503.4556982200476, efficiency: 0.028748378081747857, time: 2.408
Task index: 0, Episode number 98, energy consumption: 504.01142743409173, efficiency: 0.048712359891186, time: 2.71
Task index: 0, Episode number 99, energy consumption: 502.89608163941466, efficiency: 0.056124831671655766, time: 3.289
Task index: 0, Episode number 100, energy consumption: 504.7333749159952, efficiency: 0.04698754972399601, time: 2.689
steps: 50000.0, episodes: 100, mean episode reward: -339.6465129727051, time: 26.512
Task index: 0, Episode number 101, energy consumption: 504.5012030393893, efficiency: 0.055610719042587485, time: 3.377
Task index: 0, Episode number 102, energy consumption: 502.5018477997942, efficiency: 0.030437103477368718, time: 2.493
Task index: 0, Episode number 103, energy consumption: 501.8944587549175, efficiency: 0.007760291875851396, time: 2.352
Task index: 0, Episode number 104, energy consumption: 505.11849755827234, efficiency: 0.06402401156380128, time: 2.554
Task index: 0, Episode number 105, energy consumption: 504.22166436261995, efficiency: 0.04635528460551436, time: 2.489
Task index: 0, Episode number 106, energy consumption: 502.07187859914603, efficiency: 0.01172727917281125, time: 2.443
Task index: 0, Episode number 107, energy consumption: 502.1166600719808, efficiency: 0.03371393783058431, time: 2.403
Task index: 0, Episode number 108, energy consumption: 502.54186644330144, efficiency: 0.06432174477835549, time: 2.29
Task index: 0, Episode number 109, energy consumption: 506.1049919548871, efficiency: 0.07006086856918652, time: 2.453
Task index: 0, Episode number 110, energy consumption: 502.60980992740565, efficiency: 0.03430379875349038, time: 2.67
steps: 55000.0, episodes: 110, mean episode reward: 8.12553480213229, time: 25.364
Task index: 0, Episode number 111, energy consumption: 504.6879387980874, efficiency: 0.04562542564077303, time: 2.735
Task index: 0, Episode number 112, energy consumption: 504.45579832943787, efficiency: 0.05682394198501334, time: 2.252
Task index: 0, Episode number 113, energy consumption: 504.9516330075319, efficiency: 0.07105315384436864, time: 2.522
Task index: 0, Episode number 114, energy consumption: 502.6586604529828, efficiency: 0.04496878547199292, time: 2.357
Task index: 0, Episode number 115, energy consumption: 504.9325831109654, efficiency: 0.06249718806496745, time: 2.528
Task index: 0, Episode number 116, energy consumption: 502.0905445851759, efficiency: 0.05107025099393007, time: 2.528
Task index: 0, Episode number 117, energy consumption: 501.61596451158533, efficiency: 0.03022538430611917, time: 2.427
Task index: 0, Episode number 118, energy consumption: 502.80096697140294, efficiency: 0.0388054253900882, time: 2.494
Task index: 0, Episode number 119, energy consumption: 503.05096114866575, efficiency: 0.04975023204237007, time: 2.599
Task index: 0, Episode number 120, energy consumption: 503.4407463692296, efficiency: 0.06728832878203986, time: 2.386
steps: 60000.0, episodes: 120, mean episode reward: -287.49402882462243, time: 24.811
Task index: 0, Episode number 121, energy consumption: 504.21839119626526, efficiency: 0.03145966629761806, time: 3.298
Task index: 0, Episode number 122, energy consumption: 504.2283132085776, efficiency: 0.008914810903548143, time: 2.492
Task index: 0, Episode number 123, energy consumption: 502.7353229940756, efficiency: 0.010438292401667649, time: 2.37
Task index: 0, Episode number 124, energy consumption: 503.8205351128861, efficiency: 0.04346384599736132, time: 2.301
Task index: 0, Episode number 125, energy consumption: 502.5108480962562, efficiency: 0.05413742114360566, time: 2.782
Task index: 0, Episode number 126, energy consumption: 503.3755075503802, efficiency: 0.0076770927140791916, time: 2.631
Task index: 0, Episode number 127, energy consumption: 503.26794420509077, efficiency: 0.012990118326159792, time: 2.427
Task index: 0, Episode number 128, energy consumption: 504.51705686713467, efficiency: 0.03847639147312367, time: 2.574
Task index: 0, Episode number 129, energy consumption: 503.7147155726313, efficiency: 0.07498747527916423, time: 2.602
Task index: 0, Episode number 130, energy consumption: 501.22451683551304, efficiency: 0.036126671205049976, time: 2.573
steps: 65000.0, episodes: 130, mean episode reward: -402.6240041786074, time: 26.053
Task index: 0, Episode number 131, energy consumption: 502.937972249455, efficiency: 0.03607611612699136, time: 3.12
Task index: 0, Episode number 132, energy consumption: 503.474938848245, efficiency: 0.07560432408838991, time: 2.572
Task index: 0, Episode number 133, energy consumption: 503.12866436372025, efficiency: 0.03129168875311266, time: 2.475
Task index: 0, Episode number 134, energy consumption: 504.72279040732457, efficiency: 0.04130216134877037, time: 2.404
Task index: 0, Episode number 135, energy consumption: 506.3042708564489, efficiency: 0.01102079048581686, time: 2.461
Task index: 0, Episode number 136, energy consumption: 503.66350503332797, efficiency: 0.037979085451813874, time: 2.468
Task index: 0, Episode number 137, energy consumption: 503.41431979002374, efficiency: 0.06784640766916344, time: 2.618
Task index: 0, Episode number 138, energy consumption: 505.58337783476344, efficiency: 0.060026705721535914, time: 2.326
Task index: 0, Episode number 139, energy consumption: 505.21987318815985, efficiency: 0.03779230890238268, time: 2.69
Task index: 0, Episode number 140, energy consumption: 506.50487979034125, efficiency: 0.0247444946419483, time: 2.854
steps: 70000.0, episodes: 140, mean episode reward: 162.04740437523247, time: 26.015
Task index: 0, Episode number 141, energy consumption: 502.5262161481075, efficiency: 0.065209620434475, time: 3.67
Task index: 0, Episode number 142, energy consumption: 503.91259574816905, efficiency: 0.04318580015246533, time: 3.114
Task index: 0, Episode number 143, energy consumption: 503.0060194332638, efficiency: 0.0416521600126208, time: 2.758
Task index: 0, Episode number 144, energy consumption: 502.8386295087841, efficiency: 0.032251241166153466, time: 2.812
Task index: 0, Episode number 145, energy consumption: 504.4469770477031, efficiency: 0.03508224835748047, time: 2.709
Task index: 0, Episode number 146, energy consumption: 506.41563531151, efficiency: 0.06253831552420305, time: 2.335
Task index: 0, Episode number 147, energy consumption: 502.6393314586284, efficiency: 0.016996570933167313, time: 2.378
Task index: 0, Episode number 148, energy consumption: 502.66187691455866, efficiency: 0.06236687400391, time: 2.482
Task index: 0, Episode number 149, energy consumption: 502.71231107566405, efficiency: 0.041635660233877554, time: 2.362
Task index: 0, Episode number 150, energy consumption: 504.8456206759583, efficiency: 0.05232013915492803, time: 2.454
steps: 75000.0, episodes: 150, mean episode reward: -362.8578502725617, time: 27.078
Task index: 0, Episode number 151, energy consumption: 501.8217319591872, efficiency: 0.0477066921590216, time: 2.987
Task index: 0, Episode number 152, energy consumption: 501.77109919556165, efficiency: 0.06363048202474292, time: 2.316
Task index: 0, Episode number 153, energy consumption: 504.54100486705784, efficiency: 0.0574433555383142, time: 2.396
Task index: 0, Episode number 154, energy consumption: 503.8958008086914, efficiency: 0.037666989219738385, time: 2.347
Task index: 0, Episode number 155, energy consumption: 504.03186370201144, efficiency: 0.022493534606512013, time: 2.348
Task index: 0, Episode number 156, energy consumption: 503.33368851352134, efficiency: 0.062261921221163016, time: 2.247
Task index: 0, Episode number 157, energy consumption: 502.2261503131426, efficiency: 0.013829849579297311, time: 2.286
Task index: 0, Episode number 158, energy consumption: 502.9125624509181, efficiency: 0.009473961991615966, time: 2.373
Task index: 0, Episode number 159, energy consumption: 502.85837819901053, efficiency: 0.014857383919007811, time: 2.602
Task index: 0, Episode number 160, energy consumption: 502.12477143596044, efficiency: 0.05601353348805504, time: 2.401
steps: 80000.0, episodes: 160, mean episode reward: -695.5952350869809, time: 24.275
Task index: 0, Episode number 161, energy consumption: 502.8768225007604, efficiency: 0.017803220108058578, time: 3.03
Task index: 0, Episode number 162, energy consumption: 503.0617909381295, efficiency: 0.04829293251069926, time: 2.574
Task index: 0, Episode number 163, energy consumption: 506.5505759729885, efficiency: 0.037719844253734494, time: 2.633
Task index: 0, Episode number 164, energy consumption: 503.1929880323628, efficiency: 0.031053620305389735, time: 3.093
Task index: 0, Episode number 165, energy consumption: 504.24157838689945, efficiency: 0.06418046857267463, time: 2.664
Task index: 0, Episode number 166, energy consumption: 502.225706893302, efficiency: 0.027275799555307113, time: 2.787
Task index: 0, Episode number 167, energy consumption: 502.34086791047326, efficiency: 0.01846774137912033, time: 2.673
Task index: 0, Episode number 168, energy consumption: 503.5423859095684, efficiency: 0.05463247098589805, time: 2.305
Task index: 0, Episode number 169, energy consumption: 508.51122942442834, efficiency: 0.03747280645903271, time: 2.44
Task index: 0, Episode number 170, energy consumption: 503.63374786817457, efficiency: 0.03918790141506118, time: 2.999
steps: 85000.0, episodes: 170, mean episode reward: -172.217360101965, time: 27.206
Task index: 0, Episode number 171, energy consumption: 501.54983484891386, efficiency: 0.029657696762110535, time: 3.098
Task index: 0, Episode number 172, energy consumption: 501.23344481028533, efficiency: 0.031940303795855586, time: 2.358
Task index: 0, Episode number 173, energy consumption: 503.51829934664244, efficiency: 0.02936206797647782, time: 2.316
Task index: 0, Episode number 174, energy consumption: 507.8117314032097, efficiency: 0.07632559384205204, time: 2.35
Task index: 0, Episode number 175, energy consumption: 503.07084251731675, efficiency: 0.060597548788537584, time: 2.748
Task index: 0, Episode number 176, energy consumption: 502.39103342737707, efficiency: 0.052319156008435515, time: 2.775
Task index: 0, Episode number 177, energy consumption: 501.24896739060154, efficiency: 0.03444686706916787, time: 2.613
Task index: 0, Episode number 178, energy consumption: 507.9076259584417, efficiency: 0.04538257151860441, time: 2.644
Task index: 0, Episode number 179, energy consumption: 501.46190312398227, efficiency: 0.0403103750395751, time: 2.437
Task index: 0, Episode number 180, energy consumption: 501.8717041734115, efficiency: 0.029285716352628242, time: 2.827
steps: 90000.0, episodes: 180, mean episode reward: -454.8411787334018, time: 26.217
Task index: 0, Episode number 181, energy consumption: 505.2699267976538, efficiency: 0.05257305636469517, time: 3.786
Task index: 0, Episode number 182, energy consumption: 504.0669857606178, efficiency: 0.056615448688367855, time: 2.852
Task index: 0, Episode number 183, energy consumption: 502.2186267638073, efficiency: 0.010119639875082865, time: 2.668
Task index: 0, Episode number 184, energy consumption: 501.9991491020533, efficiency: 0.09013485982450833, time: 2.806
Task index: 0, Episode number 185, energy consumption: 504.1079130988105, efficiency: 0.05279333298311558, time: 2.935
Task index: 0, Episode number 186, energy consumption: 503.2031070684057, efficiency: 0.03375906369198479, time: 2.78
Task index: 0, Episode number 187, energy consumption: 502.1685442478577, efficiency: 0.018069774130120054, time: 2.8
Task index: 0, Episode number 188, energy consumption: 502.4567126904006, efficiency: 0.008844341569627998, time: 2.873
Task index: 0, Episode number 189, energy consumption: 504.84910260457696, efficiency: 0.05186445301044079, time: 2.977
Task index: 0, Episode number 190, energy consumption: 502.9095405492854, efficiency: 0.06166530205208048, time: 2.827
steps: 95000.0, episodes: 190, mean episode reward: -325.2470497590516, time: 29.278
Task index: 0, Episode number 191, energy consumption: 504.0208112968419, efficiency: 0.04150024435620461, time: 3.584
Task index: 0, Episode number 192, energy consumption: 505.8887290547896, efficiency: 0.053753810670406514, time: 2.667
Task index: 0, Episode number 193, energy consumption: 503.73611115960057, efficiency: 0.04899519867594765, time: 3.101
Task index: 0, Episode number 194, energy consumption: 502.5562401272484, efficiency: 0.010037594136732447, time: 2.885
Task index: 0, Episode number 195, energy consumption: 502.45478751918057, efficiency: 0.024506082981060794, time: 2.804
Task index: 0, Episode number 196, energy consumption: 502.6651422735276, efficiency: 0.04542669586559148, time: 3.162
Task index: 0, Episode number 197, energy consumption: 505.2312556201845, efficiency: 0.04233546842616925, time: 2.882
Task index: 0, Episode number 198, energy consumption: 506.57212290560045, efficiency: 0.06769819998468045, time: 2.828
Task index: 0, Episode number 199, energy consumption: 502.84795743208514, efficiency: 0.00691376432085663, time: 2.855
Task index: 0, Episode number 200, energy consumption: 502.91758630684825, efficiency: 0.04867144716050014, time: 2.778
steps: 100000.0, episodes: 200, mean episode reward: -292.88685678065, time: 29.531
Task index: 0, Episode number 201, energy consumption: 502.798936156062, efficiency: 0.04569539419063191, time: 3.815
Task index: 0, Episode number 202, energy consumption: 501.48333088886307, efficiency: 0.024358847537060347, time: 2.852
Task index: 0, Episode number 203, energy consumption: 504.66030215775413, efficiency: 0.06363471468472585, time: 2.904
Task index: 0, Episode number 204, energy consumption: 506.97620363893776, efficiency: 0.05010206946985147, time: 2.883
Task index: 0, Episode number 205, energy consumption: 503.5274944785803, efficiency: 0.044978031768577786, time: 2.92
Task index: 0, Episode number 206, energy consumption: 502.032109247924, efficiency: 0.011586560902962497, time: 3.027
Task index: 0, Episode number 207, energy consumption: 502.44924815419637, efficiency: 0.04159208318634906, time: 3.154
Task index: 0, Episode number 208, energy consumption: 503.9681504675843, efficiency: 0.031263761873359615, time: 2.783
Task index: 0, Episode number 209, energy consumption: 503.5222530100643, efficiency: 0.017426341370179697, time: 2.902
Task index: 0, Episode number 210, energy consumption: 502.7508973784749, efficiency: 0.036387695546244936, time: 2.995
steps: 105000.0, episodes: 210, mean episode reward: -159.64338920523892, time: 30.252
Task index: 0, Episode number 211, energy consumption: 504.47687754542875, efficiency: 0.04003711754750145, time: 3.32
Task index: 0, Episode number 212, energy consumption: 505.4541062280244, efficiency: 0.06767525201913505, time: 2.836
Task index: 0, Episode number 213, energy consumption: 502.0972075234972, efficiency: 0.07348548041755662, time: 2.667
Task index: 0, Episode number 214, energy consumption: 503.0772092185123, efficiency: 0.03984084116979311, time: 2.727
Task index: 0, Episode number 215, energy consumption: 504.88783252552395, efficiency: 0.045402056379808174, time: 2.743
Task index: 0, Episode number 216, energy consumption: 505.4637504656784, efficiency: 0.07434850901013527, time: 2.728
Task index: 0, Episode number 217, energy consumption: 503.1863737610582, efficiency: 0.021604945364748687, time: 2.911
Task index: 0, Episode number 218, energy consumption: 501.9401943611129, efficiency: 0.018230754050932194, time: 3.468
Task index: 0, Episode number 219, energy consumption: 502.756761593161, efficiency: 0.038816500006722564, time: 2.782
Task index: 0, Episode number 220, energy consumption: 503.88496256550974, efficiency: 0.033952672971138326, time: 2.712
steps: 110000.0, episodes: 220, mean episode reward: -532.3039329355067, time: 28.89
Task index: 0, Episode number 221, energy consumption: 504.21458824035585, efficiency: 0.05878162748555171, time: 3.697
Task index: 0, Episode number 222, energy consumption: 502.71870556102067, efficiency: 0.042538320310116166, time: 2.804
Task index: 0, Episode number 223, energy consumption: 503.57087173767803, efficiency: 0.04575474415867591, time: 3.049
Task index: 0, Episode number 224, energy consumption: 502.8232713682608, efficiency: 0.026521326310046472, time: 2.957
Task index: 0, Episode number 225, energy consumption: 502.8785122927964, efficiency: 0.026514351563225385, time: 2.716
Task index: 0, Episode number 226, energy consumption: 502.8420843853692, efficiency: 0.019572833677951304, time: 2.884
Task index: 0, Episode number 227, energy consumption: 501.91380552688975, efficiency: 0.045686590010079034, time: 2.864
Task index: 0, Episode number 228, energy consumption: 501.36622002962673, efficiency: 0.043793879540212785, time: 2.81
Task index: 0, Episode number 229, energy consumption: 501.4391697454665, efficiency: 0.018308715998681998, time: 3.037
Task index: 0, Episode number 230, energy consumption: 504.76277580655056, efficiency: 0.07026336427007306, time: 2.694
steps: 115000.0, episodes: 230, mean episode reward: -130.73491919452744, time: 29.507
Task index: 0, Episode number 231, energy consumption: 507.6084397562767, efficiency: 0.046896427741349715, time: 3.493
Task index: 0, Episode number 232, energy consumption: 506.9623502428728, efficiency: 0.03954126945013273, time: 2.734
Task index: 0, Episode number 233, energy consumption: 502.57139312787126, efficiency: 0.05538874028602791, time: 2.787
Task index: 0, Episode number 234, energy consumption: 503.50477592029057, efficiency: 0.03355022144175617, time: 2.989
Task index: 0, Episode number 235, energy consumption: 501.7914941147508, efficiency: 0.028479325528158288, time: 2.825
Task index: 0, Episode number 236, energy consumption: 503.5388338078376, efficiency: 0.03683434318444084, time: 2.956
Task index: 0, Episode number 237, energy consumption: 503.0733949560599, efficiency: 0.054947946979860274, time: 3.092
Task index: 0, Episode number 238, energy consumption: 504.09509166027823, efficiency: 0.06366433638578886, time: 2.863
Task index: 0, Episode number 239, energy consumption: 504.1112302239574, efficiency: 0.07067537334627642, time: 3.12
Task index: 0, Episode number 240, energy consumption: 502.1991057656772, efficiency: 0.04283496554131461, time: 3.28
steps: 120000.0, episodes: 240, mean episode reward: -291.8497335086551, time: 30.166
Task index: 0, Episode number 241, energy consumption: 502.6670449104666, efficiency: 0.060727387375581886, time: 3.607
Task index: 0, Episode number 242, energy consumption: 502.7960473739956, efficiency: 0.05107911040432666, time: 2.916
Task index: 0, Episode number 243, energy consumption: 502.2886191589384, efficiency: 0.0261537110924071, time: 2.823
Task index: 0, Episode number 244, energy consumption: 501.6448621255525, efficiency: 0.025720124975740617, time: 2.866
Task index: 0, Episode number 245, energy consumption: 503.18158446832575, efficiency: 0.019840656918374538, time: 3.005
Task index: 0, Episode number 246, energy consumption: 504.40664586359253, efficiency: 0.06088560493626533, time: 2.849
Task index: 0, Episode number 247, energy consumption: 508.5447518420436, efficiency: 0.04184838690048398, time: 2.758
Task index: 0, Episode number 248, energy consumption: 503.9872863650817, efficiency: 0.034262169672643124, time: 2.844
Task index: 0, Episode number 249, energy consumption: 503.6949441851829, efficiency: 0.04446444443365718, time: 2.795
Task index: 0, Episode number 250, energy consumption: 505.6830186324237, efficiency: 0.06302536483869921, time: 2.881
steps: 125000.0, episodes: 250, mean episode reward: -554.1006276775041, time: 29.313
Task index: 0, Episode number 251, energy consumption: 502.1660544210681, efficiency: 0.006770187407434669, time: 3.647
Task index: 0, Episode number 252, energy consumption: 502.56548288914684, efficiency: 0.06514731303293764, time: 2.871
Task index: 0, Episode number 253, energy consumption: 505.34826283333723, efficiency: 0.08951524894089993, time: 2.876
Task index: 0, Episode number 254, energy consumption: 503.25443510722613, efficiency: 0.01838720350794561, time: 2.861
Task index: 0, Episode number 255, energy consumption: 503.6691602806838, efficiency: 0.008939969593376574, time: 3.164
Task index: 0, Episode number 256, energy consumption: 504.7474508005468, efficiency: 0.052340629520870124, time: 2.803
Task index: 0, Episode number 257, energy consumption: 504.7176723547033, efficiency: 0.04665015662727983, time: 2.875
Task index: 0, Episode number 258, energy consumption: 503.64430763295667, efficiency: 0.04409615212080251, time: 2.751
Task index: 0, Episode number 259, energy consumption: 503.45535178586255, efficiency: 0.009439315520178912, time: 2.866
Task index: 0, Episode number 260, energy consumption: 506.6531550890043, efficiency: 0.07188353751720512, time: 2.883
steps: 130000.0, episodes: 260, mean episode reward: -502.69419266023425, time: 29.607
Task index: 0, Episode number 261, energy consumption: 503.12692336031387, efficiency: 0.045136832422485874, time: 3.694
Task index: 0, Episode number 262, energy consumption: 501.99696057013733, efficiency: 0.06344505706382042, time: 2.81
Task index: 0, Episode number 263, energy consumption: 502.0935403744881, efficiency: 0.04633457245769392, time: 2.788
Task index: 0, Episode number 264, energy consumption: 502.8884029009021, efficiency: 0.06420915802299156, time: 2.891
Task index: 0, Episode number 265, energy consumption: 503.2849917608246, efficiency: 0.04521888770298098, time: 2.873
Task index: 0, Episode number 266, energy consumption: 503.44379290152875, efficiency: 0.025707406318339163, time: 3.051
Task index: 0, Episode number 267, energy consumption: 504.3372371892945, efficiency: 0.030741124428260304, time: 2.908
Task index: 0, Episode number 268, energy consumption: 502.32503152322516, efficiency: 0.040452361412152145, time: 2.545
Task index: 0, Episode number 269, energy consumption: 503.50814032378344, efficiency: 0.022138150672233837, time: 2.669
Task index: 0, Episode number 270, energy consumption: 502.50329316474125, efficiency: 0.04887314715322103, time: 2.394
steps: 135000.0, episodes: 270, mean episode reward: -328.4418753509441, time: 28.591
Task index: 0, Episode number 271, energy consumption: 502.0512165199441, efficiency: 0.04835937523555784, time: 3.46
Task index: 0, Episode number 272, energy consumption: 503.03129265154735, efficiency: 0.026038537440842485, time: 2.441
Task index: 0, Episode number 273, energy consumption: 501.6596706947528, efficiency: 0.03911625906311234, time: 2.428
Task index: 0, Episode number 274, energy consumption: 503.6281072785241, efficiency: 0.03244293723088707, time: 2.531
Task index: 0, Episode number 275, energy consumption: 502.04839513448337, efficiency: 0.04162346256997286, time: 2.506
Task index: 0, Episode number 276, energy consumption: 504.7476439696459, efficiency: 0.013281702960906326, time: 2.416
Task index: 0, Episode number 277, energy consumption: 503.97943963854044, efficiency: 0.03208854020528616, time: 2.766
Task index: 0, Episode number 278, energy consumption: 502.02020719109873, efficiency: 0.036480134595105164, time: 2.465
Task index: 0, Episode number 279, energy consumption: 503.4147789314379, efficiency: 0.03342996606367273, time: 2.392
Task index: 0, Episode number 280, energy consumption: 505.4762771728156, efficiency: 0.0657172492563997, time: 2.473
steps: 140000.0, episodes: 280, mean episode reward: -717.7782760831495, time: 25.901
Task index: 0, Episode number 281, energy consumption: 505.52831817342695, efficiency: 0.05461360925209082, time: 3.263
Task index: 0, Episode number 282, energy consumption: 503.8358318038454, efficiency: 0.006060395975706523, time: 2.613
Task index: 0, Episode number 283, energy consumption: 502.22292627915976, efficiency: 0.03313822122344988, time: 2.447
Task index: 0, Episode number 284, energy consumption: 503.0696551816106, efficiency: 0.006905863593407541, time: 2.602
Task index: 0, Episode number 285, energy consumption: 505.1694293864454, efficiency: 0.020652019040280037, time: 2.558
Task index: 0, Episode number 286, energy consumption: 505.4154534747375, efficiency: 0.007423941700469351, time: 2.469
Task index: 0, Episode number 287, energy consumption: 506.63110375128366, efficiency: 0.05794518694446015, time: 2.428
Task index: 0, Episode number 288, energy consumption: 503.932089759644, efficiency: 0.02404098583144294, time: 2.761
Task index: 0, Episode number 289, energy consumption: 503.0203742590548, efficiency: 0.050043841533088065, time: 2.478
Task index: 0, Episode number 290, energy consumption: 504.1798215740901, efficiency: 0.05905346377816446, time: 2.547
steps: 145000.0, episodes: 290, mean episode reward: -812.1629226831335, time: 26.171
Task index: 0, Episode number 291, energy consumption: 501.8846458088672, efficiency: 0.02348715097106586, time: 3.148
Task index: 0, Episode number 292, energy consumption: 501.60537449778894, efficiency: 0.03946121237895057, time: 2.575
Task index: 0, Episode number 293, energy consumption: 503.83973387657824, efficiency: 0.056667756133620475, time: 2.699
Task index: 0, Episode number 294, energy consumption: 503.1645766687172, efficiency: 0.038865909800676626, time: 2.634
Task index: 0, Episode number 295, energy consumption: 501.88477720408764, efficiency: 0.049608709070178, time: 2.47
Task index: 0, Episode number 296, energy consumption: 502.20454182103225, efficiency: 0.04163816971750143, time: 2.579
Task index: 0, Episode number 297, energy consumption: 503.71930744173204, efficiency: 0.027521039807421356, time: 2.558
Task index: 0, Episode number 298, energy consumption: 505.19802560527205, efficiency: 0.02318110209120293, time: 2.667
Task index: 0, Episode number 299, energy consumption: 504.17205944115614, efficiency: 0.03395366753783906, time: 2.685
Task index: 0, Episode number 300, energy consumption: 502.47409910345294, efficiency: 0.05640812151744202, time: 2.448
steps: 150000.0, episodes: 300, mean episode reward: -140.38834485005896, time: 26.45
Task index: 0, Episode number 301, energy consumption: 505.42236266405104, efficiency: 0.053941166136874, time: 3.252
Task index: 0, Episode number 302, energy consumption: 504.82607894838884, efficiency: 0.05260067863065752, time: 2.671
Task index: 0, Episode number 303, energy consumption: 505.00226998536476, efficiency: 0.04859930744009766, time: 2.427
Task index: 0, Episode number 304, energy consumption: 507.8413318826901, efficiency: 0.03104029165182404, time: 2.644
Task index: 0, Episode number 305, energy consumption: 505.46146578888107, efficiency: 0.10619590083972649, time: 2.672
Task index: 0, Episode number 306, energy consumption: 505.32879216428404, efficiency: 0.04867591220122148, time: 2.369
Task index: 0, Episode number 307, energy consumption: 507.23431764998145, efficiency: 0.015932267414712785, time: 2.539
Task index: 0, Episode number 308, energy consumption: 504.09362487717203, efficiency: 0.009953465643276394, time: 2.628
Task index: 0, Episode number 309, energy consumption: 502.642168415311, efficiency: 0.0403337562634151, time: 2.5
Task index: 0, Episode number 310, energy consumption: 505.67618067272724, efficiency: 0.04581718509699529, time: 2.776
steps: 155000.0, episodes: 310, mean episode reward: -519.6258910543968, time: 26.484
Task index: 0, Episode number 311, energy consumption: 505.37274821838105, efficiency: 0.04603981579653527, time: 3.211
Task index: 0, Episode number 312, energy consumption: 504.63006541880685, efficiency: 0.012136804633276791, time: 2.534
Task index: 0, Episode number 313, energy consumption: 508.83223961412136, efficiency: 0.044135878785796084, time: 2.533
Task index: 0, Episode number 314, energy consumption: 504.25923753021107, efficiency: 0.0426797477830089, time: 2.531
Task index: 0, Episode number 315, energy consumption: 501.6748537746277, efficiency: 0.037301208516544906, time: 2.565
Task index: 0, Episode number 316, energy consumption: 501.5710507604758, efficiency: 0.06312518914364462, time: 2.447
Task index: 0, Episode number 317, energy consumption: 505.93717629146164, efficiency: 0.03301886132316234, time: 2.384
Task index: 0, Episode number 318, energy consumption: 503.3318455570356, efficiency: 0.02794485321167814, time: 2.413
Task index: 0, Episode number 319, energy consumption: 506.6284754198827, efficiency: 0.06073327783241874, time: 2.447
Task index: 0, Episode number 320, energy consumption: 505.0965471129946, efficiency: 0.033779399452640045, time: 2.529
steps: 160000.0, episodes: 320, mean episode reward: -323.610736444302, time: 25.595
Task index: 0, Episode number 321, energy consumption: 503.63973235440466, efficiency: 0.04113538802569895, time: 3.529
Task index: 0, Episode number 322, energy consumption: 502.4912508725965, efficiency: 0.061860864069896826, time: 2.458
Task index: 0, Episode number 323, energy consumption: 502.69900226415666, efficiency: 0.061612378358587704, time: 2.615
Task index: 0, Episode number 324, energy consumption: 503.8186087410588, efficiency: 0.05710390954456442, time: 2.405
Task index: 0, Episode number 325, energy consumption: 505.26165330521115, efficiency: 0.0759675863785397, time: 2.733
Task index: 0, Episode number 326, energy consumption: 503.85044601092335, efficiency: 0.04436842342430329, time: 2.6
Task index: 0, Episode number 327, energy consumption: 504.53190385104296, efficiency: 0.009779788247174345, time: 2.457
Task index: 0, Episode number 328, energy consumption: 501.90853663287453, efficiency: 0.023617386201200158, time: 2.34
Task index: 0, Episode number 329, energy consumption: 504.3463082520913, efficiency: 0.05500879820093204, time: 2.528
Task index: 0, Episode number 330, energy consumption: 505.92518444154274, efficiency: 0.062275965446089494, time: 2.448
steps: 165000.0, episodes: 330, mean episode reward: -462.76806135942314, time: 26.118
Task index: 0, Episode number 331, energy consumption: 507.14584859777386, efficiency: 0.05327399540662752, time: 3.29
Task index: 0, Episode number 332, energy consumption: 502.59840297892833, efficiency: 0.05724825052590222, time: 2.553
Task index: 0, Episode number 333, energy consumption: 501.9242255861641, efficiency: 0.05360825817283654, time: 2.478
Task index: 0, Episode number 334, energy consumption: 501.1554294408679, efficiency: 0.011090390013753977, time: 2.529
Task index: 0, Episode number 335, energy consumption: 501.8611150592578, efficiency: 0.03053634803789254, time: 2.735
Task index: 0, Episode number 336, energy consumption: 504.4291002895707, efficiency: 0.04400142489208925, time: 2.784
Task index: 0, Episode number 337, energy consumption: 505.90944852752654, efficiency: 0.06070660122596067, time: 2.387
Task index: 0, Episode number 338, energy consumption: 503.08095786652785, efficiency: 0.03082825697006579, time: 2.54
Task index: 0, Episode number 339, energy consumption: 503.5080100317926, efficiency: 0.06612457649707684, time: 2.55
Task index: 0, Episode number 340, energy consumption: 503.99838266647197, efficiency: 0.060588848087048654, time: 2.611
steps: 170000.0, episodes: 340, mean episode reward: -264.56508662956264, time: 26.436
Task index: 0, Episode number 341, energy consumption: 503.87975928288705, efficiency: 0.03823915620133513, time: 3.597
Task index: 0, Episode number 342, energy consumption: 503.2575970109544, efficiency: 0.0451787629228575, time: 2.506
Task index: 0, Episode number 343, energy consumption: 505.48463049524094, efficiency: 0.05491506701523591, time: 2.656
Task index: 0, Episode number 344, energy consumption: 504.4913886197406, efficiency: 0.049114439861634954, time: 2.753
Task index: 0, Episode number 345, energy consumption: 502.10098910449574, efficiency: 0.013199889556336823, time: 2.503
Task index: 0, Episode number 346, energy consumption: 503.7527167071224, efficiency: 0.034097212848433825, time: 2.513
Task index: 0, Episode number 347, energy consumption: 504.17491376687553, efficiency: 0.04961403181524938, time: 2.765
Task index: 0, Episode number 348, energy consumption: 505.64212299436014, efficiency: 0.053552753412246905, time: 2.387
Task index: 0, Episode number 349, energy consumption: 502.8586994198236, efficiency: 0.03408799869571616, time: 2.604
Task index: 0, Episode number 350, energy consumption: 502.42724973872873, efficiency: 0.052639422723607276, time: 2.62
steps: 175000.0, episodes: 350, mean episode reward: -414.8879806299989, time: 26.909
Task index: 0, Episode number 351, energy consumption: 503.0083489833669, efficiency: 0.018470877370668153, time: 3.292
Task index: 0, Episode number 352, energy consumption: 501.95053947699483, efficiency: 0.07439583621985454, time: 2.726
Task index: 0, Episode number 353, energy consumption: 502.933163014548, efficiency: 0.06502123020890778, time: 2.61
Task index: 0, Episode number 354, energy consumption: 502.3680332806377, efficiency: 0.044829729724138186, time: 2.572
Task index: 0, Episode number 355, energy consumption: 501.33441444586947, efficiency: 0.056504407378858035, time: 2.621
Task index: 0, Episode number 356, energy consumption: 505.4783392580564, efficiency: 0.021336937448962152, time: 2.587
Task index: 0, Episode number 357, energy consumption: 504.285371931661, efficiency: 0.02364966145715125, time: 2.515
Task index: 0, Episode number 358, energy consumption: 503.51650741891416, efficiency: 0.047767635734307506, time: 2.865
Task index: 0, Episode number 359, energy consumption: 502.92027829932294, efficiency: 0.03657414134413649, time: 2.536
Task index: 0, Episode number 360, energy consumption: 502.21191024185913, efficiency: 0.04319061046572462, time: 2.542
steps: 180000.0, episodes: 360, mean episode reward: 39.62974668461985, time: 26.87
Task index: 0, Episode number 361, energy consumption: 502.39792818291045, efficiency: 0.05087363651967641, time: 3.002
Task index: 0, Episode number 362, energy consumption: 504.71681793770944, efficiency: 0.025223034108956023, time: 2.576
Task index: 0, Episode number 363, energy consumption: 506.6425178916297, efficiency: 0.03822776681614169, time: 2.677
Task index: 0, Episode number 364, energy consumption: 502.67050080497415, efficiency: 0.02326169169906327, time: 2.642
Task index: 0, Episode number 365, energy consumption: 505.33103303224647, efficiency: 0.06582152224634019, time: 2.662
Task index: 0, Episode number 366, energy consumption: 503.689886557135, efficiency: 0.04724711408847712, time: 2.575
Task index: 0, Episode number 367, energy consumption: 501.59495637009053, efficiency: 0.036459903766417924, time: 2.572
Task index: 0, Episode number 368, energy consumption: 502.06300276226034, efficiency: 0.02650312287030427, time: 2.58
Task index: 0, Episode number 369, energy consumption: 502.8841347541674, efficiency: 0.045640027409512486, time: 2.605
Task index: 0, Episode number 370, energy consumption: 503.251124295038, efficiency: 0.04191856022676443, time: 2.582
steps: 185000.0, episodes: 370, mean episode reward: -507.4856453160657, time: 26.486
Task index: 0, Episode number 371, energy consumption: 502.7331163603465, efficiency: 0.03953857567091342, time: 3.182
Task index: 0, Episode number 372, energy consumption: 504.135352599147, efficiency: 0.03208913581863321, time: 2.421
Task index: 0, Episode number 373, energy consumption: 502.5458231977555, efficiency: 0.014756182490861752, time: 2.451
Task index: 0, Episode number 374, energy consumption: 502.6648837615455, efficiency: 0.061434270837795735, time: 2.553
Task index: 0, Episode number 375, energy consumption: 503.34737364481157, efficiency: 0.04937715917446744, time: 2.371
Task index: 0, Episode number 376, energy consumption: 503.8909589512005, efficiency: 0.05792365225928198, time: 2.61
Task index: 0, Episode number 377, energy consumption: 504.4969455177041, efficiency: 0.0401443336759245, time: 2.558
Task index: 0, Episode number 378, energy consumption: 504.18364696838506, efficiency: 0.01569278959051761, time: 2.366
Task index: 0, Episode number 379, energy consumption: 503.52098233020297, efficiency: 0.03646813966764621, time: 2.472
Task index: 0, Episode number 380, energy consumption: 504.87615867892987, efficiency: 0.0745271964117211, time: 2.679
steps: 190000.0, episodes: 380, mean episode reward: -601.8583394334125, time: 25.682
Task index: 0, Episode number 381, energy consumption: 503.68222697242436, efficiency: 0.014927339692794847, time: 3.22
Task index: 0, Episode number 382, energy consumption: 503.72852068382895, efficiency: 0.027747485601908498, time: 2.577
Task index: 0, Episode number 383, energy consumption: 503.448757440979, efficiency: 0.028822707613895084, time: 2.581
Task index: 0, Episode number 384, energy consumption: 504.5119259303413, efficiency: 0.012821729847563062, time: 2.587
Task index: 0, Episode number 385, energy consumption: 505.41977036731345, efficiency: 0.08009544795796227, time: 2.862
Task index: 0, Episode number 386, energy consumption: 505.1186333783988, efficiency: 0.024190341690843966, time: 2.35
Task index: 0, Episode number 387, energy consumption: 504.82964570847804, efficiency: 0.024711412868631506, time: 2.592
Task index: 0, Episode number 388, energy consumption: 503.25069648345743, efficiency: 0.07011514599443948, time: 2.298
Task index: 0, Episode number 389, energy consumption: 504.7765572576295, efficiency: 0.06157160186893409, time: 2.276
Task index: 0, Episode number 390, energy consumption: 505.963415565036, efficiency: 0.018090207402386208, time: 2.451
steps: 195000.0, episodes: 390, mean episode reward: -52.33696247484943, time: 25.756
Task index: 0, Episode number 391, energy consumption: 504.81260606657906, efficiency: 0.05217248325080851, time: 3.361
Task index: 0, Episode number 392, energy consumption: 506.0032382010652, efficiency: 0.012885812595550123, time: 2.338
Task index: 0, Episode number 393, energy consumption: 503.6952475459331, efficiency: 0.02814762237376188, time: 2.457
Task index: 0, Episode number 394, energy consumption: 505.34399490327957, efficiency: 0.015564968474089875, time: 2.611
Task index: 0, Episode number 395, energy consumption: 508.04277485585703, efficiency: 0.07145432117111938, time: 2.573
Task index: 0, Episode number 396, energy consumption: 504.54270077343966, efficiency: 0.049824630962255416, time: 2.566
Task index: 0, Episode number 397, energy consumption: 504.7888345327936, efficiency: 0.029178819273563007, time: 2.978
Task index: 0, Episode number 398, energy consumption: 503.26272559016456, efficiency: 0.04421819254198541, time: 3.418
Task index: 0, Episode number 399, energy consumption: 503.06197744171567, efficiency: 0.04336484597315221, time: 2.887
Task index: 0, Episode number 400, energy consumption: 505.93318931623736, efficiency: 0.07417307623325439, time: 2.516
steps: 200000.0, episodes: 400, mean episode reward: -138.81394355999996, time: 27.7
Task index: 0, Episode number 401, energy consumption: 505.178574543838, efficiency: 0.03337950469920902, time: 3.552
Task index: 0, Episode number 402, energy consumption: 502.6280610797083, efficiency: 0.02639677912784342, time: 2.549
Task index: 0, Episode number 403, energy consumption: 502.3704515455547, efficiency: 0.013543834548586733, time: 2.545
Task index: 0, Episode number 404, energy consumption: 503.42804362742623, efficiency: 0.055496709291860534, time: 2.607
Task index: 0, Episode number 405, energy consumption: 504.82255288335654, efficiency: 0.06969791722960046, time: 2.717
Task index: 0, Episode number 406, energy consumption: 505.2701400607807, efficiency: 0.012272947258691257, time: 2.529
Task index: 0, Episode number 407, energy consumption: 506.31254691455274, efficiency: 0.03338844798882833, time: 2.855
Task index: 0, Episode number 408, energy consumption: 503.7053690068372, efficiency: 0.07109816962497867, time: 2.572
Task index: 0, Episode number 409, energy consumption: 505.1438031059929, efficiency: 0.024081101915061475, time: 2.662
Task index: 0, Episode number 410, energy consumption: 505.84850401273314, efficiency: 0.06219989790904805, time: 2.409
steps: 205000.0, episodes: 410, mean episode reward: 33.06356209129581, time: 27.036
Task index: 0, Episode number 411, energy consumption: 503.3283145325872, efficiency: 0.05259484515775567, time: 3.341
Task index: 0, Episode number 412, energy consumption: 503.30521890677574, efficiency: 0.04879442158426018, time: 2.836
Task index: 0, Episode number 413, energy consumption: 503.49840163318623, efficiency: 0.030297370481117608, time: 2.658
Task index: 0, Episode number 414, energy consumption: 503.12672881166674, efficiency: 0.06374349510660306, time: 2.6
Task index: 0, Episode number 415, energy consumption: 503.23752549528564, efficiency: 0.03421872832638394, time: 2.674
Task index: 0, Episode number 416, energy consumption: 503.50576228835706, efficiency: 0.009708156343345183, time: 2.569
Task index: 0, Episode number 417, energy consumption: 505.4613365616378, efficiency: 0.05262083803651006, time: 2.679
Task index: 0, Episode number 418, energy consumption: 505.9876896033331, efficiency: 0.05552776827722266, time: 2.784
Task index: 0, Episode number 419, energy consumption: 503.8180417915041, efficiency: 0.05934359529700908, time: 2.696
Task index: 0, Episode number 420, energy consumption: 503.16934699324946, efficiency: 0.0231889021616704, time: 2.417
steps: 210000.0, episodes: 420, mean episode reward: -262.0415709293694, time: 27.258
Task index: 0, Episode number 421, energy consumption: 502.49240670916043, efficiency: 0.023920981622519103, time: 3.071
Task index: 0, Episode number 422, energy consumption: 503.28476211099405, efficiency: 0.014023661667778598, time: 2.385
Task index: 0, Episode number 423, energy consumption: 504.3746645282754, efficiency: 0.04957071615982061, time: 2.756
Task index: 0, Episode number 424, energy consumption: 503.4299194798229, efficiency: 0.026092761756127448, time: 2.414
Task index: 0, Episode number 425, energy consumption: 504.06654318096884, efficiency: 0.05413508328680799, time: 2.677
Task index: 0, Episode number 426, energy consumption: 507.7080414196396, efficiency: 0.04202630548518256, time: 2.587
Task index: 0, Episode number 427, energy consumption: 506.4355309764239, efficiency: 0.05084868019021572, time: 2.539
Task index: 0, Episode number 428, energy consumption: 503.89658819502966, efficiency: 0.035055498380323104, time: 2.501
Task index: 0, Episode number 429, energy consumption: 502.19934399928974, efficiency: 0.0069129672409134, time: 2.755
Task index: 0, Episode number 430, energy consumption: 504.2247155482866, efficiency: 0.019641305727814733, time: 2.27
steps: 215000.0, episodes: 430, mean episode reward: -82.28687530685374, time: 25.93
Task index: 0, Episode number 431, energy consumption: 503.40539495161806, efficiency: 0.049066509770987435, time: 3.071
Task index: 0, Episode number 432, energy consumption: 505.2466136782969, efficiency: 0.05184929133465865, time: 2.591
Task index: 0, Episode number 433, energy consumption: 505.8484993392806, efficiency: 0.034472761079099794, time: 2.481
Task index: 0, Episode number 434, energy consumption: 503.15369220190365, efficiency: 0.034582719270865404, time: 2.959
Task index: 0, Episode number 435, energy consumption: 503.1709632546549, efficiency: 0.028022658361109815, time: 2.507
Task index: 0, Episode number 436, energy consumption: 504.54896325776707, efficiency: 0.032744108240817256, time: 2.488
Task index: 0, Episode number 437, energy consumption: 506.23454913557185, efficiency: 0.0698338800750675, time: 2.921
Task index: 0, Episode number 438, energy consumption: 503.88949197154534, efficiency: 0.010147374343016326, time: 2.548
Task index: 0, Episode number 439, energy consumption: 502.2062722550815, efficiency: 0.024204000818388017, time: 2.569
Task index: 0, Episode number 440, energy consumption: 504.14625971464767, efficiency: 0.05069201671002211, time: 2.813
steps: 220000.0, episodes: 440, mean episode reward: -435.96008079056, time: 26.976
Task index: 0, Episode number 441, energy consumption: 505.0398351902861, efficiency: 0.044067961645638316, time: 3.196
Task index: 0, Episode number 442, energy consumption: 505.22838287459143, efficiency: 0.0220163089620961, time: 2.535
Task index: 0, Episode number 443, energy consumption: 505.90456259145657, efficiency: 0.0203983095956577, time: 2.543
Task index: 0, Episode number 444, energy consumption: 503.8265301015326, efficiency: 0.032859030398617615, time: 2.493
Task index: 0, Episode number 445, energy consumption: 504.0414460317363, efficiency: 0.07142517839443523, time: 2.868
Task index: 0, Episode number 446, energy consumption: 504.2413752006019, efficiency: 0.06342016093156559, time: 2.518
Task index: 0, Episode number 447, energy consumption: 501.9767236812768, efficiency: 0.02833798555662986, time: 2.558
Task index: 0, Episode number 448, energy consumption: 503.21256614555267, efficiency: 0.031171765146693647, time: 2.624
Task index: 0, Episode number 449, energy consumption: 501.7802568880074, efficiency: 0.020727565132850293, time: 2.461
Task index: 0, Episode number 450, energy consumption: 503.0854373894511, efficiency: 0.04300522069833225, time: 2.371
steps: 225000.0, episodes: 450, mean episode reward: -784.134456023185, time: 26.137
Task index: 0, Episode number 451, energy consumption: 504.41278733266046, efficiency: 0.04277949935325829, time: 3.429
Task index: 0, Episode number 452, energy consumption: 505.4189141470536, efficiency: 0.013653270464644407, time: 2.629
Task index: 0, Episode number 453, energy consumption: 506.07407059003407, efficiency: 0.04640922814615794, time: 2.582
Task index: 0, Episode number 454, energy consumption: 503.7414575725508, efficiency: 0.052349265650741286, time: 2.589
Task index: 0, Episode number 455, energy consumption: 502.83539210764434, efficiency: 0.013386638204486998, time: 2.618
Task index: 0, Episode number 456, energy consumption: 504.7103047215867, efficiency: 0.06743205420887863, time: 2.548
Task index: 0, Episode number 457, energy consumption: 504.95890028256434, efficiency: 0.02453538564143526, time: 2.574
Task index: 0, Episode number 458, energy consumption: 503.95333112126133, efficiency: 0.03801522071256523, time: 2.654
Task index: 0, Episode number 459, energy consumption: 503.0474968521419, efficiency: 0.06133437254068746, time: 2.533
Task index: 0, Episode number 460, energy consumption: 503.98991578341685, efficiency: 0.05185986673637609, time: 2.618
steps: 230000.0, episodes: 460, mean episode reward: -2.7086577056251486, time: 26.786
Task index: 0, Episode number 461, energy consumption: 504.09760461835475, efficiency: 0.00941571161851647, time: 3.424
Task index: 0, Episode number 462, energy consumption: 503.8643321491486, efficiency: 0.022822331172834658, time: 2.694
Task index: 0, Episode number 463, energy consumption: 501.9381889612719, efficiency: 0.03454379319233814, time: 2.559
Task index: 0, Episode number 464, energy consumption: 503.9034384409803, efficiency: 0.05432495812420546, time: 2.534
Task index: 0, Episode number 465, energy consumption: 506.2633445828417, efficiency: 0.0341594275492571, time: 2.606
Task index: 0, Episode number 466, energy consumption: 503.8205198576218, efficiency: 0.023876269539233518, time: 2.646
Task index: 0, Episode number 467, energy consumption: 506.3044792479516, efficiency: 0.06084971014369816, time: 2.579
Task index: 0, Episode number 468, energy consumption: 503.5647521693693, efficiency: 0.040638259085045786, time: 2.309
Task index: 0, Episode number 469, energy consumption: 502.36460149905315, efficiency: 0.08007266640559023, time: 2.7
Task index: 0, Episode number 470, energy consumption: 505.7453709305934, efficiency: 0.07303012864938645, time: 2.508
steps: 235000.0, episodes: 470, mean episode reward: -302.01235960126246, time: 26.579
Task index: 0, Episode number 471, energy consumption: 504.72660300684805, efficiency: 0.02464779992829983, time: 3.379
Task index: 0, Episode number 472, energy consumption: 504.71645534303343, efficiency: 0.047245434129650016, time: 2.608
Task index: 0, Episode number 473, energy consumption: 503.2675783326995, efficiency: 0.04515390679752866, time: 2.544
Task index: 0, Episode number 474, energy consumption: 503.2811351615435, efficiency: 0.0580476120779425, time: 2.551
Task index: 0, Episode number 475, energy consumption: 504.70917457771594, efficiency: 0.055146657512594364, time: 2.566
Task index: 0, Episode number 476, energy consumption: 506.1430928779464, efficiency: 0.037855787535761604, time: 2.479
Task index: 0, Episode number 477, energy consumption: 502.8993571471219, efficiency: 0.06627545576150107, time: 2.83
Task index: 0, Episode number 478, energy consumption: 501.78769521998214, efficiency: 0.02577188243021579, time: 2.564
Task index: 0, Episode number 479, energy consumption: 502.20509309959704, efficiency: 0.04055055868778667, time: 2.411
Task index: 0, Episode number 480, energy consumption: 505.6659121243836, efficiency: 0.0657018605134536, time: 2.557
steps: 240000.0, episodes: 480, mean episode reward: -395.44433428379864, time: 26.502
Task index: 0, Episode number 481, energy consumption: 506.1108171470264, efficiency: 0.05800934047723732, time: 3.284
Task index: 0, Episode number 482, energy consumption: 506.55778171681, efficiency: 0.02890605483868436, time: 2.666
Task index: 0, Episode number 483, energy consumption: 504.57729322134486, efficiency: 0.04970090492058522, time: 2.703
Task index: 0, Episode number 484, energy consumption: 504.1599469260538, efficiency: 0.02408791022954163, time: 2.584
Task index: 0, Episode number 485, energy consumption: 503.44151353945267, efficiency: 0.020839107658248215, time: 2.492
Task index: 0, Episode number 486, energy consumption: 506.7282112916898, efficiency: 0.06276422104001018, time: 2.673
Task index: 0, Episode number 487, energy consumption: 504.41330475876094, efficiency: 0.024524315052820177, time: 2.474
Task index: 0, Episode number 488, energy consumption: 503.703938330262, efficiency: 0.04011085193672877, time: 2.787
Task index: 0, Episode number 489, energy consumption: 504.1167313361113, efficiency: 0.014324687643972942, time: 2.712
Task index: 0, Episode number 490, energy consumption: 505.90798812018016, efficiency: 0.05757647029214558, time: 2.648
steps: 245000.0, episodes: 490, mean episode reward: -671.4682025967261, time: 26.987
Task index: 0, Episode number 491, energy consumption: 503.8843043105165, efficiency: 0.054193179114779826, time: 2.993
Task index: 0, Episode number 492, energy consumption: 505.30386833691455, efficiency: 0.04006665039781364, time: 2.622
Task index: 0, Episode number 493, energy consumption: 505.01215317486066, efficiency: 0.05994038380467176, time: 2.681
Task index: 0, Episode number 494, energy consumption: 503.7406379403992, efficiency: 0.034665571226452634, time: 2.461
Task index: 0, Episode number 495, energy consumption: 504.42045134247724, efficiency: 0.07897757395347599, time: 2.588
Task index: 0, Episode number 496, energy consumption: 506.0850179690886, efficiency: 0.03361538920231282, time: 2.704
Task index: 0, Episode number 497, energy consumption: 506.03237310343303, efficiency: 0.0587831297681702, time: 2.51
Task index: 0, Episode number 498, energy consumption: 504.61744150827604, efficiency: 0.0351675144179161, time: 2.512
Task index: 0, Episode number 499, energy consumption: 503.6938297687298, efficiency: 0.03322829196577806, time: 2.817
Task index: 0, Episode number 500, energy consumption: 504.9750004477863, efficiency: 0.010583708888096854, time: 2.56
steps: 250000.0, episodes: 500, mean episode reward: -383.95583840934285, time: 26.466
Task index: 0, Episode number 501, energy consumption: 503.84380188932414, efficiency: 0.06298741554590127, time: 3.194
Task index: 0, Episode number 502, energy consumption: 509.39758818956005, efficiency: 0.030041174068368964, time: 2.512
Task index: 0, Episode number 503, energy consumption: 505.3253975517032, efficiency: 0.04151134030818207, time: 2.576
Task index: 0, Episode number 504, energy consumption: 503.2378174019312, efficiency: 0.05060214936190484, time: 2.566
Task index: 0, Episode number 505, energy consumption: 504.6275039129841, efficiency: 0.014492413797158385, time: 2.507
Task index: 0, Episode number 506, energy consumption: 508.48933327288114, efficiency: 0.05153649856338151, time: 2.581
Task index: 0, Episode number 507, energy consumption: 504.4436261873445, efficiency: 0.039237749337803544, time: 2.604
Task index: 0, Episode number 508, energy consumption: 503.93265556005, efficiency: 0.04273765067281528, time: 2.564
Task index: 0, Episode number 509, energy consumption: 506.07179898874847, efficiency: 0.040378426812451115, time: 2.514
Task index: 0, Episode number 510, energy consumption: 504.4949652805589, efficiency: 0.05343590191819497, time: 3.364
steps: 255000.0, episodes: 510, mean episode reward: -712.713347868121, time: 27.006
Task index: 0, Episode number 511, energy consumption: 502.2048470620143, efficiency: 0.04403084861485341, time: 3.132
Task index: 0, Episode number 512, energy consumption: 502.2183875052713, efficiency: 0.011818658072352224, time: 2.487
Task index: 0, Episode number 513, energy consumption: 505.2621024417943, efficiency: 0.05544859533304112, time: 2.402
Task index: 0, Episode number 514, energy consumption: 507.31760343111415, efficiency: 0.024499473531159888, time: 2.377
Task index: 0, Episode number 515, energy consumption: 504.1477584877569, efficiency: 0.06298391244191709, time: 2.591
Task index: 0, Episode number 516, energy consumption: 504.887857267639, efficiency: 0.060686879786849016, time: 2.585
Task index: 0, Episode number 517, energy consumption: 504.13270463063094, efficiency: 0.026005705817412843, time: 2.491
Task index: 0, Episode number 518, energy consumption: 503.23240225204995, efficiency: 0.08231825774596456, time: 2.502
Task index: 0, Episode number 519, energy consumption: 507.25422556714926, efficiency: 0.05052588075582581, time: 2.429
Task index: 0, Episode number 520, energy consumption: 502.72627704631276, efficiency: 0.031467773581711204, time: 2.453
steps: 260000.0, episodes: 520, mean episode reward: -193.01107140191078, time: 25.383
Task index: 0, Episode number 521, energy consumption: 505.3671092416414, efficiency: 0.05343051995088675, time: 3.09
Task index: 0, Episode number 522, energy consumption: 511.18651116801294, efficiency: 0.024349569018309265, time: 2.394
Task index: 0, Episode number 523, energy consumption: 506.25394460859746, efficiency: 0.059559828242866125, time: 2.303
Task index: 0, Episode number 524, energy consumption: 504.3148474874411, efficiency: 0.0074050309435774245, time: 2.435
Task index: 0, Episode number 525, energy consumption: 504.5331082057114, efficiency: 0.05934008005077741, time: 2.523
Task index: 0, Episode number 526, energy consumption: 505.9122286801987, efficiency: 0.0339697146653563, time: 2.531
Task index: 0, Episode number 527, energy consumption: 505.9591938808888, efficiency: 0.02090966528423395, time: 2.414
Task index: 0, Episode number 528, energy consumption: 503.8317829084687, efficiency: 0.027431873033954668, time: 2.495
Task index: 0, Episode number 529, energy consumption: 502.8666329353096, efficiency: 0.04444682061782419, time: 2.468
Task index: 0, Episode number 530, energy consumption: 501.9570560028059, efficiency: 0.052037536408755476, time: 2.46
steps: 265000.0, episodes: 530, mean episode reward: -474.6768696600475, time: 25.141
Task index: 0, Episode number 531, energy consumption: 504.4582206150273, efficiency: 0.06865210215201328, time: 3.408
Task index: 0, Episode number 532, energy consumption: 505.3035697686555, efficiency: 0.06355258831936851, time: 2.461
Task index: 0, Episode number 533, energy consumption: 503.44885196869814, efficiency: 0.03989204397030003, time: 2.339
Task index: 0, Episode number 534, energy consumption: 502.5372337416073, efficiency: 0.05167952063009905, time: 2.295
Task index: 0, Episode number 535, energy consumption: 503.82200319498617, efficiency: 0.016583870719722726, time: 2.328
Task index: 0, Episode number 536, energy consumption: 502.55230433407905, efficiency: 0.036285723110853846, time: 2.511
Task index: 0, Episode number 537, energy consumption: 507.8362050119649, efficiency: 0.06119830418803631, time: 2.478
Task index: 0, Episode number 538, energy consumption: 505.21468128092323, efficiency: 0.04550068775425726, time: 2.377
Task index: 0, Episode number 539, energy consumption: 504.5886224797646, efficiency: 0.061364526157472545, time: 2.453
Task index: 0, Episode number 540, energy consumption: 508.51951121206656, efficiency: 0.03202458961510301, time: 2.387
steps: 270000.0, episodes: 540, mean episode reward: -200.31097837729445, time: 25.014
Task index: 0, Episode number 541, energy consumption: 505.60658660467044, efficiency: 0.01920418659741546, time: 3.223
Task index: 0, Episode number 542, energy consumption: 506.1069445363856, efficiency: 0.04093702215183468, time: 2.446
Task index: 0, Episode number 543, energy consumption: 504.51331643186677, efficiency: 0.04975407532380956, time: 2.5
Task index: 0, Episode number 544, energy consumption: 503.3348463415737, efficiency: 0.032517822200965704, time: 2.337
Task index: 0, Episode number 545, energy consumption: 504.9151029160232, efficiency: 0.017186080611688106, time: 2.468
Task index: 0, Episode number 546, energy consumption: 502.6213949961882, efficiency: 0.02920758458170795, time: 2.435
Task index: 0, Episode number 547, energy consumption: 504.80497617617334, efficiency: 0.05761466807650604, time: 2.616
Task index: 0, Episode number 548, energy consumption: 501.8970425301191, efficiency: 0.01417325355728969, time: 2.525
Task index: 0, Episode number 549, energy consumption: 502.5556052719431, efficiency: 0.04293938681857306, time: 2.403
Task index: 0, Episode number 550, energy consumption: 506.5806493271607, efficiency: 0.027059269416751356, time: 2.429
steps: 275000.0, episodes: 550, mean episode reward: -969.9515776220321, time: 25.382
Task index: 0, Episode number 551, energy consumption: 503.46598288149806, efficiency: 0.014729918452137555, time: 2.912
Task index: 0, Episode number 552, energy consumption: 504.78735480557475, efficiency: 0.051102203942634726, time: 2.524
Task index: 0, Episode number 553, energy consumption: 504.2914211600437, efficiency: 0.033929642632153034, time: 2.428
Task index: 0, Episode number 554, energy consumption: 506.35693523621785, efficiency: 0.054411872207015474, time: 2.51
Task index: 0, Episode number 555, energy consumption: 503.7623588041807, efficiency: 0.054175782259198446, time: 2.261
Task index: 0, Episode number 556, energy consumption: 506.6953343484415, efficiency: 0.05713371614907352, time: 2.303
Task index: 0, Episode number 557, energy consumption: 504.7588640178528, efficiency: 0.07177763183379449, time: 2.452
Task index: 0, Episode number 558, energy consumption: 502.23822858847575, efficiency: 0.009647533277261639, time: 2.527
Task index: 0, Episode number 559, energy consumption: 503.9750166454616, efficiency: 0.06331698092660541, time: 2.476
Task index: 0, Episode number 560, energy consumption: 503.8682999332077, efficiency: 0.04374614855948979, time: 2.404
steps: 280000.0, episodes: 560, mean episode reward: -458.29998112666243, time: 24.809
Task index: 0, Episode number 561, energy consumption: 507.21202785769884, efficiency: 0.06040231132833034, time: 3.09
Task index: 0, Episode number 562, energy consumption: 504.26584160152794, efficiency: 0.05840360392600714, time: 2.483
Task index: 0, Episode number 563, energy consumption: 503.28618152972984, efficiency: 0.05713160264992511, time: 2.507
Task index: 0, Episode number 564, energy consumption: 505.6366461609911, efficiency: 0.09206333572458177, time: 2.493
Task index: 0, Episode number 565, energy consumption: 503.7987488752596, efficiency: 0.016367196080920004, time: 2.391
Task index: 0, Episode number 566, energy consumption: 504.8837463665632, efficiency: 0.025938415402051107, time: 2.397
Task index: 0, Episode number 567, energy consumption: 503.9998406719781, efficiency: 0.05252574159134136, time: 2.334
Task index: 0, Episode number 568, energy consumption: 506.5547681093806, efficiency: 0.05790729842711671, time: 2.433
Task index: 0, Episode number 569, energy consumption: 503.3048067624825, efficiency: 0.0542533382900171, time: 2.556
Task index: 0, Episode number 570, energy consumption: 502.9691750903114, efficiency: 0.050379315673763754, time: 2.348
steps: 285000.0, episodes: 570, mean episode reward: -425.2362884832679, time: 25.041
Task index: 0, Episode number 571, energy consumption: 505.8686033261547, efficiency: 0.0394592960432906, time: 2.921
Task index: 0, Episode number 572, energy consumption: 506.2873809480134, efficiency: 0.04327305007094367, time: 2.415
Task index: 0, Episode number 573, energy consumption: 503.2228878368225, efficiency: 0.006316672488081995, time: 2.376
Task index: 0, Episode number 574, energy consumption: 502.48858147230777, efficiency: 0.05915350445824893, time: 2.668
Task index: 0, Episode number 575, energy consumption: 502.2662521845878, efficiency: 0.020046480903434027, time: 2.337
Task index: 0, Episode number 576, energy consumption: 503.4428515633442, efficiency: 0.01823633216849287, time: 2.394
Task index: 0, Episode number 577, energy consumption: 503.3289389259485, efficiency: 0.037571521156108977, time: 2.412
Task index: 0, Episode number 578, energy consumption: 506.37497007888487, efficiency: 0.042955282194872345, time: 2.358
Task index: 0, Episode number 579, energy consumption: 504.53421269196775, efficiency: 0.04495977639940687, time: 2.435
Task index: 0, Episode number 580, energy consumption: 505.22561712420367, efficiency: 0.042322157064477575, time: 2.589
steps: 290000.0, episodes: 580, mean episode reward: -639.6655632554802, time: 24.927
Task index: 0, Episode number 581, energy consumption: 502.8602095535368, efficiency: 0.03623315457477261, time: 3.057
Task index: 0, Episode number 582, energy consumption: 504.0222403494162, efficiency: 0.012942697973171649, time: 2.395
Task index: 0, Episode number 583, energy consumption: 505.54698183256454, efficiency: 0.06329685334485971, time: 2.438
Task index: 0, Episode number 584, energy consumption: 504.37889263097276, efficiency: 0.06031226539017415, time: 2.303
Task index: 0, Episode number 585, energy consumption: 506.0756405536675, efficiency: 0.025666106186247224, time: 2.615
Task index: 0, Episode number 586, energy consumption: 503.3279843958672, efficiency: 0.012941659923626633, time: 2.418
Task index: 0, Episode number 587, energy consumption: 502.28700556484847, efficiency: 0.04712779731378032, time: 2.446
Task index: 0, Episode number 588, energy consumption: 502.97674274128025, efficiency: 0.06674598617050903, time: 2.441
Task index: 0, Episode number 589, energy consumption: 503.076268499993, efficiency: 0.05434716190247759, time: 2.445
Task index: 0, Episode number 590, energy consumption: 503.2992363450321, efficiency: 0.04274288045181532, time: 2.362
steps: 295000.0, episodes: 590, mean episode reward: -624.5187859712224, time: 24.868
Task index: 0, Episode number 591, energy consumption: 502.6208852453023, efficiency: 0.05818787198434372, time: 3.338
Task index: 0, Episode number 592, energy consumption: 502.3992573256175, efficiency: 0.05636431237314117, time: 2.404
Task index: 0, Episode number 593, energy consumption: 502.0437386607088, efficiency: 0.015794390340280965, time: 2.347
Task index: 0, Episode number 594, energy consumption: 504.8931013370673, efficiency: 0.011864241839010118, time: 2.435
Task index: 0, Episode number 595, energy consumption: 504.7615329263851, efficiency: 0.04740013075417159, time: 2.601
Task index: 0, Episode number 596, energy consumption: 505.086545749031, efficiency: 0.027748828581616668, time: 2.509
Task index: 0, Episode number 597, energy consumption: 506.2759532286422, efficiency: 0.0683342444921222, time: 2.445
Task index: 0, Episode number 598, energy consumption: 503.1433110509977, efficiency: 0.007359142964881219, time: 2.389
Task index: 0, Episode number 599, energy consumption: 502.0419082521119, efficiency: 0.04648462740018499, time: 2.92
Task index: 0, Episode number 600, energy consumption: 502.33079234435576, efficiency: 0.05235017494019178, time: 2.607
steps: 300000.0, episodes: 600, mean episode reward: -608.9804566306678, time: 25.995
...Finished total of 601 episodes.
